{"C:\\Users\\dhava\\OneDrive\\Desktop\\SD Project\\const-arch-app\\backend\\db.js": {"path":"C:\\Users\\dhava\\OneDrive\\Desktop\\SD Project\\const-arch-app\\backend\\db.js","statementMap":{"0":{"start":{"line":2,"column":14},"end":{"line":2,"column":39}},"1":{"start":{"line":4,"column":23},"end":{"line":4,"column":58}},"2":{"start":{"line":6,"column":0},"end":{"line":8,"column":3}},"3":{"start":{"line":10,"column":11},"end":{"line":10,"column":28}},"4":{"start":{"line":12,"column":0},"end":{"line":15,"column":2}}},"fnMap":{},"branchMap":{},"s":{"0":2,"1":2,"2":2,"3":2,"4":2},"f":{},"b":{},"_coverageSchema":"1a1c01bbd47fc00a2c39e90264f33305004495a9","hash":"cdbf8801bc2d0a274c24af09bff684c15d698de9"}
,"C:\\Users\\dhava\\OneDrive\\Desktop\\SD Project\\const-arch-app\\backend\\controllers\\bookmarkController.js": {"path":"C:\\Users\\dhava\\OneDrive\\Desktop\\SD Project\\const-arch-app\\backend\\controllers\\bookmarkController.js","statementMap":{"0":{"start":{"line":3,"column":15},"end":{"line":3,"column":31}},"1":{"start":{"line":4,"column":17},"end":{"line":4,"column":46}},"2":{"start":{"line":6,"column":20},"end":{"line":20,"column":1}},"3":{"start":{"line":7,"column":4},"end":{"line":19,"column":5}},"4":{"start":{"line":8,"column":8},"end":{"line":8,"column":47}},"5":{"start":{"line":9,"column":21},"end":{"line":9,"column":29}},"6":{"start":{"line":10,"column":8},"end":{"line":10,"column":48}},"7":{"start":{"line":13,"column":8},"end":{"line":13,"column":44}},"8":{"start":{"line":14,"column":8},"end":{"line":14,"column":56}},"9":{"start":{"line":15,"column":8},"end":{"line":15,"column":49}},"10":{"start":{"line":17,"column":8},"end":{"line":17,"column":61}},"11":{"start":{"line":18,"column":8},"end":{"line":18,"column":44}},"12":{"start":{"line":22,"column":0},"end":{"line":24,"column":2}}},"fnMap":{"0":{"name":"(anonymous_0)","decl":{"start":{"line":6,"column":20},"end":{"line":6,"column":21}},"loc":{"start":{"line":6,"column":46},"end":{"line":20,"column":1}},"line":6}},"branchMap":{},"s":{"0":1,"1":1,"2":1,"3":0,"4":0,"5":0,"6":0,"7":0,"8":0,"9":0,"10":0,"11":0,"12":1},"f":{"0":0},"b":{},"_coverageSchema":"1a1c01bbd47fc00a2c39e90264f33305004495a9","hash":"9d333ee053c84aa9f27e5bff3524a035efa3a6d3"}
,"C:\\Users\\dhava\\OneDrive\\Desktop\\SD Project\\const-arch-app\\backend\\controllers\\directoryController.js": {"path":"C:\\Users\\dhava\\OneDrive\\Desktop\\SD Project\\const-arch-app\\backend\\controllers\\directoryController.js","statementMap":{"0":{"start":{"line":3,"column":15},"end":{"line":3,"column":31}},"1":{"start":{"line":4,"column":18},"end":{"line":4,"column":48}},"2":{"start":{"line":6,"column":21},"end":{"line":25,"column":1}},"3":{"start":{"line":7,"column":4},"end":{"line":24,"column":5}},"4":{"start":{"line":8,"column":8},"end":{"line":8,"column":47}},"5":{"start":{"line":9,"column":21},"end":{"line":9,"column":29}},"6":{"start":{"line":10,"column":8},"end":{"line":10,"column":48}},"7":{"start":{"line":12,"column":8},"end":{"line":14,"column":9}},"8":{"start":{"line":13,"column":12},"end":{"line":13,"column":99}},"9":{"start":{"line":16,"column":8},"end":{"line":16,"column":44}},"10":{"start":{"line":19,"column":8},"end":{"line":19,"column":57}},"11":{"start":{"line":20,"column":8},"end":{"line":20,"column":50}},"12":{"start":{"line":22,"column":8},"end":{"line":22,"column":64}},"13":{"start":{"line":23,"column":8},"end":{"line":23,"column":73}},"14":{"start":{"line":27,"column":0},"end":{"line":29,"column":2}}},"fnMap":{"0":{"name":"(anonymous_0)","decl":{"start":{"line":6,"column":21},"end":{"line":6,"column":22}},"loc":{"start":{"line":6,"column":47},"end":{"line":25,"column":1}},"line":6}},"branchMap":{"0":{"loc":{"start":{"line":12,"column":8},"end":{"line":14,"column":9}},"type":"if","locations":[{"start":{"line":12,"column":8},"end":{"line":14,"column":9}},{"start":{},"end":{}}],"line":12},"1":{"loc":{"start":{"line":12,"column":12},"end":{"line":12,"column":81}},"type":"binary-expr","locations":[{"start":{"line":12,"column":12},"end":{"line":12,"column":17}},{"start":{"line":12,"column":21},"end":{"line":12,"column":29}},{"start":{"line":12,"column":33},"end":{"line":12,"column":43}},{"start":{"line":12,"column":47},"end":{"line":12,"column":62}},{"start":{"line":12,"column":66},"end":{"line":12,"column":81}}],"line":12}},"s":{"0":1,"1":1,"2":1,"3":0,"4":0,"5":0,"6":0,"7":0,"8":0,"9":0,"10":0,"11":0,"12":0,"13":0,"14":1},"f":{"0":0},"b":{"0":[0,0],"1":[0,0,0,0,0]},"_coverageSchema":"1a1c01bbd47fc00a2c39e90264f33305004495a9","hash":"2c7b022f6dfdd568e3fa21e61ca8c306b34df171"}
,"C:\\Users\\dhava\\OneDrive\\Desktop\\SD Project\\const-arch-app\\backend\\controllers\\settingsUpdate.js": {"path":"C:\\Users\\dhava\\OneDrive\\Desktop\\SD Project\\const-arch-app\\backend\\controllers\\settingsUpdate.js","statementMap":{"0":{"start":{"line":1,"column":16},"end":{"line":1,"column":34}},"1":{"start":{"line":2,"column":15},"end":{"line":2,"column":31}},"2":{"start":{"line":4,"column":18},"end":{"line":4,"column":34}},"3":{"start":{"line":5,"column":20},"end":{"line":5,"column":44}},"4":{"start":{"line":7,"column":0},"end":{"line":28,"column":3}},"5":{"start":{"line":8,"column":20},"end":{"line":8,"column":28}},"6":{"start":{"line":9,"column":48},"end":{"line":9,"column":56}},"7":{"start":{"line":11,"column":4},"end":{"line":27,"column":5}},"8":{"start":{"line":12,"column":27},"end":{"line":12,"column":29}},"9":{"start":{"line":13,"column":8},"end":{"line":13,"column":44}},"10":{"start":{"line":13,"column":19},"end":{"line":13,"column":44}},"11":{"start":{"line":14,"column":8},"end":{"line":14,"column":59}},"12":{"start":{"line":14,"column":25},"end":{"line":14,"column":59}},"13":{"start":{"line":15,"column":8},"end":{"line":15,"column":62}},"14":{"start":{"line":15,"column":25},"end":{"line":15,"column":62}},"15":{"start":{"line":17,"column":8},"end":{"line":19,"column":9}},"16":{"start":{"line":18,"column":12},"end":{"line":18,"column":67}},"17":{"start":{"line":21,"column":8},"end":{"line":21,"column":55}},"18":{"start":{"line":23,"column":8},"end":{"line":23,"column":75}},"19":{"start":{"line":25,"column":8},"end":{"line":25,"column":47}},"20":{"start":{"line":26,"column":8},"end":{"line":26,"column":55}},"21":{"start":{"line":30,"column":0},"end":{"line":30,"column":28}}},"fnMap":{"0":{"name":"(anonymous_0)","decl":{"start":{"line":7,"column":40},"end":{"line":7,"column":41}},"loc":{"start":{"line":7,"column":60},"end":{"line":28,"column":1}},"line":7}},"branchMap":{"0":{"loc":{"start":{"line":13,"column":8},"end":{"line":13,"column":44}},"type":"if","locations":[{"start":{"line":13,"column":8},"end":{"line":13,"column":44}},{"start":{},"end":{}}],"line":13},"1":{"loc":{"start":{"line":14,"column":8},"end":{"line":14,"column":59}},"type":"if","locations":[{"start":{"line":14,"column":8},"end":{"line":14,"column":59}},{"start":{},"end":{}}],"line":14},"2":{"loc":{"start":{"line":15,"column":8},"end":{"line":15,"column":62}},"type":"if","locations":[{"start":{"line":15,"column":8},"end":{"line":15,"column":62}},{"start":{},"end":{}}],"line":15},"3":{"loc":{"start":{"line":17,"column":8},"end":{"line":19,"column":9}},"type":"if","locations":[{"start":{"line":17,"column":8},"end":{"line":19,"column":9}},{"start":{},"end":{}}],"line":17}},"s":{"0":1,"1":1,"2":1,"3":1,"4":1,"5":2,"6":2,"7":2,"8":2,"9":2,"10":1,"11":2,"12":0,"13":2,"14":1,"15":2,"16":1,"17":1,"18":1,"19":0,"20":0,"21":1},"f":{"0":2},"b":{"0":[1,1],"1":[0,2],"2":[1,1],"3":[1,1]},"_coverageSchema":"1a1c01bbd47fc00a2c39e90264f33305004495a9","hash":"b48d209dd6b477489a71b3094ea338da6540d444"}
,"C:\\Users\\dhava\\OneDrive\\Desktop\\SD Project\\const-arch-app\\backend\\controllers\\uploadController.js": {"path":"C:\\Users\\dhava\\OneDrive\\Desktop\\SD Project\\const-arch-app\\backend\\controllers\\uploadController.js","statementMap":{"0":{"start":{"line":3,"column":13},"end":{"line":3,"column":29}},"1":{"start":{"line":4,"column":15},"end":{"line":4,"column":42}},"2":{"start":{"line":6,"column":18},"end":{"line":15,"column":1}},"3":{"start":{"line":7,"column":4},"end":{"line":14,"column":5}},"4":{"start":{"line":8,"column":21},"end":{"line":8,"column":29}},"5":{"start":{"line":9,"column":8},"end":{"line":9,"column":54}},"6":{"start":{"line":10,"column":8},"end":{"line":10,"column":47}},"7":{"start":{"line":12,"column":8},"end":{"line":12,"column":61}},"8":{"start":{"line":13,"column":8},"end":{"line":13,"column":44}},"9":{"start":{"line":17,"column":0},"end":{"line":19,"column":2}}},"fnMap":{"0":{"name":"(anonymous_0)","decl":{"start":{"line":6,"column":18},"end":{"line":6,"column":19}},"loc":{"start":{"line":6,"column":44},"end":{"line":15,"column":1}},"line":6}},"branchMap":{},"s":{"0":1,"1":1,"2":1,"3":0,"4":0,"5":0,"6":0,"7":0,"8":0,"9":1},"f":{"0":0},"b":{},"_coverageSchema":"1a1c01bbd47fc00a2c39e90264f33305004495a9","hash":"61aeeffa2baa175ccb63bcf6f2938a77bb2d1904"}
,"C:\\Users\\dhava\\OneDrive\\Desktop\\SD Project\\const-arch-app\\backend\\controllers\\userController.js": {"path":"C:\\Users\\dhava\\OneDrive\\Desktop\\SD Project\\const-arch-app\\backend\\controllers\\userController.js","statementMap":{"0":{"start":{"line":3,"column":15},"end":{"line":3,"column":31}},"1":{"start":{"line":5,"column":16},"end":{"line":32,"column":1}},"2":{"start":{"line":6,"column":4},"end":{"line":31,"column":5}},"3":{"start":{"line":7,"column":21},"end":{"line":7,"column":29}},"4":{"start":{"line":8,"column":21},"end":{"line":16,"column":9}},"5":{"start":{"line":18,"column":31},"end":{"line":18,"column":53}},"6":{"start":{"line":19,"column":8},"end":{"line":21,"column":9}},"7":{"start":{"line":20,"column":12},"end":{"line":20,"column":96}},"8":{"start":{"line":23,"column":26},"end":{"line":23,"column":104}},"9":{"start":{"line":24,"column":8},"end":{"line":24,"column":56}},"10":{"start":{"line":26,"column":8},"end":{"line":26,"column":61}},"11":{"start":{"line":27,"column":8},"end":{"line":27,"column":57}},"12":{"start":{"line":29,"column":8},"end":{"line":29,"column":59}},"13":{"start":{"line":30,"column":8},"end":{"line":30,"column":68}},"14":{"start":{"line":34,"column":0},"end":{"line":36,"column":2}}},"fnMap":{"0":{"name":"(anonymous_0)","decl":{"start":{"line":5,"column":16},"end":{"line":5,"column":17}},"loc":{"start":{"line":5,"column":36},"end":{"line":32,"column":1}},"line":5}},"branchMap":{"0":{"loc":{"start":{"line":10,"column":18},"end":{"line":10,"column":33}},"type":"binary-expr","locations":[{"start":{"line":10,"column":18},"end":{"line":10,"column":27}},{"start":{"line":10,"column":31},"end":{"line":10,"column":33}}],"line":10},"1":{"loc":{"start":{"line":13,"column":22},"end":{"line":13,"column":41}},"type":"binary-expr","locations":[{"start":{"line":13,"column":22},"end":{"line":13,"column":35}},{"start":{"line":13,"column":39},"end":{"line":13,"column":41}}],"line":13},"2":{"loc":{"start":{"line":19,"column":8},"end":{"line":21,"column":9}},"type":"if","locations":[{"start":{"line":19,"column":8},"end":{"line":21,"column":9}},{"start":{},"end":{}}],"line":19}},"s":{"0":2,"1":2,"2":3,"3":3,"4":3,"5":3,"6":3,"7":1,"8":2,"9":2,"10":2,"11":1,"12":1,"13":1,"14":2},"f":{"0":3},"b":{"0":[3,0],"1":[3,3],"2":[1,2]},"_coverageSchema":"1a1c01bbd47fc00a2c39e90264f33305004495a9","hash":"676102fa2dbc80b0b44063aafde458e68627c2ac"}
,"C:\\Users\\dhava\\OneDrive\\Desktop\\SD Project\\const-arch-app\\backend\\controllers\\verifyToken.js": {"path":"C:\\Users\\dhava\\OneDrive\\Desktop\\SD Project\\const-arch-app\\backend\\controllers\\verifyToken.js","statementMap":{"0":{"start":{"line":2,"column":18},"end":{"line":2,"column":34}},"1":{"start":{"line":4,"column":20},"end":{"line":21,"column":1}},"2":{"start":{"line":5,"column":23},"end":{"line":5,"column":48}},"3":{"start":{"line":7,"column":4},"end":{"line":9,"column":5}},"4":{"start":{"line":8,"column":8},"end":{"line":8,"column":83}},"5":{"start":{"line":11,"column":18},"end":{"line":11,"column":48}},"6":{"start":{"line":13,"column":4},"end":{"line":20,"column":5}},"7":{"start":{"line":14,"column":29},"end":{"line":14,"column":68}},"8":{"start":{"line":15,"column":8},"end":{"line":15,"column":32}},"9":{"start":{"line":16,"column":8},"end":{"line":16,"column":15}},"10":{"start":{"line":18,"column":8},"end":{"line":18,"column":59}},"11":{"start":{"line":19,"column":8},"end":{"line":19,"column":79}},"12":{"start":{"line":23,"column":0},"end":{"line":23,"column":29}}},"fnMap":{"0":{"name":"(anonymous_0)","decl":{"start":{"line":4,"column":20},"end":{"line":4,"column":21}},"loc":{"start":{"line":4,"column":46},"end":{"line":21,"column":1}},"line":4}},"branchMap":{"0":{"loc":{"start":{"line":7,"column":4},"end":{"line":9,"column":5}},"type":"if","locations":[{"start":{"line":7,"column":4},"end":{"line":9,"column":5}},{"start":{},"end":{}}],"line":7},"1":{"loc":{"start":{"line":7,"column":8},"end":{"line":7,"column":56}},"type":"binary-expr","locations":[{"start":{"line":7,"column":8},"end":{"line":7,"column":19}},{"start":{"line":7,"column":23},"end":{"line":7,"column":56}}],"line":7}},"s":{"0":1,"1":1,"2":3,"3":3,"4":1,"5":2,"6":2,"7":2,"8":2,"9":2,"10":0,"11":0,"12":1},"f":{"0":3},"b":{"0":[1,2],"1":[3,2]},"_coverageSchema":"1a1c01bbd47fc00a2c39e90264f33305004495a9","hash":"b0d1918672a3a6e40085f3084034b558d4048251"}
,"C:\\Users\\dhava\\OneDrive\\Desktop\\SD Project\\const-arch-app\\backend\\routes\\bookmark-routes.js": {"path":"C:\\Users\\dhava\\OneDrive\\Desktop\\SD Project\\const-arch-app\\backend\\routes\\bookmark-routes.js","statementMap":{"0":{"start":{"line":1,"column":16},"end":{"line":1,"column":34}},"1":{"start":{"line":2,"column":24},"end":{"line":2,"column":68}},"2":{"start":{"line":4,"column":15},"end":{"line":4,"column":31}},"3":{"start":{"line":6,"column":0},"end":{"line":6,"column":38}},"4":{"start":{"line":8,"column":0},"end":{"line":10,"column":2}}},"fnMap":{},"branchMap":{},"s":{"0":1,"1":1,"2":1,"3":1,"4":1},"f":{},"b":{},"_coverageSchema":"1a1c01bbd47fc00a2c39e90264f33305004495a9","hash":"30e2d790ce38b8cb34e0a43e3bbe6857e5ffdf38"}
,"C:\\Users\\dhava\\OneDrive\\Desktop\\SD Project\\const-arch-app\\backend\\routes\\directory-routes.js": {"path":"C:\\Users\\dhava\\OneDrive\\Desktop\\SD Project\\const-arch-app\\backend\\routes\\directory-routes.js","statementMap":{"0":{"start":{"line":1,"column":16},"end":{"line":1,"column":34}},"1":{"start":{"line":2,"column":25},"end":{"line":2,"column":70}},"2":{"start":{"line":4,"column":15},"end":{"line":4,"column":31}},"3":{"start":{"line":6,"column":0},"end":{"line":6,"column":40}},"4":{"start":{"line":8,"column":0},"end":{"line":10,"column":2}}},"fnMap":{},"branchMap":{},"s":{"0":1,"1":1,"2":1,"3":1,"4":1},"f":{},"b":{},"_coverageSchema":"1a1c01bbd47fc00a2c39e90264f33305004495a9","hash":"c4928bd4c1771cba73c768061715590eef4b64fa"}
,"C:\\Users\\dhava\\OneDrive\\Desktop\\SD Project\\const-arch-app\\backend\\routes\\settings-routes.js": {"path":"C:\\Users\\dhava\\OneDrive\\Desktop\\SD Project\\const-arch-app\\backend\\routes\\settings-routes.js","statementMap":{"0":{"start":{"line":2,"column":16},"end":{"line":2,"column":34}},"1":{"start":{"line":3,"column":19},"end":{"line":3,"column":59}},"2":{"start":{"line":5,"column":23},"end":{"line":5,"column":39}},"3":{"start":{"line":8,"column":0},"end":{"line":8,"column":40}},"4":{"start":{"line":10,"column":0},"end":{"line":12,"column":2}}},"fnMap":{},"branchMap":{},"s":{"0":1,"1":1,"2":1,"3":1,"4":1},"f":{},"b":{},"_coverageSchema":"1a1c01bbd47fc00a2c39e90264f33305004495a9","hash":"86aceca8e5d240d9791c1b4351c05f9c860d06e4"}
,"C:\\Users\\dhava\\OneDrive\\Desktop\\SD Project\\const-arch-app\\backend\\routes\\upload-routes.js": {"path":"C:\\Users\\dhava\\OneDrive\\Desktop\\SD Project\\const-arch-app\\backend\\routes\\upload-routes.js","statementMap":{"0":{"start":{"line":1,"column":16},"end":{"line":1,"column":34}},"1":{"start":{"line":2,"column":22},"end":{"line":2,"column":64}},"2":{"start":{"line":4,"column":15},"end":{"line":4,"column":31}},"3":{"start":{"line":6,"column":0},"end":{"line":6,"column":34}},"4":{"start":{"line":8,"column":0},"end":{"line":10,"column":2}}},"fnMap":{},"branchMap":{},"s":{"0":1,"1":1,"2":1,"3":1,"4":1},"f":{},"b":{},"_coverageSchema":"1a1c01bbd47fc00a2c39e90264f33305004495a9","hash":"76e6a2cab78755703b6f64d64255083010c3c9ef"}
,"C:\\Users\\dhava\\OneDrive\\Desktop\\SD Project\\const-arch-app\\backend\\routes\\user-routes.js": {"path":"C:\\Users\\dhava\\OneDrive\\Desktop\\SD Project\\const-arch-app\\backend\\routes\\user-routes.js","statementMap":{"0":{"start":{"line":2,"column":16},"end":{"line":2,"column":34}},"1":{"start":{"line":3,"column":20},"end":{"line":3,"column":60}},"2":{"start":{"line":5,"column":15},"end":{"line":5,"column":31}},"3":{"start":{"line":7,"column":0},"end":{"line":7,"column":30}},"4":{"start":{"line":9,"column":0},"end":{"line":11,"column":1}}},"fnMap":{},"branchMap":{},"s":{"0":1,"1":1,"2":1,"3":1,"4":1},"f":{},"b":{},"_coverageSchema":"1a1c01bbd47fc00a2c39e90264f33305004495a9","hash":"20d4498fa3adf449092456072a197832a28bc266"}
,"C:\\Users\\dhava\\OneDrive\\Desktop\\SD Project\\const-arch-app\\frontend\\src\\Firebase\\authorisation.js": {"path":"C:\\Users\\dhava\\OneDrive\\Desktop\\SD Project\\const-arch-app\\frontend\\src\\Firebase\\authorisation.js","statementMap":{"0":{"start":{"line":15,"column":17},"end":{"line":15,"column":76}},"1":{"start":{"line":18,"column":29},"end":{"line":23,"column":2}},"2":{"start":{"line":18,"column":40},"end":{"line":23,"column":1}},"3":{"start":{"line":26,"column":2},"end":{"line":26,"column":55}},"4":{"start":{"line":26,"column":14},"end":{"line":26,"column":55}},"5":{"start":{"line":27,"column":2},"end":{"line":27,"column":61}},"6":{"start":{"line":27,"column":17},"end":{"line":27,"column":61}},"7":{"start":{"line":29,"column":25},"end":{"line":29,"column":84}},"8":{"start":{"line":30,"column":15},"end":{"line":30,"column":34}},"9":{"start":{"line":32,"column":2},"end":{"line":35,"column":3}},"10":{"start":{"line":33,"column":4},"end":{"line":33,"column":53}},"11":{"start":{"line":34,"column":4},"end":{"line":34,"column":28}},"12":{"start":{"line":37,"column":24},"end":{"line":37,"column":50}},"13":{"start":{"line":38,"column":2},"end":{"line":38,"column":58}},"14":{"start":{"line":40,"column":2},"end":{"line":40,"column":14}},"15":{"start":{"line":44,"column":2},"end":{"line":44,"column":55}},"16":{"start":{"line":44,"column":14},"end":{"line":44,"column":55}},"17":{"start":{"line":45,"column":2},"end":{"line":45,"column":61}},"18":{"start":{"line":45,"column":17},"end":{"line":45,"column":61}},"19":{"start":{"line":47,"column":26},"end":{"line":47,"column":81}},"20":{"start":{"line":48,"column":2},"end":{"line":48,"column":30}},"21":{"start":{"line":52,"column":17},"end":{"line":52,"column":54}},"22":{"start":{"line":53,"column":15},"end":{"line":53,"column":26}},"23":{"start":{"line":55,"column":21},"end":{"line":55,"column":47}},"24":{"start":{"line":56,"column":22},"end":{"line":56,"column":46}},"25":{"start":{"line":58,"column":2},"end":{"line":61,"column":3}},"26":{"start":{"line":59,"column":26},"end":{"line":59,"column":52}},"27":{"start":{"line":60,"column":4},"end":{"line":60,"column":60}},"28":{"start":{"line":63,"column":2},"end":{"line":63,"column":14}},"29":{"start":{"line":66,"column":28},"end":{"line":79,"column":1}},"30":{"start":{"line":67,"column":19},"end":{"line":67,"column":28}},"31":{"start":{"line":68,"column":2},"end":{"line":78,"column":3}},"32":{"start":{"line":69,"column":4},"end":{"line":69,"column":28}},"33":{"start":{"line":70,"column":4},"end":{"line":70,"column":18}},"34":{"start":{"line":71,"column":4},"end":{"line":71,"column":36}},"35":{"start":{"line":72,"column":4},"end":{"line":75,"column":7}},"36":{"start":{"line":77,"column":4},"end":{"line":77,"column":47}}},"fnMap":{"0":{"name":"(anonymous_0)","decl":{"start":{"line":18,"column":29},"end":{"line":18,"column":30}},"loc":{"start":{"line":18,"column":40},"end":{"line":23,"column":1}},"line":18},"1":{"name":"signUpWithEmail","decl":{"start":{"line":25,"column":22},"end":{"line":25,"column":37}},"loc":{"start":{"line":25,"column":61},"end":{"line":41,"column":1}},"line":25},"2":{"name":"signInWithEmail","decl":{"start":{"line":43,"column":22},"end":{"line":43,"column":37}},"loc":{"start":{"line":43,"column":55},"end":{"line":49,"column":1}},"line":43},"3":{"name":"withProvider","decl":{"start":{"line":51,"column":22},"end":{"line":51,"column":34}},"loc":{"start":{"line":51,"column":45},"end":{"line":64,"column":1}},"line":51},"4":{"name":"(anonymous_4)","decl":{"start":{"line":66,"column":28},"end":{"line":66,"column":29}},"loc":{"start":{"line":66,"column":47},"end":{"line":79,"column":1}},"line":66}},"branchMap":{"0":{"loc":{"start":{"line":15,"column":17},"end":{"line":15,"column":76}},"type":"binary-expr","locations":[{"start":{"line":15,"column":17},"end":{"line":15,"column":46}},{"start":{"line":15,"column":50},"end":{"line":15,"column":76}}],"line":15},"1":{"loc":{"start":{"line":20,"column":8},"end":{"line":20,"column":30}},"type":"binary-expr","locations":[{"start":{"line":20,"column":8},"end":{"line":20,"column":24}},{"start":{"line":20,"column":28},"end":{"line":20,"column":30}}],"line":20},"2":{"loc":{"start":{"line":22,"column":12},"end":{"line":22,"column":31}},"type":"binary-expr","locations":[{"start":{"line":22,"column":12},"end":{"line":22,"column":25}},{"start":{"line":22,"column":29},"end":{"line":22,"column":31}}],"line":22},"3":{"loc":{"start":{"line":26,"column":2},"end":{"line":26,"column":55}},"type":"if","locations":[{"start":{"line":26,"column":2},"end":{"line":26,"column":55}},{"start":{},"end":{}}],"line":26},"4":{"loc":{"start":{"line":27,"column":2},"end":{"line":27,"column":61}},"type":"if","locations":[{"start":{"line":27,"column":2},"end":{"line":27,"column":61}},{"start":{},"end":{}}],"line":27},"5":{"loc":{"start":{"line":32,"column":2},"end":{"line":35,"column":3}},"type":"if","locations":[{"start":{"line":32,"column":2},"end":{"line":35,"column":3}},{"start":{},"end":{}}],"line":32},"6":{"loc":{"start":{"line":44,"column":2},"end":{"line":44,"column":55}},"type":"if","locations":[{"start":{"line":44,"column":2},"end":{"line":44,"column":55}},{"start":{},"end":{}}],"line":44},"7":{"loc":{"start":{"line":45,"column":2},"end":{"line":45,"column":61}},"type":"if","locations":[{"start":{"line":45,"column":2},"end":{"line":45,"column":61}},{"start":{},"end":{}}],"line":45},"8":{"loc":{"start":{"line":58,"column":2},"end":{"line":61,"column":3}},"type":"if","locations":[{"start":{"line":58,"column":2},"end":{"line":61,"column":3}},{"start":{},"end":{}}],"line":58}},"s":{"0":5,"1":5,"2":3,"3":4,"4":1,"5":3,"6":1,"7":2,"8":2,"9":2,"10":1,"11":1,"12":2,"13":2,"14":2,"15":3,"16":1,"17":2,"18":1,"19":1,"20":1,"21":1,"22":1,"23":1,"24":1,"25":1,"26":1,"27":1,"28":1,"29":5,"30":2,"31":2,"32":2,"33":1,"34":1,"35":1,"36":1},"f":{"0":3,"1":4,"2":3,"3":1,"4":2},"b":{"0":[5,5],"1":[3,2],"2":[3,3],"3":[1,3],"4":[1,2],"5":[1,1],"6":[1,2],"7":[1,1],"8":[1,0]},"_coverageSchema":"1a1c01bbd47fc00a2c39e90264f33305004495a9","hash":"c44df47866dabefaad97c34d4a38d8edca5ddb01"}
,"C:\\Users\\dhava\\OneDrive\\Desktop\\SD Project\\const-arch-app\\frontend\\src\\Firebase\\firebase.js": {"path":"C:\\Users\\dhava\\OneDrive\\Desktop\\SD Project\\const-arch-app\\frontend\\src\\Firebase\\firebase.js","statementMap":{"0":{"start":{"line":10,"column":23},"end":{"line":18,"column":1}},"1":{"start":{"line":20,"column":12},"end":{"line":20,"column":41}},"2":{"start":{"line":22,"column":20},"end":{"line":22,"column":32}},"3":{"start":{"line":23,"column":30},"end":{"line":23,"column":54}},"4":{"start":{"line":24,"column":32},"end":{"line":24,"column":58}},"5":{"start":{"line":25,"column":18},"end":{"line":25,"column":35}}},"fnMap":{},"branchMap":{},"s":{"0":5,"1":5,"2":5,"3":5,"4":5,"5":5},"f":{},"b":{},"_coverageSchema":"1a1c01bbd47fc00a2c39e90264f33305004495a9","hash":"66308f3e8aedb09e80e2f9534c0b9d88c75cd0c0"}
,"C:\\Users\\dhava\\OneDrive\\Desktop\\SD Project\\const-arch-app\\frontend\\src\\pages\\bookmarks.jsx": {"path":"C:\\Users\\dhava\\OneDrive\\Desktop\\SD Project\\const-arch-app\\frontend\\src\\pages\\bookmarks.jsx","statementMap":{"0":{"start":{"line":110,"column":18},"end":{"line":190,"column":1}},"1":{"start":{"line":111,"column":37},"end":{"line":111,"column":46}},"2":{"start":{"line":112,"column":19},"end":{"line":112,"column":32}},"3":{"start":{"line":113,"column":34},"end":{"line":113,"column":49}},"4":{"start":{"line":115,"column":2},"end":{"line":119,"column":32}},"5":{"start":{"line":116,"column":4},"end":{"line":118,"column":5}},"6":{"start":{"line":117,"column":6},"end":{"line":117,"column":26}},"7":{"start":{"line":121,"column":2},"end":{"line":121,"column":68}},"8":{"start":{"line":121,"column":15},"end":{"line":121,"column":68}},"9":{"start":{"line":122,"column":2},"end":{"line":122,"column":25}},"10":{"start":{"line":122,"column":13},"end":{"line":122,"column":25}},"11":{"start":{"line":124,"column":2},"end":{"line":189,"column":4}},"12":{"start":{"line":128,"column":23},"end":{"line":128,"column":51}},"13":{"start":{"line":128,"column":45},"end":{"line":128,"column":50}},"14":{"start":{"line":144,"column":27},"end":{"line":144,"column":48}},"15":{"start":{"line":176,"column":29},"end":{"line":176,"column":50}}},"fnMap":{"0":{"name":"(anonymous_0)","decl":{"start":{"line":110,"column":18},"end":{"line":110,"column":19}},"loc":{"start":{"line":110,"column":24},"end":{"line":190,"column":1}},"line":110},"1":{"name":"(anonymous_1)","decl":{"start":{"line":115,"column":12},"end":{"line":115,"column":13}},"loc":{"start":{"line":115,"column":18},"end":{"line":119,"column":3}},"line":115},"2":{"name":"(anonymous_2)","decl":{"start":{"line":128,"column":17},"end":{"line":128,"column":18}},"loc":{"start":{"line":128,"column":23},"end":{"line":128,"column":51}},"line":128},"3":{"name":"(anonymous_3)","decl":{"start":{"line":128,"column":35},"end":{"line":128,"column":36}},"loc":{"start":{"line":128,"column":45},"end":{"line":128,"column":50}},"line":128},"4":{"name":"(anonymous_4)","decl":{"start":{"line":144,"column":21},"end":{"line":144,"column":22}},"loc":{"start":{"line":144,"column":27},"end":{"line":144,"column":48}},"line":144},"5":{"name":"(anonymous_5)","decl":{"start":{"line":176,"column":23},"end":{"line":176,"column":24}},"loc":{"start":{"line":176,"column":29},"end":{"line":176,"column":50}},"line":176}},"branchMap":{"0":{"loc":{"start":{"line":116,"column":4},"end":{"line":118,"column":5}},"type":"if","locations":[{"start":{"line":116,"column":4},"end":{"line":118,"column":5}},{"start":{},"end":{}}],"line":116},"1":{"loc":{"start":{"line":116,"column":8},"end":{"line":116,"column":25}},"type":"binary-expr","locations":[{"start":{"line":116,"column":8},"end":{"line":116,"column":16}},{"start":{"line":116,"column":20},"end":{"line":116,"column":25}}],"line":116},"2":{"loc":{"start":{"line":121,"column":2},"end":{"line":121,"column":68}},"type":"if","locations":[{"start":{"line":121,"column":2},"end":{"line":121,"column":68}},{"start":{},"end":{}}],"line":121},"3":{"loc":{"start":{"line":122,"column":2},"end":{"line":122,"column":25}},"type":"if","locations":[{"start":{"line":122,"column":2},"end":{"line":122,"column":25}},{"start":{},"end":{}}],"line":122},"4":{"loc":{"start":{"line":134,"column":7},"end":{"line":150,"column":7}},"type":"binary-expr","locations":[{"start":{"line":134,"column":7},"end":{"line":134,"column":15}},{"start":{"line":135,"column":8},"end":{"line":149,"column":14}}],"line":134}},"s":{"0":0,"1":0,"2":0,"3":0,"4":0,"5":0,"6":0,"7":0,"8":0,"9":0,"10":0,"11":0,"12":0,"13":0,"14":0,"15":0},"f":{"0":0,"1":0,"2":0,"3":0,"4":0,"5":0},"b":{"0":[0,0],"1":[0,0],"2":[0,0],"3":[0,0],"4":[0,0]}}
,"C:\\Users\\dhava\\OneDrive\\Desktop\\SD Project\\const-arch-app\\frontend\\src\\pages\\dashboard.jsx": {"path":"C:\\Users\\dhava\\OneDrive\\Desktop\\SD Project\\const-arch-app\\frontend\\src\\pages\\dashboard.jsx","statementMap":{"0":{"start":{"line":11,"column":18},"end":{"line":96,"column":1}},"1":{"start":{"line":12,"column":37},"end":{"line":12,"column":46}},"2":{"start":{"line":13,"column":19},"end":{"line":13,"column":32}},"3":{"start":{"line":14,"column":34},"end":{"line":14,"column":49}},"4":{"start":{"line":16,"column":2},"end":{"line":20,"column":32}},"5":{"start":{"line":17,"column":4},"end":{"line":19,"column":5}},"6":{"start":{"line":18,"column":6},"end":{"line":18,"column":26}},"7":{"start":{"line":22,"column":2},"end":{"line":22,"column":68}},"8":{"start":{"line":22,"column":15},"end":{"line":22,"column":68}},"9":{"start":{"line":23,"column":2},"end":{"line":23,"column":25}},"10":{"start":{"line":23,"column":13},"end":{"line":23,"column":25}},"11":{"start":{"line":25,"column":2},"end":{"line":95,"column":4}},"12":{"start":{"line":52,"column":29},"end":{"line":52,"column":50}}},"fnMap":{"0":{"name":"(anonymous_0)","decl":{"start":{"line":11,"column":18},"end":{"line":11,"column":19}},"loc":{"start":{"line":11,"column":24},"end":{"line":96,"column":1}},"line":11},"1":{"name":"(anonymous_1)","decl":{"start":{"line":16,"column":12},"end":{"line":16,"column":13}},"loc":{"start":{"line":16,"column":18},"end":{"line":20,"column":3}},"line":16},"2":{"name":"(anonymous_2)","decl":{"start":{"line":52,"column":23},"end":{"line":52,"column":24}},"loc":{"start":{"line":52,"column":29},"end":{"line":52,"column":50}},"line":52}},"branchMap":{"0":{"loc":{"start":{"line":17,"column":4},"end":{"line":19,"column":5}},"type":"if","locations":[{"start":{"line":17,"column":4},"end":{"line":19,"column":5}},{"start":{},"end":{}}],"line":17},"1":{"loc":{"start":{"line":17,"column":8},"end":{"line":17,"column":25}},"type":"binary-expr","locations":[{"start":{"line":17,"column":8},"end":{"line":17,"column":16}},{"start":{"line":17,"column":20},"end":{"line":17,"column":25}}],"line":17},"2":{"loc":{"start":{"line":22,"column":2},"end":{"line":22,"column":68}},"type":"if","locations":[{"start":{"line":22,"column":2},"end":{"line":22,"column":68}},{"start":{},"end":{}}],"line":22},"3":{"loc":{"start":{"line":23,"column":2},"end":{"line":23,"column":25}},"type":"if","locations":[{"start":{"line":23,"column":2},"end":{"line":23,"column":25}},{"start":{},"end":{}}],"line":23},"4":{"loc":{"start":{"line":74,"column":44},"end":{"line":74,"column":72}},"type":"binary-expr","locations":[{"start":{"line":74,"column":44},"end":{"line":74,"column":54}},{"start":{"line":74,"column":58},"end":{"line":74,"column":72}}],"line":74}},"s":{"0":0,"1":0,"2":0,"3":0,"4":0,"5":0,"6":0,"7":0,"8":0,"9":0,"10":0,"11":0,"12":0},"f":{"0":0,"1":0,"2":0},"b":{"0":[0,0],"1":[0,0],"2":[0,0],"3":[0,0],"4":[0,0]}}
,"C:\\Users\\dhava\\OneDrive\\Desktop\\SD Project\\const-arch-app\\frontend\\src\\pages\\directory.jsx": {"path":"C:\\Users\\dhava\\OneDrive\\Desktop\\SD Project\\const-arch-app\\frontend\\src\\pages\\directory.jsx","statementMap":{"0":{"start":{"line":11,"column":18},"end":{"line":97,"column":1}},"1":{"start":{"line":12,"column":37},"end":{"line":12,"column":46}},"2":{"start":{"line":13,"column":19},"end":{"line":13,"column":32}},"3":{"start":{"line":14,"column":34},"end":{"line":14,"column":49}},"4":{"start":{"line":15,"column":36},"end":{"line":15,"column":51}},"5":{"start":{"line":16,"column":36},"end":{"line":16,"column":47}},"6":{"start":{"line":17,"column":42},"end":{"line":17,"column":56}},"7":{"start":{"line":19,"column":2},"end":{"line":23,"column":32}},"8":{"start":{"line":20,"column":4},"end":{"line":22,"column":5}},"9":{"start":{"line":21,"column":6},"end":{"line":21,"column":26}},"10":{"start":{"line":25,"column":2},"end":{"line":25,"column":68}},"11":{"start":{"line":25,"column":15},"end":{"line":25,"column":68}},"12":{"start":{"line":26,"column":2},"end":{"line":26,"column":25}},"13":{"start":{"line":26,"column":13},"end":{"line":26,"column":25}},"14":{"start":{"line":28,"column":26},"end":{"line":28,"column":50}},"15":{"start":{"line":28,"column":32},"end":{"line":28,"column":50}},"16":{"start":{"line":29,"column":27},"end":{"line":33,"column":3}},"17":{"start":{"line":30,"column":4},"end":{"line":30,"column":24}},"18":{"start":{"line":31,"column":4},"end":{"line":31,"column":20}},"19":{"start":{"line":32,"column":4},"end":{"line":32,"column":26}},"20":{"start":{"line":35,"column":2},"end":{"line":96,"column":4}},"21":{"start":{"line":57,"column":29},"end":{"line":57,"column":50}}},"fnMap":{"0":{"name":"(anonymous_0)","decl":{"start":{"line":11,"column":18},"end":{"line":11,"column":19}},"loc":{"start":{"line":11,"column":24},"end":{"line":97,"column":1}},"line":11},"1":{"name":"(anonymous_1)","decl":{"start":{"line":19,"column":12},"end":{"line":19,"column":13}},"loc":{"start":{"line":19,"column":18},"end":{"line":23,"column":3}},"line":19},"2":{"name":"(anonymous_2)","decl":{"start":{"line":28,"column":26},"end":{"line":28,"column":27}},"loc":{"start":{"line":28,"column":32},"end":{"line":28,"column":50}},"line":28},"3":{"name":"(anonymous_3)","decl":{"start":{"line":29,"column":27},"end":{"line":29,"column":28}},"loc":{"start":{"line":29,"column":33},"end":{"line":33,"column":3}},"line":29},"4":{"name":"(anonymous_4)","decl":{"start":{"line":57,"column":23},"end":{"line":57,"column":24}},"loc":{"start":{"line":57,"column":29},"end":{"line":57,"column":50}},"line":57}},"branchMap":{"0":{"loc":{"start":{"line":20,"column":4},"end":{"line":22,"column":5}},"type":"if","locations":[{"start":{"line":20,"column":4},"end":{"line":22,"column":5}},{"start":{},"end":{}}],"line":20},"1":{"loc":{"start":{"line":20,"column":8},"end":{"line":20,"column":25}},"type":"binary-expr","locations":[{"start":{"line":20,"column":8},"end":{"line":20,"column":16}},{"start":{"line":20,"column":20},"end":{"line":20,"column":25}}],"line":20},"2":{"loc":{"start":{"line":25,"column":2},"end":{"line":25,"column":68}},"type":"if","locations":[{"start":{"line":25,"column":2},"end":{"line":25,"column":68}},{"start":{},"end":{}}],"line":25},"3":{"loc":{"start":{"line":26,"column":2},"end":{"line":26,"column":25}},"type":"if","locations":[{"start":{"line":26,"column":2},"end":{"line":26,"column":25}},{"start":{},"end":{}}],"line":26}},"s":{"0":0,"1":0,"2":0,"3":0,"4":0,"5":0,"6":0,"7":0,"8":0,"9":0,"10":0,"11":0,"12":0,"13":0,"14":0,"15":0,"16":0,"17":0,"18":0,"19":0,"20":0,"21":0},"f":{"0":0,"1":0,"2":0,"3":0,"4":0},"b":{"0":[0,0],"1":[0,0],"2":[0,0],"3":[0,0]}}
,"C:\\Users\\dhava\\OneDrive\\Desktop\\SD Project\\const-arch-app\\frontend\\src\\pages\\home.jsx": {"path":"C:\\Users\\dhava\\OneDrive\\Desktop\\SD Project\\const-arch-app\\frontend\\src\\pages\\home.jsx","statementMap":{"0":{"start":{"line":7,"column":2},"end":{"line":13,"column":9}},"1":{"start":{"line":8,"column":4},"end":{"line":8,"column":45}},"2":{"start":{"line":10,"column":4},"end":{"line":12,"column":6}},"3":{"start":{"line":11,"column":6},"end":{"line":11,"column":50}},"4":{"start":{"line":14,"column":2},"end":{"line":37,"column":4}}},"fnMap":{"0":{"name":"Home","decl":{"start":{"line":6,"column":24},"end":{"line":6,"column":28}},"loc":{"start":{"line":6,"column":31},"end":{"line":38,"column":1}},"line":6},"1":{"name":"(anonymous_1)","decl":{"start":{"line":7,"column":12},"end":{"line":7,"column":13}},"loc":{"start":{"line":7,"column":18},"end":{"line":13,"column":3}},"line":7},"2":{"name":"(anonymous_2)","decl":{"start":{"line":10,"column":11},"end":{"line":10,"column":12}},"loc":{"start":{"line":10,"column":17},"end":{"line":12,"column":5}},"line":10}},"branchMap":{},"s":{"0":3,"1":3,"2":3,"3":3,"4":3},"f":{"0":3,"1":3,"2":3},"b":{},"_coverageSchema":"1a1c01bbd47fc00a2c39e90264f33305004495a9","hash":"a623d8ece1cadc631b3ad87f636994346d45cee3"}
,"C:\\Users\\dhava\\OneDrive\\Desktop\\SD Project\\const-arch-app\\frontend\\src\\pages\\manageUsers.jsx": {"path":"C:\\Users\\dhava\\OneDrive\\Desktop\\SD Project\\const-arch-app\\frontend\\src\\pages\\manageUsers.jsx","statementMap":{"0":{"start":{"line":20,"column":20},"end":{"line":183,"column":1}},"1":{"start":{"line":21,"column":37},"end":{"line":21,"column":46}},"2":{"start":{"line":22,"column":19},"end":{"line":22,"column":32}},"3":{"start":{"line":23,"column":28},"end":{"line":23,"column":40}},"4":{"start":{"line":24,"column":32},"end":{"line":24,"column":46}},"5":{"start":{"line":25,"column":15},"end":{"line":25,"column":24}},"6":{"start":{"line":27,"column":2},"end":{"line":31,"column":32}},"7":{"start":{"line":28,"column":4},"end":{"line":30,"column":5}},"8":{"start":{"line":29,"column":6},"end":{"line":29,"column":26}},"9":{"start":{"line":33,"column":2},"end":{"line":78,"column":9}},"10":{"start":{"line":34,"column":38},"end":{"line":75,"column":5}},"11":{"start":{"line":35,"column":26},"end":{"line":35,"column":42}},"12":{"start":{"line":37,"column":6},"end":{"line":41,"column":7}},"13":{"start":{"line":38,"column":8},"end":{"line":38,"column":41}},"14":{"start":{"line":39,"column":8},"end":{"line":39,"column":26}},"15":{"start":{"line":40,"column":8},"end":{"line":40,"column":15}},"16":{"start":{"line":43,"column":6},"end":{"line":74,"column":7}},"17":{"start":{"line":44,"column":27},"end":{"line":44,"column":60}},"18":{"start":{"line":45,"column":25},"end":{"line":45,"column":49}},"19":{"start":{"line":47,"column":8},"end":{"line":70,"column":9}},"20":{"start":{"line":48,"column":27},"end":{"line":48,"column":42}},"21":{"start":{"line":49,"column":10},"end":{"line":49,"column":39}},"22":{"start":{"line":51,"column":10},"end":{"line":66,"column":11}},"23":{"start":{"line":52,"column":27},"end":{"line":52,"column":50}},"24":{"start":{"line":53,"column":28},"end":{"line":59,"column":14}},"25":{"start":{"line":54,"column":32},"end":{"line":57,"column":17}},"26":{"start":{"line":54,"column":64},"end":{"line":57,"column":15}},"27":{"start":{"line":58,"column":14},"end":{"line":58,"column":34}},"28":{"start":{"line":61,"column":12},"end":{"line":65,"column":15}},"29":{"start":{"line":68,"column":10},"end":{"line":68,"column":49}},"30":{"start":{"line":69,"column":10},"end":{"line":69,"column":28}},"31":{"start":{"line":72,"column":8},"end":{"line":72,"column":61}},"32":{"start":{"line":73,"column":8},"end":{"line":73,"column":26}},"33":{"start":{"line":77,"column":4},"end":{"line":77,"column":32}},"34":{"start":{"line":80,"column":28},"end":{"line":98,"column":3}},"35":{"start":{"line":81,"column":4},"end":{"line":97,"column":5}},"36":{"start":{"line":82,"column":22},"end":{"line":82,"column":46}},"37":{"start":{"line":83,"column":6},"end":{"line":83,"column":59}},"38":{"start":{"line":85,"column":6},"end":{"line":89,"column":8}},"39":{"start":{"line":86,"column":8},"end":{"line":88,"column":9}},"40":{"start":{"line":87,"column":10},"end":{"line":87,"column":73}},"41":{"start":{"line":91,"column":6},"end":{"line":93,"column":8}},"42":{"start":{"line":95,"column":6},"end":{"line":95,"column":60}},"43":{"start":{"line":96,"column":6},"end":{"line":96,"column":51}},"44":{"start":{"line":100,"column":2},"end":{"line":101,"column":57}},"45":{"start":{"line":101,"column":4},"end":{"line":101,"column":57}},"46":{"start":{"line":102,"column":2},"end":{"line":102,"column":76}},"47":{"start":{"line":102,"column":16},"end":{"line":102,"column":76}},"48":{"start":{"line":104,"column":2},"end":{"line":182,"column":4}},"49":{"start":{"line":127,"column":29},"end":{"line":127,"column":50}},"50":{"start":{"line":157,"column":22},"end":{"line":170,"column":27}},"51":{"start":{"line":166,"column":30},"end":{"line":166,"column":70}}},"fnMap":{"0":{"name":"(anonymous_0)","decl":{"start":{"line":20,"column":20},"end":{"line":20,"column":21}},"loc":{"start":{"line":20,"column":26},"end":{"line":183,"column":1}},"line":20},"1":{"name":"(anonymous_1)","decl":{"start":{"line":27,"column":12},"end":{"line":27,"column":13}},"loc":{"start":{"line":27,"column":18},"end":{"line":31,"column":3}},"line":27},"2":{"name":"(anonymous_2)","decl":{"start":{"line":33,"column":12},"end":{"line":33,"column":13}},"loc":{"start":{"line":33,"column":18},"end":{"line":78,"column":3}},"line":33},"3":{"name":"(anonymous_3)","decl":{"start":{"line":34,"column":38},"end":{"line":34,"column":39}},"loc":{"start":{"line":34,"column":50},"end":{"line":75,"column":5}},"line":34},"4":{"name":"(anonymous_4)","decl":{"start":{"line":53,"column":49},"end":{"line":53,"column":50}},"loc":{"start":{"line":53,"column":63},"end":{"line":59,"column":13}},"line":53},"5":{"name":"(anonymous_5)","decl":{"start":{"line":54,"column":50},"end":{"line":54,"column":51}},"loc":{"start":{"line":54,"column":64},"end":{"line":57,"column":15}},"line":54},"6":{"name":"(anonymous_6)","decl":{"start":{"line":80,"column":28},"end":{"line":80,"column":29}},"loc":{"start":{"line":80,"column":60},"end":{"line":98,"column":3}},"line":80},"7":{"name":"(anonymous_7)","decl":{"start":{"line":85,"column":15},"end":{"line":85,"column":16}},"loc":{"start":{"line":86,"column":8},"end":{"line":88,"column":9}},"line":86},"8":{"name":"(anonymous_8)","decl":{"start":{"line":86,"column":22},"end":{"line":86,"column":23}},"loc":{"start":{"line":87,"column":10},"end":{"line":87,"column":73}},"line":87},"9":{"name":"(anonymous_9)","decl":{"start":{"line":127,"column":23},"end":{"line":127,"column":24}},"loc":{"start":{"line":127,"column":29},"end":{"line":127,"column":50}},"line":127},"10":{"name":"(anonymous_10)","decl":{"start":{"line":156,"column":31},"end":{"line":156,"column":32}},"loc":{"start":{"line":157,"column":22},"end":{"line":170,"column":27}},"line":157},"11":{"name":"(anonymous_11)","decl":{"start":{"line":165,"column":38},"end":{"line":165,"column":39}},"loc":{"start":{"line":166,"column":30},"end":{"line":166,"column":70}},"line":166}},"branchMap":{"0":{"loc":{"start":{"line":28,"column":4},"end":{"line":30,"column":5}},"type":"if","locations":[{"start":{"line":28,"column":4},"end":{"line":30,"column":5}},{"start":{},"end":{}}],"line":28},"1":{"loc":{"start":{"line":28,"column":8},"end":{"line":28,"column":25}},"type":"binary-expr","locations":[{"start":{"line":28,"column":8},"end":{"line":28,"column":16}},{"start":{"line":28,"column":20},"end":{"line":28,"column":25}}],"line":28},"2":{"loc":{"start":{"line":37,"column":6},"end":{"line":41,"column":7}},"type":"if","locations":[{"start":{"line":37,"column":6},"end":{"line":41,"column":7}},{"start":{},"end":{}}],"line":37},"3":{"loc":{"start":{"line":47,"column":8},"end":{"line":70,"column":9}},"type":"if","locations":[{"start":{"line":47,"column":8},"end":{"line":70,"column":9}},{"start":{"line":67,"column":15},"end":{"line":70,"column":9}}],"line":47},"4":{"loc":{"start":{"line":51,"column":10},"end":{"line":66,"column":11}},"type":"if","locations":[{"start":{"line":51,"column":10},"end":{"line":66,"column":11}},{"start":{},"end":{}}],"line":51},"5":{"loc":{"start":{"line":87,"column":10},"end":{"line":87,"column":73}},"type":"cond-expr","locations":[{"start":{"line":87,"column":31},"end":{"line":87,"column":66}},{"start":{"line":87,"column":69},"end":{"line":87,"column":73}}],"line":87},"6":{"loc":{"start":{"line":92,"column":23},"end":{"line":92,"column":66}},"type":"cond-expr","locations":[{"start":{"line":92,"column":39},"end":{"line":92,"column":49}},{"start":{"line":92,"column":52},"end":{"line":92,"column":66}}],"line":92},"7":{"loc":{"start":{"line":100,"column":2},"end":{"line":101,"column":57}},"type":"if","locations":[{"start":{"line":100,"column":2},"end":{"line":101,"column":57}},{"start":{},"end":{}}],"line":100},"8":{"loc":{"start":{"line":100,"column":6},"end":{"line":100,"column":33}},"type":"binary-expr","locations":[{"start":{"line":100,"column":6},"end":{"line":100,"column":13}},{"start":{"line":100,"column":17},"end":{"line":100,"column":33}}],"line":100},"9":{"loc":{"start":{"line":102,"column":2},"end":{"line":102,"column":76}},"type":"if","locations":[{"start":{"line":102,"column":2},"end":{"line":102,"column":76}},{"start":{},"end":{}}],"line":102},"10":{"loc":{"start":{"line":142,"column":15},"end":{"line":176,"column":15}},"type":"cond-expr","locations":[{"start":{"line":143,"column":16},"end":{"line":173,"column":24}},{"start":{"line":175,"column":16},"end":{"line":175,"column":39}}],"line":142}},"s":{"0":0,"1":0,"2":0,"3":0,"4":0,"5":0,"6":0,"7":0,"8":0,"9":0,"10":0,"11":0,"12":0,"13":0,"14":0,"15":0,"16":0,"17":0,"18":0,"19":0,"20":0,"21":0,"22":0,"23":0,"24":0,"25":0,"26":0,"27":0,"28":0,"29":0,"30":0,"31":0,"32":0,"33":0,"34":0,"35":0,"36":0,"37":0,"38":0,"39":0,"40":0,"41":0,"42":0,"43":0,"44":0,"45":0,"46":0,"47":0,"48":0,"49":0,"50":0,"51":0},"f":{"0":0,"1":0,"2":0,"3":0,"4":0,"5":0,"6":0,"7":0,"8":0,"9":0,"10":0,"11":0},"b":{"0":[0,0],"1":[0,0],"2":[0,0],"3":[0,0],"4":[0,0],"5":[0,0],"6":[0,0],"7":[0,0],"8":[0,0],"9":[0,0],"10":[0,0]}}
,"C:\\Users\\dhava\\OneDrive\\Desktop\\SD Project\\const-arch-app\\frontend\\src\\pages\\settings.jsx": {"path":"C:\\Users\\dhava\\OneDrive\\Desktop\\SD Project\\const-arch-app\\frontend\\src\\pages\\settings.jsx","statementMap":{"0":{"start":{"line":13,"column":21},"end":{"line":187,"column":1}},"1":{"start":{"line":14,"column":37},"end":{"line":14,"column":46}},"2":{"start":{"line":15,"column":19},"end":{"line":15,"column":32}},"3":{"start":{"line":16,"column":34},"end":{"line":16,"column":49}},"4":{"start":{"line":18,"column":34},"end":{"line":18,"column":67}},"5":{"start":{"line":19,"column":28},"end":{"line":19,"column":55}},"6":{"start":{"line":20,"column":34},"end":{"line":20,"column":46}},"7":{"start":{"line":21,"column":40},"end":{"line":21,"column":52}},"8":{"start":{"line":23,"column":2},"end":{"line":27,"column":32}},"9":{"start":{"line":24,"column":4},"end":{"line":26,"column":5}},"10":{"start":{"line":25,"column":6},"end":{"line":25,"column":26}},"11":{"start":{"line":29,"column":2},"end":{"line":34,"column":13}},"12":{"start":{"line":30,"column":4},"end":{"line":33,"column":5}},"13":{"start":{"line":31,"column":6},"end":{"line":31,"column":42}},"14":{"start":{"line":32,"column":6},"end":{"line":32,"column":33}},"15":{"start":{"line":36,"column":2},"end":{"line":41,"column":9}},"16":{"start":{"line":37,"column":4},"end":{"line":37,"column":49}},"17":{"start":{"line":38,"column":4},"end":{"line":40,"column":6}},"18":{"start":{"line":39,"column":6},"end":{"line":39,"column":54}},"19":{"start":{"line":43,"column":21},"end":{"line":98,"column":3}},"20":{"start":{"line":44,"column":4},"end":{"line":44,"column":23}},"21":{"start":{"line":46,"column":4},"end":{"line":49,"column":5}},"22":{"start":{"line":47,"column":6},"end":{"line":47,"column":74}},"23":{"start":{"line":48,"column":6},"end":{"line":48,"column":13}},"24":{"start":{"line":51,"column":4},"end":{"line":97,"column":5}},"25":{"start":{"line":52,"column":20},"end":{"line":52,"column":43}},"26":{"start":{"line":53,"column":22},"end":{"line":53,"column":39}},"27":{"start":{"line":55,"column":6},"end":{"line":56,"column":39}},"28":{"start":{"line":56,"column":8},"end":{"line":56,"column":39}},"29":{"start":{"line":57,"column":6},"end":{"line":57,"column":63}},"30":{"start":{"line":57,"column":41},"end":{"line":57,"column":63}},"31":{"start":{"line":58,"column":6},"end":{"line":61,"column":7}},"32":{"start":{"line":59,"column":8},"end":{"line":59,"column":36}},"33":{"start":{"line":60,"column":8},"end":{"line":60,"column":42}},"34":{"start":{"line":63,"column":6},"end":{"line":67,"column":7}},"35":{"start":{"line":65,"column":8},"end":{"line":65,"column":53}},"36":{"start":{"line":66,"column":8},"end":{"line":66,"column":15}},"37":{"start":{"line":69,"column":6},"end":{"line":69,"column":67}},"38":{"start":{"line":71,"column":23},"end":{"line":71,"column":56}},"39":{"start":{"line":73,"column":18},"end":{"line":81,"column":8}},"40":{"start":{"line":83,"column":19},"end":{"line":83,"column":35}},"41":{"start":{"line":84,"column":6},"end":{"line":84,"column":47}},"42":{"start":{"line":84,"column":19},"end":{"line":84,"column":47}},"43":{"start":{"line":86,"column":6},"end":{"line":86,"column":53}},"44":{"start":{"line":88,"column":6},"end":{"line":92,"column":10}},"45":{"start":{"line":88,"column":29},"end":{"line":92,"column":7}},"46":{"start":{"line":96,"column":6},"end":{"line":96,"column":46}},"47":{"start":{"line":100,"column":2},"end":{"line":100,"column":68}},"48":{"start":{"line":100,"column":15},"end":{"line":100,"column":68}},"49":{"start":{"line":102,"column":2},"end":{"line":186,"column":4}},"50":{"start":{"line":128,"column":29},"end":{"line":128,"column":50}},"51":{"start":{"line":148,"column":33},"end":{"line":148,"column":60}},"52":{"start":{"line":156,"column":33},"end":{"line":156,"column":57}},"53":{"start":{"line":164,"column":33},"end":{"line":164,"column":60}},"54":{"start":{"line":172,"column":33},"end":{"line":172,"column":63}}},"fnMap":{"0":{"name":"(anonymous_0)","decl":{"start":{"line":13,"column":21},"end":{"line":13,"column":22}},"loc":{"start":{"line":13,"column":27},"end":{"line":187,"column":1}},"line":13},"1":{"name":"(anonymous_1)","decl":{"start":{"line":23,"column":12},"end":{"line":23,"column":13}},"loc":{"start":{"line":23,"column":18},"end":{"line":27,"column":3}},"line":23},"2":{"name":"(anonymous_2)","decl":{"start":{"line":29,"column":12},"end":{"line":29,"column":13}},"loc":{"start":{"line":29,"column":18},"end":{"line":34,"column":3}},"line":29},"3":{"name":"(anonymous_3)","decl":{"start":{"line":36,"column":12},"end":{"line":36,"column":13}},"loc":{"start":{"line":36,"column":18},"end":{"line":41,"column":3}},"line":36},"4":{"name":"(anonymous_4)","decl":{"start":{"line":38,"column":11},"end":{"line":38,"column":12}},"loc":{"start":{"line":38,"column":17},"end":{"line":40,"column":5}},"line":38},"5":{"name":"(anonymous_5)","decl":{"start":{"line":43,"column":21},"end":{"line":43,"column":22}},"loc":{"start":{"line":43,"column":34},"end":{"line":98,"column":3}},"line":43},"6":{"name":"(anonymous_6)","decl":{"start":{"line":88,"column":14},"end":{"line":88,"column":15}},"loc":{"start":{"line":88,"column":29},"end":{"line":92,"column":7}},"line":88},"7":{"name":"(anonymous_7)","decl":{"start":{"line":128,"column":23},"end":{"line":128,"column":24}},"loc":{"start":{"line":128,"column":29},"end":{"line":128,"column":50}},"line":128},"8":{"name":"(anonymous_8)","decl":{"start":{"line":148,"column":26},"end":{"line":148,"column":27}},"loc":{"start":{"line":148,"column":33},"end":{"line":148,"column":60}},"line":148},"9":{"name":"(anonymous_9)","decl":{"start":{"line":156,"column":26},"end":{"line":156,"column":27}},"loc":{"start":{"line":156,"column":33},"end":{"line":156,"column":57}},"line":156},"10":{"name":"(anonymous_10)","decl":{"start":{"line":164,"column":26},"end":{"line":164,"column":27}},"loc":{"start":{"line":164,"column":33},"end":{"line":164,"column":60}},"line":164},"11":{"name":"(anonymous_11)","decl":{"start":{"line":172,"column":26},"end":{"line":172,"column":27}},"loc":{"start":{"line":172,"column":33},"end":{"line":172,"column":63}},"line":172}},"branchMap":{"0":{"loc":{"start":{"line":18,"column":43},"end":{"line":18,"column":66}},"type":"binary-expr","locations":[{"start":{"line":18,"column":43},"end":{"line":18,"column":60}},{"start":{"line":18,"column":64},"end":{"line":18,"column":66}}],"line":18},"1":{"loc":{"start":{"line":19,"column":37},"end":{"line":19,"column":54}},"type":"binary-expr","locations":[{"start":{"line":19,"column":37},"end":{"line":19,"column":48}},{"start":{"line":19,"column":52},"end":{"line":19,"column":54}}],"line":19},"2":{"loc":{"start":{"line":24,"column":4},"end":{"line":26,"column":5}},"type":"if","locations":[{"start":{"line":24,"column":4},"end":{"line":26,"column":5}},{"start":{},"end":{}}],"line":24},"3":{"loc":{"start":{"line":24,"column":8},"end":{"line":24,"column":25}},"type":"binary-expr","locations":[{"start":{"line":24,"column":8},"end":{"line":24,"column":16}},{"start":{"line":24,"column":20},"end":{"line":24,"column":25}}],"line":24},"4":{"loc":{"start":{"line":30,"column":4},"end":{"line":33,"column":5}},"type":"if","locations":[{"start":{"line":30,"column":4},"end":{"line":33,"column":5}},{"start":{},"end":{}}],"line":30},"5":{"loc":{"start":{"line":31,"column":18},"end":{"line":31,"column":40}},"type":"binary-expr","locations":[{"start":{"line":31,"column":18},"end":{"line":31,"column":34}},{"start":{"line":31,"column":38},"end":{"line":31,"column":40}}],"line":31},"6":{"loc":{"start":{"line":32,"column":15},"end":{"line":32,"column":31}},"type":"binary-expr","locations":[{"start":{"line":32,"column":15},"end":{"line":32,"column":25}},{"start":{"line":32,"column":29},"end":{"line":32,"column":31}}],"line":32},"7":{"loc":{"start":{"line":46,"column":4},"end":{"line":49,"column":5}},"type":"if","locations":[{"start":{"line":46,"column":4},"end":{"line":49,"column":5}},{"start":{},"end":{}}],"line":46},"8":{"loc":{"start":{"line":46,"column":8},"end":{"line":46,"column":32}},"type":"binary-expr","locations":[{"start":{"line":46,"column":8},"end":{"line":46,"column":19}},{"start":{"line":46,"column":23},"end":{"line":46,"column":32}}],"line":46},"9":{"loc":{"start":{"line":55,"column":6},"end":{"line":56,"column":39}},"type":"if","locations":[{"start":{"line":55,"column":6},"end":{"line":56,"column":39}},{"start":{},"end":{}}],"line":55},"10":{"loc":{"start":{"line":55,"column":10},"end":{"line":55,"column":51}},"type":"binary-expr","locations":[{"start":{"line":55,"column":10},"end":{"line":55,"column":18}},{"start":{"line":55,"column":22},"end":{"line":55,"column":51}}],"line":55},"11":{"loc":{"start":{"line":57,"column":6},"end":{"line":57,"column":63}},"type":"if","locations":[{"start":{"line":57,"column":6},"end":{"line":57,"column":63}},{"start":{},"end":{}}],"line":57},"12":{"loc":{"start":{"line":57,"column":10},"end":{"line":57,"column":39}},"type":"binary-expr","locations":[{"start":{"line":57,"column":10},"end":{"line":57,"column":15}},{"start":{"line":57,"column":19},"end":{"line":57,"column":39}}],"line":57},"13":{"loc":{"start":{"line":58,"column":6},"end":{"line":61,"column":7}},"type":"if","locations":[{"start":{"line":58,"column":6},"end":{"line":61,"column":7}},{"start":{},"end":{}}],"line":58},"14":{"loc":{"start":{"line":58,"column":10},"end":{"line":58,"column":33}},"type":"binary-expr","locations":[{"start":{"line":58,"column":10},"end":{"line":58,"column":18}},{"start":{"line":58,"column":22},"end":{"line":58,"column":33}}],"line":58},"15":{"loc":{"start":{"line":63,"column":6},"end":{"line":67,"column":7}},"type":"if","locations":[{"start":{"line":63,"column":6},"end":{"line":67,"column":7}},{"start":{},"end":{}}],"line":63},"16":{"loc":{"start":{"line":84,"column":6},"end":{"line":84,"column":47}},"type":"if","locations":[{"start":{"line":84,"column":6},"end":{"line":84,"column":47}},{"start":{},"end":{}}],"line":84},"17":{"loc":{"start":{"line":90,"column":21},"end":{"line":90,"column":53}},"type":"binary-expr","locations":[{"start":{"line":90,"column":21},"end":{"line":90,"column":29}},{"start":{"line":90,"column":33},"end":{"line":90,"column":53}}],"line":90},"18":{"loc":{"start":{"line":91,"column":15},"end":{"line":91,"column":38}},"type":"binary-expr","locations":[{"start":{"line":91,"column":15},"end":{"line":91,"column":20}},{"start":{"line":91,"column":24},"end":{"line":91,"column":38}}],"line":91},"19":{"loc":{"start":{"line":100,"column":2},"end":{"line":100,"column":68}},"type":"if","locations":[{"start":{"line":100,"column":2},"end":{"line":100,"column":68}},{"start":{},"end":{}}],"line":100}},"s":{"0":0,"1":0,"2":0,"3":0,"4":0,"5":0,"6":0,"7":0,"8":0,"9":0,"10":0,"11":0,"12":0,"13":0,"14":0,"15":0,"16":0,"17":0,"18":0,"19":0,"20":0,"21":0,"22":0,"23":0,"24":0,"25":0,"26":0,"27":0,"28":0,"29":0,"30":0,"31":0,"32":0,"33":0,"34":0,"35":0,"36":0,"37":0,"38":0,"39":0,"40":0,"41":0,"42":0,"43":0,"44":0,"45":0,"46":0,"47":0,"48":0,"49":0,"50":0,"51":0,"52":0,"53":0,"54":0},"f":{"0":0,"1":0,"2":0,"3":0,"4":0,"5":0,"6":0,"7":0,"8":0,"9":0,"10":0,"11":0},"b":{"0":[0,0],"1":[0,0],"2":[0,0],"3":[0,0],"4":[0,0],"5":[0,0],"6":[0,0],"7":[0,0],"8":[0,0],"9":[0,0],"10":[0,0],"11":[0,0],"12":[0,0],"13":[0,0],"14":[0,0],"15":[0,0],"16":[0,0],"17":[0,0],"18":[0,0],"19":[0,0]}}
,"C:\\Users\\dhava\\OneDrive\\Desktop\\SD Project\\const-arch-app\\frontend\\src\\pages\\signIn.jsx": {"path":"C:\\Users\\dhava\\OneDrive\\Desktop\\SD Project\\const-arch-app\\frontend\\src\\pages\\signIn.jsx","statementMap":{"0":{"start":{"line":13,"column":22},"end":{"line":13,"column":31}},"1":{"start":{"line":14,"column":19},"end":{"line":14,"column":32}},"2":{"start":{"line":15,"column":28},"end":{"line":15,"column":40}},"3":{"start":{"line":16,"column":34},"end":{"line":16,"column":46}},"4":{"start":{"line":17,"column":34},"end":{"line":17,"column":46}},"5":{"start":{"line":19,"column":25},"end":{"line":23,"column":3}},"6":{"start":{"line":20,"column":17},"end":{"line":20,"column":55}},"7":{"start":{"line":21,"column":4},"end":{"line":21,"column":18}},"8":{"start":{"line":22,"column":4},"end":{"line":22,"column":27}},"9":{"start":{"line":25,"column":22},"end":{"line":45,"column":3}},"10":{"start":{"line":26,"column":4},"end":{"line":26,"column":23}},"11":{"start":{"line":27,"column":4},"end":{"line":27,"column":20}},"12":{"start":{"line":29,"column":4},"end":{"line":44,"column":7}},"13":{"start":{"line":33,"column":22},"end":{"line":33,"column":55}},"14":{"start":{"line":34,"column":8},"end":{"line":40,"column":9}},"15":{"start":{"line":36,"column":12},"end":{"line":36,"column":56}},"16":{"start":{"line":37,"column":12},"end":{"line":37,"column":18}},"17":{"start":{"line":39,"column":12},"end":{"line":39,"column":53}},"18":{"start":{"line":41,"column":8},"end":{"line":41,"column":29}},"19":{"start":{"line":42,"column":8},"end":{"line":42,"column":32}},"20":{"start":{"line":47,"column":29},"end":{"line":59,"column":3}},"21":{"start":{"line":48,"column":4},"end":{"line":58,"column":6}},"22":{"start":{"line":50,"column":8},"end":{"line":50,"column":22}},"23":{"start":{"line":51,"column":8},"end":{"line":51,"column":31}},"24":{"start":{"line":61,"column":31},"end":{"line":73,"column":3}},"25":{"start":{"line":62,"column":4},"end":{"line":72,"column":6}},"26":{"start":{"line":64,"column":8},"end":{"line":64,"column":22}},"27":{"start":{"line":65,"column":8},"end":{"line":65,"column":31}},"28":{"start":{"line":75,"column":2},"end":{"line":80,"column":9}},"29":{"start":{"line":76,"column":4},"end":{"line":76,"column":47}},"30":{"start":{"line":77,"column":4},"end":{"line":79,"column":6}},"31":{"start":{"line":78,"column":6},"end":{"line":78,"column":52}},"32":{"start":{"line":82,"column":2},"end":{"line":148,"column":4}},"33":{"start":{"line":120,"column":29},"end":{"line":120,"column":53}},"34":{"start":{"line":126,"column":29},"end":{"line":126,"column":56}}},"fnMap":{"0":{"name":"SigninPage","decl":{"start":{"line":12,"column":24},"end":{"line":12,"column":34}},"loc":{"start":{"line":12,"column":37},"end":{"line":149,"column":1}},"line":12},"1":{"name":"(anonymous_1)","decl":{"start":{"line":19,"column":25},"end":{"line":19,"column":26}},"loc":{"start":{"line":19,"column":37},"end":{"line":23,"column":3}},"line":19},"2":{"name":"(anonymous_2)","decl":{"start":{"line":25,"column":22},"end":{"line":25,"column":23}},"loc":{"start":{"line":25,"column":29},"end":{"line":45,"column":3}},"line":25},"3":{"name":"(anonymous_3)","decl":{"start":{"line":32,"column":13},"end":{"line":32,"column":14}},"loc":{"start":{"line":32,"column":22},"end":{"line":43,"column":7}},"line":32},"4":{"name":"(anonymous_4)","decl":{"start":{"line":47,"column":29},"end":{"line":47,"column":30}},"loc":{"start":{"line":47,"column":35},"end":{"line":59,"column":3}},"line":47},"5":{"name":"(anonymous_5)","decl":{"start":{"line":49,"column":40},"end":{"line":49,"column":41}},"loc":{"start":{"line":49,"column":50},"end":{"line":52,"column":7}},"line":49},"6":{"name":"(anonymous_6)","decl":{"start":{"line":61,"column":31},"end":{"line":61,"column":32}},"loc":{"start":{"line":61,"column":37},"end":{"line":73,"column":3}},"line":61},"7":{"name":"(anonymous_7)","decl":{"start":{"line":63,"column":42},"end":{"line":63,"column":43}},"loc":{"start":{"line":63,"column":52},"end":{"line":66,"column":7}},"line":63},"8":{"name":"(anonymous_8)","decl":{"start":{"line":75,"column":12},"end":{"line":75,"column":13}},"loc":{"start":{"line":75,"column":18},"end":{"line":80,"column":3}},"line":75},"9":{"name":"(anonymous_9)","decl":{"start":{"line":77,"column":11},"end":{"line":77,"column":12}},"loc":{"start":{"line":77,"column":17},"end":{"line":79,"column":5}},"line":77},"10":{"name":"(anonymous_10)","decl":{"start":{"line":120,"column":22},"end":{"line":120,"column":23}},"loc":{"start":{"line":120,"column":29},"end":{"line":120,"column":53}},"line":120},"11":{"name":"(anonymous_11)","decl":{"start":{"line":126,"column":22},"end":{"line":126,"column":23}},"loc":{"start":{"line":126,"column":29},"end":{"line":126,"column":56}},"line":126}},"branchMap":{"0":{"loc":{"start":{"line":34,"column":8},"end":{"line":40,"column":9}},"type":"switch","locations":[{"start":{"line":35,"column":10},"end":{"line":37,"column":18}},{"start":{"line":38,"column":10},"end":{"line":39,"column":53}}],"line":34},"1":{"loc":{"start":{"line":130,"column":11},"end":{"line":136,"column":11}},"type":"binary-expr","locations":[{"start":{"line":130,"column":11},"end":{"line":130,"column":19}},{"start":{"line":131,"column":12},"end":{"line":135,"column":18}}],"line":130}},"s":{"0":10,"1":10,"2":10,"3":10,"4":10,"5":10,"6":0,"7":0,"8":0,"9":10,"10":0,"11":0,"12":0,"13":0,"14":0,"15":0,"16":0,"17":0,"18":0,"19":0,"20":10,"21":0,"22":0,"23":0,"24":10,"25":0,"26":0,"27":0,"28":10,"29":5,"30":5,"31":5,"32":10,"33":0,"34":0},"f":{"0":10,"1":0,"2":0,"3":0,"4":0,"5":0,"6":0,"7":0,"8":5,"9":5,"10":0,"11":0},"b":{"0":[0,0],"1":[10,0]},"_coverageSchema":"1a1c01bbd47fc00a2c39e90264f33305004495a9","hash":"38564061c8bc535ef959aa5aa156a1261e0f7683"}
,"C:\\Users\\dhava\\OneDrive\\Desktop\\SD Project\\const-arch-app\\frontend\\src\\pages\\signUp.jsx": {"path":"C:\\Users\\dhava\\OneDrive\\Desktop\\SD Project\\const-arch-app\\frontend\\src\\pages\\signUp.jsx","statementMap":{"0":{"start":{"line":13,"column":22},"end":{"line":13,"column":31}},"1":{"start":{"line":14,"column":26},"end":{"line":14,"column":38}},"2":{"start":{"line":15,"column":28},"end":{"line":15,"column":40}},"3":{"start":{"line":16,"column":34},"end":{"line":16,"column":46}},"4":{"start":{"line":17,"column":32},"end":{"line":17,"column":47}},"5":{"start":{"line":18,"column":46},"end":{"line":18,"column":58}},"6":{"start":{"line":19,"column":50},"end":{"line":19,"column":65}},"7":{"start":{"line":21,"column":19},"end":{"line":21,"column":32}},"8":{"start":{"line":23,"column":23},"end":{"line":56,"column":3}},"9":{"start":{"line":24,"column":4},"end":{"line":24,"column":23}},"10":{"start":{"line":26,"column":27},"end":{"line":26,"column":53}},"11":{"start":{"line":27,"column":4},"end":{"line":30,"column":5}},"12":{"start":{"line":28,"column":6},"end":{"line":28,"column":65}},"13":{"start":{"line":29,"column":6},"end":{"line":29,"column":13}},"14":{"start":{"line":32,"column":4},"end":{"line":32,"column":21}},"15":{"start":{"line":33,"column":4},"end":{"line":54,"column":5}},"16":{"start":{"line":34,"column":19},"end":{"line":34,"column":63}},"17":{"start":{"line":35,"column":6},"end":{"line":35,"column":46}},"18":{"start":{"line":36,"column":6},"end":{"line":36,"column":29}},"19":{"start":{"line":38,"column":20},"end":{"line":38,"column":54}},"20":{"start":{"line":39,"column":6},"end":{"line":51,"column":7}},"21":{"start":{"line":41,"column":10},"end":{"line":41,"column":58}},"22":{"start":{"line":42,"column":10},"end":{"line":42,"column":16}},"23":{"start":{"line":44,"column":10},"end":{"line":44,"column":52}},"24":{"start":{"line":45,"column":10},"end":{"line":45,"column":16}},"25":{"start":{"line":47,"column":10},"end":{"line":47,"column":64}},"26":{"start":{"line":48,"column":10},"end":{"line":48,"column":16}},"27":{"start":{"line":50,"column":10},"end":{"line":50,"column":54}},"28":{"start":{"line":52,"column":6},"end":{"line":52,"column":27}},"29":{"start":{"line":53,"column":6},"end":{"line":53,"column":58}},"30":{"start":{"line":55,"column":4},"end":{"line":55,"column":22}},"31":{"start":{"line":58,"column":29},"end":{"line":67,"column":3}},"32":{"start":{"line":59,"column":4},"end":{"line":66,"column":5}},"33":{"start":{"line":60,"column":19},"end":{"line":60,"column":53}},"34":{"start":{"line":61,"column":6},"end":{"line":61,"column":20}},"35":{"start":{"line":62,"column":6},"end":{"line":62,"column":29}},"36":{"start":{"line":64,"column":6},"end":{"line":64,"column":62}},"37":{"start":{"line":65,"column":6},"end":{"line":65,"column":60}},"38":{"start":{"line":69,"column":31},"end":{"line":78,"column":3}},"39":{"start":{"line":70,"column":4},"end":{"line":77,"column":5}},"40":{"start":{"line":71,"column":19},"end":{"line":71,"column":55}},"41":{"start":{"line":72,"column":6},"end":{"line":72,"column":20}},"42":{"start":{"line":73,"column":6},"end":{"line":73,"column":29}},"43":{"start":{"line":75,"column":6},"end":{"line":75,"column":64}},"44":{"start":{"line":76,"column":6},"end":{"line":76,"column":62}},"45":{"start":{"line":81,"column":27},"end":{"line":108,"column":3}},"46":{"start":{"line":82,"column":19},"end":{"line":82,"column":21}},"47":{"start":{"line":83,"column":4},"end":{"line":85,"column":5}},"48":{"start":{"line":84,"column":6},"end":{"line":84,"column":63}},"49":{"start":{"line":86,"column":4},"end":{"line":88,"column":5}},"50":{"start":{"line":87,"column":6},"end":{"line":87,"column":66}},"51":{"start":{"line":89,"column":4},"end":{"line":91,"column":5}},"52":{"start":{"line":90,"column":6},"end":{"line":90,"column":66}},"53":{"start":{"line":92,"column":4},"end":{"line":94,"column":5}},"54":{"start":{"line":93,"column":6},"end":{"line":93,"column":77}},"55":{"start":{"line":96,"column":4},"end":{"line":96,"column":30}},"56":{"start":{"line":98,"column":4},"end":{"line":98,"column":20}},"57":{"start":{"line":101,"column":4},"end":{"line":106,"column":7}},"58":{"start":{"line":102,"column":6},"end":{"line":105,"column":9}},"59":{"start":{"line":107,"column":4},"end":{"line":107,"column":18}},"60":{"start":{"line":110,"column":31},"end":{"line":114,"column":3}},"61":{"start":{"line":111,"column":24},"end":{"line":111,"column":38}},"62":{"start":{"line":112,"column":4},"end":{"line":112,"column":29}},"63":{"start":{"line":113,"column":4},"end":{"line":113,"column":34}},"64":{"start":{"line":116,"column":2},"end":{"line":122,"column":9}},"65":{"start":{"line":117,"column":4},"end":{"line":117,"column":47}},"66":{"start":{"line":119,"column":4},"end":{"line":121,"column":6}},"67":{"start":{"line":120,"column":6},"end":{"line":120,"column":52}},"68":{"start":{"line":124,"column":2},"end":{"line":130,"column":3}},"69":{"start":{"line":125,"column":4},"end":{"line":129,"column":6}},"70":{"start":{"line":132,"column":2},"end":{"line":203,"column":4}},"71":{"start":{"line":168,"column":29},"end":{"line":168,"column":52}},"72":{"start":{"line":177,"column":29},"end":{"line":177,"column":53}}},"fnMap":{"0":{"name":"SignUp","decl":{"start":{"line":12,"column":24},"end":{"line":12,"column":30}},"loc":{"start":{"line":12,"column":33},"end":{"line":204,"column":1}},"line":12},"1":{"name":"(anonymous_1)","decl":{"start":{"line":23,"column":23},"end":{"line":23,"column":24}},"loc":{"start":{"line":23,"column":36},"end":{"line":56,"column":3}},"line":23},"2":{"name":"(anonymous_2)","decl":{"start":{"line":58,"column":29},"end":{"line":58,"column":30}},"loc":{"start":{"line":58,"column":41},"end":{"line":67,"column":3}},"line":58},"3":{"name":"(anonymous_3)","decl":{"start":{"line":69,"column":31},"end":{"line":69,"column":32}},"loc":{"start":{"line":69,"column":43},"end":{"line":78,"column":3}},"line":69},"4":{"name":"(anonymous_4)","decl":{"start":{"line":81,"column":27},"end":{"line":81,"column":28}},"loc":{"start":{"line":81,"column":41},"end":{"line":108,"column":3}},"line":81},"5":{"name":"(anonymous_5)","decl":{"start":{"line":101,"column":19},"end":{"line":101,"column":20}},"loc":{"start":{"line":101,"column":37},"end":{"line":106,"column":5}},"line":101},"6":{"name":"(anonymous_6)","decl":{"start":{"line":110,"column":31},"end":{"line":110,"column":32}},"loc":{"start":{"line":110,"column":38},"end":{"line":114,"column":3}},"line":110},"7":{"name":"(anonymous_7)","decl":{"start":{"line":116,"column":12},"end":{"line":116,"column":13}},"loc":{"start":{"line":116,"column":18},"end":{"line":122,"column":3}},"line":116},"8":{"name":"(anonymous_8)","decl":{"start":{"line":119,"column":11},"end":{"line":119,"column":12}},"loc":{"start":{"line":119,"column":17},"end":{"line":121,"column":5}},"line":119},"9":{"name":"(anonymous_9)","decl":{"start":{"line":168,"column":22},"end":{"line":168,"column":23}},"loc":{"start":{"line":168,"column":29},"end":{"line":168,"column":52}},"line":168},"10":{"name":"(anonymous_10)","decl":{"start":{"line":177,"column":22},"end":{"line":177,"column":23}},"loc":{"start":{"line":177,"column":29},"end":{"line":177,"column":53}},"line":177}},"branchMap":{"0":{"loc":{"start":{"line":27,"column":4},"end":{"line":30,"column":5}},"type":"if","locations":[{"start":{"line":27,"column":4},"end":{"line":30,"column":5}},{"start":{},"end":{}}],"line":27},"1":{"loc":{"start":{"line":39,"column":6},"end":{"line":51,"column":7}},"type":"switch","locations":[{"start":{"line":40,"column":8},"end":{"line":42,"column":16}},{"start":{"line":43,"column":8},"end":{"line":45,"column":16}},{"start":{"line":46,"column":8},"end":{"line":48,"column":16}},{"start":{"line":49,"column":8},"end":{"line":50,"column":54}}],"line":39},"2":{"loc":{"start":{"line":83,"column":4},"end":{"line":85,"column":5}},"type":"if","locations":[{"start":{"line":83,"column":4},"end":{"line":85,"column":5}},{"start":{},"end":{}}],"line":83},"3":{"loc":{"start":{"line":86,"column":4},"end":{"line":88,"column":5}},"type":"if","locations":[{"start":{"line":86,"column":4},"end":{"line":88,"column":5}},{"start":{},"end":{}}],"line":86},"4":{"loc":{"start":{"line":89,"column":4},"end":{"line":91,"column":5}},"type":"if","locations":[{"start":{"line":89,"column":4},"end":{"line":91,"column":5}},{"start":{},"end":{}}],"line":89},"5":{"loc":{"start":{"line":92,"column":4},"end":{"line":94,"column":5}},"type":"if","locations":[{"start":{"line":92,"column":4},"end":{"line":94,"column":5}},{"start":{},"end":{}}],"line":92},"6":{"loc":{"start":{"line":124,"column":2},"end":{"line":130,"column":3}},"type":"if","locations":[{"start":{"line":124,"column":2},"end":{"line":130,"column":3}},{"start":{},"end":{}}],"line":124}},"s":{"0":0,"1":0,"2":0,"3":0,"4":0,"5":0,"6":0,"7":0,"8":0,"9":0,"10":0,"11":0,"12":0,"13":0,"14":0,"15":0,"16":0,"17":0,"18":0,"19":0,"20":0,"21":0,"22":0,"23":0,"24":0,"25":0,"26":0,"27":0,"28":0,"29":0,"30":0,"31":0,"32":0,"33":0,"34":0,"35":0,"36":0,"37":0,"38":0,"39":0,"40":0,"41":0,"42":0,"43":0,"44":0,"45":0,"46":0,"47":0,"48":0,"49":0,"50":0,"51":0,"52":0,"53":0,"54":0,"55":0,"56":0,"57":0,"58":0,"59":0,"60":0,"61":0,"62":0,"63":0,"64":0,"65":0,"66":0,"67":0,"68":0,"69":0,"70":0,"71":0,"72":0},"f":{"0":0,"1":0,"2":0,"3":0,"4":0,"5":0,"6":0,"7":0,"8":0,"9":0,"10":0},"b":{"0":[0,0],"1":[0,0,0,0],"2":[0,0],"3":[0,0],"4":[0,0],"5":[0,0],"6":[0,0]}}
,"C:\\Users\\dhava\\OneDrive\\Desktop\\SD Project\\const-arch-app\\frontend\\src\\pages\\uploadPage.jsx": {"path":"C:\\Users\\dhava\\OneDrive\\Desktop\\SD Project\\const-arch-app\\frontend\\src\\pages\\uploadPage.jsx","statementMap":{"0":{"start":{"line":4,"column":19},"end":{"line":13,"column":1}},"1":{"start":{"line":5,"column":2},"end":{"line":12,"column":4}}},"fnMap":{"0":{"name":"(anonymous_0)","decl":{"start":{"line":4,"column":19},"end":{"line":4,"column":20}},"loc":{"start":{"line":4,"column":25},"end":{"line":13,"column":1}},"line":4}},"branchMap":{},"s":{"0":0,"1":0},"f":{"0":0},"b":{}}
,"C:\\Users\\dhava\\OneDrive\\Desktop\\SD Project\\const-arch-app\\frontend\\src\\redux\\store.js": {"path":"C:\\Users\\dhava\\OneDrive\\Desktop\\SD Project\\const-arch-app\\frontend\\src\\redux\\store.js","statementMap":{"0":{"start":{"line":6,"column":14},"end":{"line":9,"column":1}}},"fnMap":{},"branchMap":{},"s":{"0":0},"f":{},"b":{}}
,"C:\\Users\\dhava\\OneDrive\\Desktop\\SD Project\\const-arch-app\\frontend\\src\\redux\\reducers\\authReducer.js": {"path":"C:\\Users\\dhava\\OneDrive\\Desktop\\SD Project\\const-arch-app\\frontend\\src\\redux\\reducers\\authReducer.js","statementMap":{"0":{"start":{"line":1,"column":21},"end":{"line":1,"column":23}},"1":{"start":{"line":3,"column":20},"end":{"line":8,"column":1}},"2":{"start":{"line":4,"column":2},"end":{"line":7,"column":3}},"3":{"start":{"line":6,"column":6},"end":{"line":6,"column":19}}},"fnMap":{"0":{"name":"(anonymous_0)","decl":{"start":{"line":3,"column":20},"end":{"line":3,"column":21}},"loc":{"start":{"line":3,"column":54},"end":{"line":8,"column":1}},"line":3}},"branchMap":{"0":{"loc":{"start":{"line":3,"column":21},"end":{"line":3,"column":41}},"type":"default-arg","locations":[{"start":{"line":3,"column":29},"end":{"line":3,"column":41}}],"line":3},"1":{"loc":{"start":{"line":4,"column":2},"end":{"line":7,"column":3}},"type":"switch","locations":[{"start":{"line":5,"column":4},"end":{"line":6,"column":19}}],"line":4}},"s":{"0":0,"1":0,"2":0,"3":0},"f":{"0":0},"b":{"0":[0],"1":[0]}}
}
