{"C:\\Users\\dhava\\OneDrive\\Desktop\\SD Project\\const-arch-app\\backend\\db.js": {"path":"C:\\Users\\dhava\\OneDrive\\Desktop\\SD Project\\const-arch-app\\backend\\db.js","statementMap":{"0":{"start":{"line":2,"column":14},"end":{"line":2,"column":39}},"1":{"start":{"line":4,"column":23},"end":{"line":4,"column":58}},"2":{"start":{"line":6,"column":0},"end":{"line":8,"column":3}},"3":{"start":{"line":10,"column":11},"end":{"line":10,"column":28}},"4":{"start":{"line":12,"column":0},"end":{"line":15,"column":2}}},"fnMap":{},"branchMap":{},"s":{"0":0,"1":0,"2":0,"3":0,"4":0},"f":{},"b":{}}
,"C:\\Users\\dhava\\OneDrive\\Desktop\\SD Project\\const-arch-app\\backend\\controllers\\bookmarkController.js": {"path":"C:\\Users\\dhava\\OneDrive\\Desktop\\SD Project\\const-arch-app\\backend\\controllers\\bookmarkController.js","statementMap":{"0":{"start":{"line":3,"column":15},"end":{"line":3,"column":31}},"1":{"start":{"line":6,"column":20},"end":{"line":19,"column":1}},"2":{"start":{"line":7,"column":2},"end":{"line":18,"column":3}},"3":{"start":{"line":8,"column":4},"end":{"line":8,"column":43}},"4":{"start":{"line":9,"column":17},"end":{"line":9,"column":25}},"5":{"start":{"line":10,"column":4},"end":{"line":10,"column":44}},"6":{"start":{"line":12,"column":4},"end":{"line":12,"column":40}},"7":{"start":{"line":13,"column":4},"end":{"line":13,"column":52}},"8":{"start":{"line":14,"column":4},"end":{"line":14,"column":45}},"9":{"start":{"line":16,"column":4},"end":{"line":16,"column":57}},"10":{"start":{"line":17,"column":4},"end":{"line":17,"column":40}},"11":{"start":{"line":21,"column":23},"end":{"line":33,"column":1}},"12":{"start":{"line":22,"column":2},"end":{"line":32,"column":3}},"13":{"start":{"line":23,"column":23},"end":{"line":23,"column":36}},"14":{"start":{"line":24,"column":4},"end":{"line":26,"column":5}},"15":{"start":{"line":25,"column":6},"end":{"line":25,"column":62}},"16":{"start":{"line":27,"column":4},"end":{"line":27,"column":61}},"17":{"start":{"line":28,"column":4},"end":{"line":28,"column":69}},"18":{"start":{"line":30,"column":4},"end":{"line":30,"column":61}},"19":{"start":{"line":31,"column":4},"end":{"line":31,"column":40}},"20":{"start":{"line":35,"column":0},"end":{"line":38,"column":2}}},"fnMap":{"0":{"name":"(anonymous_0)","decl":{"start":{"line":6,"column":20},"end":{"line":6,"column":21}},"loc":{"start":{"line":6,"column":46},"end":{"line":19,"column":1}},"line":6},"1":{"name":"(anonymous_1)","decl":{"start":{"line":21,"column":23},"end":{"line":21,"column":24}},"loc":{"start":{"line":21,"column":49},"end":{"line":33,"column":1}},"line":21}},"branchMap":{"0":{"loc":{"start":{"line":24,"column":4},"end":{"line":26,"column":5}},"type":"if","locations":[{"start":{"line":24,"column":4},"end":{"line":26,"column":5}},{"start":{},"end":{}}],"line":24}},"s":{"0":0,"1":0,"2":0,"3":0,"4":0,"5":0,"6":0,"7":0,"8":0,"9":0,"10":0,"11":0,"12":0,"13":0,"14":0,"15":0,"16":0,"17":0,"18":0,"19":0,"20":0},"f":{"0":0,"1":0},"b":{"0":[0,0]}}
,"C:\\Users\\dhava\\OneDrive\\Desktop\\SD Project\\const-arch-app\\backend\\controllers\\directoryController.js": {"path":"C:\\Users\\dhava\\OneDrive\\Desktop\\SD Project\\const-arch-app\\backend\\controllers\\directoryController.js","statementMap":{"0":{"start":{"line":3,"column":15},"end":{"line":3,"column":31}},"1":{"start":{"line":7,"column":21},"end":{"line":41,"column":1}},"2":{"start":{"line":8,"column":2},"end":{"line":40,"column":3}},"3":{"start":{"line":9,"column":17},"end":{"line":9,"column":25}},"4":{"start":{"line":12,"column":4},"end":{"line":16,"column":5}},"5":{"start":{"line":13,"column":6},"end":{"line":15,"column":69}},"6":{"start":{"line":19,"column":19},"end":{"line":19,"column":51}},"7":{"start":{"line":22,"column":22},"end":{"line":28,"column":5}},"8":{"start":{"line":31,"column":4},"end":{"line":31,"column":32}},"9":{"start":{"line":33,"column":4},"end":{"line":36,"column":7}},"10":{"start":{"line":38,"column":4},"end":{"line":38,"column":60}},"11":{"start":{"line":39,"column":4},"end":{"line":39,"column":69}},"12":{"start":{"line":44,"column":24},"end":{"line":59,"column":1}},"13":{"start":{"line":45,"column":2},"end":{"line":58,"column":3}},"14":{"start":{"line":46,"column":24},"end":{"line":46,"column":37}},"15":{"start":{"line":47,"column":4},"end":{"line":49,"column":5}},"16":{"start":{"line":48,"column":6},"end":{"line":48,"column":63}},"17":{"start":{"line":51,"column":4},"end":{"line":51,"column":63}},"18":{"start":{"line":52,"column":4},"end":{"line":54,"column":70}},"19":{"start":{"line":56,"column":4},"end":{"line":56,"column":62}},"20":{"start":{"line":57,"column":4},"end":{"line":57,"column":71}},"21":{"start":{"line":61,"column":0},"end":{"line":64,"column":2}}},"fnMap":{"0":{"name":"(anonymous_0)","decl":{"start":{"line":7,"column":21},"end":{"line":7,"column":22}},"loc":{"start":{"line":7,"column":47},"end":{"line":41,"column":1}},"line":7},"1":{"name":"(anonymous_1)","decl":{"start":{"line":44,"column":24},"end":{"line":44,"column":25}},"loc":{"start":{"line":44,"column":50},"end":{"line":59,"column":1}},"line":44}},"branchMap":{"0":{"loc":{"start":{"line":12,"column":4},"end":{"line":16,"column":5}},"type":"if","locations":[{"start":{"line":12,"column":4},"end":{"line":16,"column":5}},{"start":{},"end":{}}],"line":12},"1":{"loc":{"start":{"line":12,"column":8},"end":{"line":12,"column":65}},"type":"binary-expr","locations":[{"start":{"line":12,"column":8},"end":{"line":12,"column":13}},{"start":{"line":12,"column":17},"end":{"line":12,"column":27}},{"start":{"line":12,"column":31},"end":{"line":12,"column":46}},{"start":{"line":12,"column":50},"end":{"line":12,"column":65}}],"line":12},"2":{"loc":{"start":{"line":25,"column":16},"end":{"line":25,"column":37}},"type":"binary-expr","locations":[{"start":{"line":25,"column":16},"end":{"line":25,"column":29}},{"start":{"line":25,"column":33},"end":{"line":25,"column":37}}],"line":25},"3":{"loc":{"start":{"line":47,"column":4},"end":{"line":49,"column":5}},"type":"if","locations":[{"start":{"line":47,"column":4},"end":{"line":49,"column":5}},{"start":{},"end":{}}],"line":47}},"s":{"0":0,"1":0,"2":0,"3":0,"4":0,"5":0,"6":0,"7":0,"8":0,"9":0,"10":0,"11":0,"12":0,"13":0,"14":0,"15":0,"16":0,"17":0,"18":0,"19":0,"20":0,"21":0},"f":{"0":0,"1":0},"b":{"0":[0,0],"1":[0,0,0,0],"2":[0,0],"3":[0,0]}}
,"C:\\Users\\dhava\\OneDrive\\Desktop\\SD Project\\const-arch-app\\backend\\controllers\\settingsUpdate.js": {"path":"C:\\Users\\dhava\\OneDrive\\Desktop\\SD Project\\const-arch-app\\backend\\controllers\\settingsUpdate.js","statementMap":{"0":{"start":{"line":1,"column":16},"end":{"line":1,"column":34}},"1":{"start":{"line":2,"column":15},"end":{"line":2,"column":31}},"2":{"start":{"line":4,"column":18},"end":{"line":4,"column":34}},"3":{"start":{"line":5,"column":20},"end":{"line":5,"column":44}},"4":{"start":{"line":7,"column":0},"end":{"line":28,"column":3}},"5":{"start":{"line":8,"column":20},"end":{"line":8,"column":28}},"6":{"start":{"line":9,"column":48},"end":{"line":9,"column":56}},"7":{"start":{"line":11,"column":4},"end":{"line":27,"column":5}},"8":{"start":{"line":12,"column":27},"end":{"line":12,"column":29}},"9":{"start":{"line":13,"column":8},"end":{"line":13,"column":44}},"10":{"start":{"line":13,"column":19},"end":{"line":13,"column":44}},"11":{"start":{"line":14,"column":8},"end":{"line":14,"column":59}},"12":{"start":{"line":14,"column":25},"end":{"line":14,"column":59}},"13":{"start":{"line":15,"column":8},"end":{"line":15,"column":62}},"14":{"start":{"line":15,"column":25},"end":{"line":15,"column":62}},"15":{"start":{"line":17,"column":8},"end":{"line":19,"column":9}},"16":{"start":{"line":18,"column":12},"end":{"line":18,"column":67}},"17":{"start":{"line":21,"column":8},"end":{"line":21,"column":55}},"18":{"start":{"line":23,"column":8},"end":{"line":23,"column":75}},"19":{"start":{"line":25,"column":8},"end":{"line":25,"column":47}},"20":{"start":{"line":26,"column":8},"end":{"line":26,"column":75}},"21":{"start":{"line":30,"column":0},"end":{"line":30,"column":28}}},"fnMap":{"0":{"name":"(anonymous_0)","decl":{"start":{"line":7,"column":40},"end":{"line":7,"column":41}},"loc":{"start":{"line":7,"column":60},"end":{"line":28,"column":1}},"line":7}},"branchMap":{"0":{"loc":{"start":{"line":13,"column":8},"end":{"line":13,"column":44}},"type":"if","locations":[{"start":{"line":13,"column":8},"end":{"line":13,"column":44}},{"start":{},"end":{}}],"line":13},"1":{"loc":{"start":{"line":14,"column":8},"end":{"line":14,"column":59}},"type":"if","locations":[{"start":{"line":14,"column":8},"end":{"line":14,"column":59}},{"start":{},"end":{}}],"line":14},"2":{"loc":{"start":{"line":15,"column":8},"end":{"line":15,"column":62}},"type":"if","locations":[{"start":{"line":15,"column":8},"end":{"line":15,"column":62}},{"start":{},"end":{}}],"line":15},"3":{"loc":{"start":{"line":17,"column":8},"end":{"line":19,"column":9}},"type":"if","locations":[{"start":{"line":17,"column":8},"end":{"line":19,"column":9}},{"start":{},"end":{}}],"line":17}},"s":{"0":0,"1":0,"2":0,"3":0,"4":0,"5":0,"6":0,"7":0,"8":0,"9":0,"10":0,"11":0,"12":0,"13":0,"14":0,"15":0,"16":0,"17":0,"18":0,"19":0,"20":0,"21":0},"f":{"0":0},"b":{"0":[0,0],"1":[0,0],"2":[0,0],"3":[0,0]}}
,"C:\\Users\\dhava\\OneDrive\\Desktop\\SD Project\\const-arch-app\\backend\\controllers\\uploadController.js": {"path":"C:\\Users\\dhava\\OneDrive\\Desktop\\SD Project\\const-arch-app\\backend\\controllers\\uploadController.js","statementMap":{"0":{"start":{"line":3,"column":15},"end":{"line":3,"column":31}},"1":{"start":{"line":6,"column":14},"end":{"line":6,"column":39}},"2":{"start":{"line":8,"column":18},"end":{"line":17,"column":1}},"3":{"start":{"line":9,"column":2},"end":{"line":16,"column":3}},"4":{"start":{"line":10,"column":17},"end":{"line":10,"column":25}},"5":{"start":{"line":11,"column":4},"end":{"line":11,"column":50}},"6":{"start":{"line":12,"column":4},"end":{"line":12,"column":43}},"7":{"start":{"line":14,"column":4},"end":{"line":14,"column":57}},"8":{"start":{"line":15,"column":4},"end":{"line":15,"column":40}},"9":{"start":{"line":19,"column":21},"end":{"line":31,"column":1}},"10":{"start":{"line":20,"column":2},"end":{"line":30,"column":3}},"11":{"start":{"line":21,"column":21},"end":{"line":21,"column":34}},"12":{"start":{"line":22,"column":4},"end":{"line":24,"column":5}},"13":{"start":{"line":23,"column":6},"end":{"line":23,"column":60}},"14":{"start":{"line":25,"column":4},"end":{"line":25,"column":57}},"15":{"start":{"line":26,"column":4},"end":{"line":26,"column":65}},"16":{"start":{"line":28,"column":4},"end":{"line":28,"column":59}},"17":{"start":{"line":29,"column":4},"end":{"line":29,"column":40}},"18":{"start":{"line":33,"column":21},"end":{"line":59,"column":1}},"19":{"start":{"line":34,"column":2},"end":{"line":58,"column":3}},"20":{"start":{"line":35,"column":18},"end":{"line":35,"column":36}},"21":{"start":{"line":37,"column":4},"end":{"line":39,"column":5}},"22":{"start":{"line":38,"column":6},"end":{"line":38,"column":85}},"23":{"start":{"line":41,"column":21},"end":{"line":41,"column":56}},"24":{"start":{"line":43,"column":22},"end":{"line":46,"column":7}},"25":{"start":{"line":43,"column":48},"end":{"line":46,"column":5}},"26":{"start":{"line":48,"column":20},"end":{"line":51,"column":5}},"27":{"start":{"line":49,"column":6},"end":{"line":50,"column":76}},"28":{"start":{"line":50,"column":28},"end":{"line":50,"column":75}},"29":{"start":{"line":53,"column":4},"end":{"line":53,"column":38}},"30":{"start":{"line":56,"column":4},"end":{"line":56,"column":48}},"31":{"start":{"line":57,"column":4},"end":{"line":57,"column":53}},"32":{"start":{"line":61,"column":0},"end":{"line":65,"column":2}}},"fnMap":{"0":{"name":"(anonymous_0)","decl":{"start":{"line":8,"column":18},"end":{"line":8,"column":19}},"loc":{"start":{"line":8,"column":44},"end":{"line":17,"column":1}},"line":8},"1":{"name":"(anonymous_1)","decl":{"start":{"line":19,"column":21},"end":{"line":19,"column":22}},"loc":{"start":{"line":19,"column":47},"end":{"line":31,"column":1}},"line":19},"2":{"name":"(anonymous_2)","decl":{"start":{"line":33,"column":21},"end":{"line":33,"column":22}},"loc":{"start":{"line":33,"column":41},"end":{"line":59,"column":1}},"line":33},"3":{"name":"(anonymous_3)","decl":{"start":{"line":43,"column":40},"end":{"line":43,"column":41}},"loc":{"start":{"line":43,"column":48},"end":{"line":46,"column":5}},"line":43},"4":{"name":"(anonymous_4)","decl":{"start":{"line":48,"column":37},"end":{"line":48,"column":38}},"loc":{"start":{"line":49,"column":6},"end":{"line":50,"column":76}},"line":49},"5":{"name":"(anonymous_5)","decl":{"start":{"line":50,"column":21},"end":{"line":50,"column":22}},"loc":{"start":{"line":50,"column":28},"end":{"line":50,"column":75}},"line":50}},"branchMap":{"0":{"loc":{"start":{"line":22,"column":4},"end":{"line":24,"column":5}},"type":"if","locations":[{"start":{"line":22,"column":4},"end":{"line":24,"column":5}},{"start":{},"end":{}}],"line":22},"1":{"loc":{"start":{"line":37,"column":4},"end":{"line":39,"column":5}},"type":"if","locations":[{"start":{"line":37,"column":4},"end":{"line":39,"column":5}},{"start":{},"end":{}}],"line":37},"2":{"loc":{"start":{"line":49,"column":6},"end":{"line":50,"column":76}},"type":"binary-expr","locations":[{"start":{"line":49,"column":6},"end":{"line":49,"column":63}},{"start":{"line":50,"column":6},"end":{"line":50,"column":76}}],"line":49}},"s":{"0":0,"1":0,"2":0,"3":0,"4":0,"5":0,"6":0,"7":0,"8":0,"9":0,"10":0,"11":0,"12":0,"13":0,"14":0,"15":0,"16":0,"17":0,"18":0,"19":0,"20":0,"21":0,"22":0,"23":0,"24":0,"25":0,"26":0,"27":0,"28":0,"29":0,"30":0,"31":0,"32":0},"f":{"0":0,"1":0,"2":0,"3":0,"4":0,"5":0},"b":{"0":[0,0],"1":[0,0],"2":[0,0]}}
,"C:\\Users\\dhava\\OneDrive\\Desktop\\SD Project\\const-arch-app\\backend\\controllers\\userController.js": {"path":"C:\\Users\\dhava\\OneDrive\\Desktop\\SD Project\\const-arch-app\\backend\\controllers\\userController.js","statementMap":{"0":{"start":{"line":3,"column":15},"end":{"line":3,"column":31}},"1":{"start":{"line":5,"column":16},"end":{"line":32,"column":1}},"2":{"start":{"line":6,"column":4},"end":{"line":31,"column":5}},"3":{"start":{"line":7,"column":21},"end":{"line":7,"column":29}},"4":{"start":{"line":8,"column":21},"end":{"line":16,"column":9}},"5":{"start":{"line":18,"column":31},"end":{"line":18,"column":53}},"6":{"start":{"line":19,"column":8},"end":{"line":21,"column":9}},"7":{"start":{"line":20,"column":12},"end":{"line":20,"column":96}},"8":{"start":{"line":23,"column":26},"end":{"line":23,"column":104}},"9":{"start":{"line":24,"column":8},"end":{"line":24,"column":56}},"10":{"start":{"line":26,"column":8},"end":{"line":26,"column":61}},"11":{"start":{"line":27,"column":8},"end":{"line":27,"column":57}},"12":{"start":{"line":29,"column":8},"end":{"line":29,"column":59}},"13":{"start":{"line":30,"column":8},"end":{"line":30,"column":68}},"14":{"start":{"line":34,"column":19},"end":{"line":57,"column":1}},"15":{"start":{"line":35,"column":4},"end":{"line":56,"column":5}},"16":{"start":{"line":36,"column":23},"end":{"line":36,"column":36}},"17":{"start":{"line":37,"column":24},"end":{"line":37,"column":32}},"18":{"start":{"line":39,"column":8},"end":{"line":41,"column":9}},"19":{"start":{"line":40,"column":12},"end":{"line":40,"column":81}},"20":{"start":{"line":43,"column":24},"end":{"line":43,"column":58}},"21":{"start":{"line":44,"column":20},"end":{"line":44,"column":39}},"22":{"start":{"line":46,"column":8},"end":{"line":48,"column":9}},"23":{"start":{"line":47,"column":12},"end":{"line":47,"column":59}},"24":{"start":{"line":50,"column":8},"end":{"line":50,"column":38}},"25":{"start":{"line":52,"column":8},"end":{"line":52,"column":90}},"26":{"start":{"line":54,"column":8},"end":{"line":54,"column":61}},"27":{"start":{"line":55,"column":8},"end":{"line":55,"column":70}},"28":{"start":{"line":59,"column":20},"end":{"line":86,"column":1}},"29":{"start":{"line":60,"column":4},"end":{"line":85,"column":5}},"30":{"start":{"line":61,"column":23},"end":{"line":61,"column":36}},"31":{"start":{"line":62,"column":24},"end":{"line":62,"column":32}},"32":{"start":{"line":64,"column":8},"end":{"line":66,"column":9}},"33":{"start":{"line":65,"column":12},"end":{"line":65,"column":100}},"34":{"start":{"line":68,"column":21},"end":{"line":78,"column":9}},"35":{"start":{"line":80,"column":8},"end":{"line":80,"column":77}},"36":{"start":{"line":81,"column":8},"end":{"line":81,"column":84}},"37":{"start":{"line":83,"column":8},"end":{"line":83,"column":62}},"38":{"start":{"line":84,"column":8},"end":{"line":84,"column":71}},"39":{"start":{"line":88,"column":19},"end":{"line":102,"column":1}},"40":{"start":{"line":89,"column":4},"end":{"line":101,"column":5}},"41":{"start":{"line":90,"column":23},"end":{"line":90,"column":36}},"42":{"start":{"line":92,"column":8},"end":{"line":94,"column":9}},"43":{"start":{"line":93,"column":12},"end":{"line":93,"column":64}},"44":{"start":{"line":96,"column":8},"end":{"line":96,"column":58}},"45":{"start":{"line":97,"column":8},"end":{"line":97,"column":77}},"46":{"start":{"line":99,"column":8},"end":{"line":99,"column":61}},"47":{"start":{"line":100,"column":8},"end":{"line":100,"column":70}},"48":{"start":{"line":106,"column":0},"end":{"line":111,"column":2}}},"fnMap":{"0":{"name":"(anonymous_0)","decl":{"start":{"line":5,"column":16},"end":{"line":5,"column":17}},"loc":{"start":{"line":5,"column":36},"end":{"line":32,"column":1}},"line":5},"1":{"name":"(anonymous_1)","decl":{"start":{"line":34,"column":19},"end":{"line":34,"column":20}},"loc":{"start":{"line":34,"column":39},"end":{"line":57,"column":1}},"line":34},"2":{"name":"(anonymous_2)","decl":{"start":{"line":59,"column":20},"end":{"line":59,"column":21}},"loc":{"start":{"line":59,"column":40},"end":{"line":86,"column":1}},"line":59},"3":{"name":"(anonymous_3)","decl":{"start":{"line":88,"column":19},"end":{"line":88,"column":20}},"loc":{"start":{"line":88,"column":39},"end":{"line":102,"column":1}},"line":88}},"branchMap":{"0":{"loc":{"start":{"line":10,"column":18},"end":{"line":10,"column":33}},"type":"binary-expr","locations":[{"start":{"line":10,"column":18},"end":{"line":10,"column":27}},{"start":{"line":10,"column":31},"end":{"line":10,"column":33}}],"line":10},"1":{"loc":{"start":{"line":13,"column":22},"end":{"line":13,"column":41}},"type":"binary-expr","locations":[{"start":{"line":13,"column":22},"end":{"line":13,"column":35}},{"start":{"line":13,"column":39},"end":{"line":13,"column":41}}],"line":13},"2":{"loc":{"start":{"line":19,"column":8},"end":{"line":21,"column":9}},"type":"if","locations":[{"start":{"line":19,"column":8},"end":{"line":21,"column":9}},{"start":{},"end":{}}],"line":19},"3":{"loc":{"start":{"line":39,"column":8},"end":{"line":41,"column":9}},"type":"if","locations":[{"start":{"line":39,"column":8},"end":{"line":41,"column":9}},{"start":{},"end":{}}],"line":39},"4":{"loc":{"start":{"line":39,"column":12},"end":{"line":39,"column":31}},"type":"binary-expr","locations":[{"start":{"line":39,"column":12},"end":{"line":39,"column":19}},{"start":{"line":39,"column":23},"end":{"line":39,"column":31}}],"line":39},"5":{"loc":{"start":{"line":46,"column":8},"end":{"line":48,"column":9}},"type":"if","locations":[{"start":{"line":46,"column":8},"end":{"line":48,"column":9}},{"start":{},"end":{}}],"line":46},"6":{"loc":{"start":{"line":64,"column":8},"end":{"line":66,"column":9}},"type":"if","locations":[{"start":{"line":64,"column":8},"end":{"line":66,"column":9}},{"start":{},"end":{}}],"line":64},"7":{"loc":{"start":{"line":64,"column":12},"end":{"line":64,"column":49}},"type":"binary-expr","locations":[{"start":{"line":64,"column":12},"end":{"line":64,"column":19}},{"start":{"line":64,"column":23},"end":{"line":64,"column":31}},{"start":{"line":64,"column":35},"end":{"line":64,"column":49}}],"line":64},"8":{"loc":{"start":{"line":70,"column":18},"end":{"line":70,"column":36}},"type":"binary-expr","locations":[{"start":{"line":70,"column":18},"end":{"line":70,"column":30}},{"start":{"line":70,"column":34},"end":{"line":70,"column":36}}],"line":70},"9":{"loc":{"start":{"line":72,"column":21},"end":{"line":72,"column":45}},"type":"binary-expr","locations":[{"start":{"line":72,"column":21},"end":{"line":72,"column":36}},{"start":{"line":72,"column":40},"end":{"line":72,"column":45}}],"line":72},"10":{"loc":{"start":{"line":73,"column":22},"end":{"line":73,"column":44}},"type":"binary-expr","locations":[{"start":{"line":73,"column":22},"end":{"line":73,"column":38}},{"start":{"line":73,"column":42},"end":{"line":73,"column":44}}],"line":73},"11":{"loc":{"start":{"line":74,"column":23},"end":{"line":74,"column":68}},"type":"binary-expr","locations":[{"start":{"line":74,"column":23},"end":{"line":74,"column":40}},{"start":{"line":74,"column":44},"end":{"line":74,"column":68}}],"line":74},"12":{"loc":{"start":{"line":92,"column":8},"end":{"line":94,"column":9}},"type":"if","locations":[{"start":{"line":92,"column":8},"end":{"line":94,"column":9}},{"start":{},"end":{}}],"line":92}},"s":{"0":0,"1":0,"2":0,"3":0,"4":0,"5":0,"6":0,"7":0,"8":0,"9":0,"10":0,"11":0,"12":0,"13":0,"14":0,"15":0,"16":0,"17":0,"18":0,"19":0,"20":0,"21":0,"22":0,"23":0,"24":0,"25":0,"26":0,"27":0,"28":0,"29":0,"30":0,"31":0,"32":0,"33":0,"34":0,"35":0,"36":0,"37":0,"38":0,"39":0,"40":0,"41":0,"42":0,"43":0,"44":0,"45":0,"46":0,"47":0,"48":0},"f":{"0":0,"1":0,"2":0,"3":0},"b":{"0":[0,0],"1":[0,0],"2":[0,0],"3":[0,0],"4":[0,0],"5":[0,0],"6":[0,0],"7":[0,0,0],"8":[0,0],"9":[0,0],"10":[0,0],"11":[0,0],"12":[0,0]}}
,"C:\\Users\\dhava\\OneDrive\\Desktop\\SD Project\\const-arch-app\\backend\\controllers\\verifyToken.js": {"path":"C:\\Users\\dhava\\OneDrive\\Desktop\\SD Project\\const-arch-app\\backend\\controllers\\verifyToken.js","statementMap":{"0":{"start":{"line":2,"column":18},"end":{"line":2,"column":34}},"1":{"start":{"line":4,"column":20},"end":{"line":20,"column":1}},"2":{"start":{"line":5,"column":21},"end":{"line":5,"column":46}},"3":{"start":{"line":7,"column":2},"end":{"line":9,"column":3}},"4":{"start":{"line":8,"column":4},"end":{"line":8,"column":79}},"5":{"start":{"line":11,"column":16},"end":{"line":11,"column":46}},"6":{"start":{"line":13,"column":2},"end":{"line":19,"column":3}},"7":{"start":{"line":15,"column":4},"end":{"line":15,"column":68}},"8":{"start":{"line":17,"column":4},"end":{"line":17,"column":55}},"9":{"start":{"line":18,"column":4},"end":{"line":18,"column":75}},"10":{"start":{"line":22,"column":0},"end":{"line":22,"column":29}}},"fnMap":{"0":{"name":"(anonymous_0)","decl":{"start":{"line":4,"column":20},"end":{"line":4,"column":21}},"loc":{"start":{"line":4,"column":46},"end":{"line":20,"column":1}},"line":4}},"branchMap":{"0":{"loc":{"start":{"line":7,"column":2},"end":{"line":9,"column":3}},"type":"if","locations":[{"start":{"line":7,"column":2},"end":{"line":9,"column":3}},{"start":{},"end":{}}],"line":7},"1":{"loc":{"start":{"line":7,"column":6},"end":{"line":7,"column":54}},"type":"binary-expr","locations":[{"start":{"line":7,"column":6},"end":{"line":7,"column":17}},{"start":{"line":7,"column":21},"end":{"line":7,"column":54}}],"line":7}},"s":{"0":0,"1":0,"2":0,"3":0,"4":0,"5":0,"6":0,"7":0,"8":0,"9":0,"10":0},"f":{"0":0},"b":{"0":[0,0],"1":[0,0]}}
,"C:\\Users\\dhava\\OneDrive\\Desktop\\SD Project\\const-arch-app\\backend\\models\\bookmark.js": {"path":"C:\\Users\\dhava\\OneDrive\\Desktop\\SD Project\\const-arch-app\\backend\\models\\bookmark.js","statementMap":{"0":{"start":{"line":3,"column":4},"end":{"line":3,"column":17}},"1":{"start":{"line":4,"column":4},"end":{"line":4,"column":25}},"2":{"start":{"line":5,"column":4},"end":{"line":5,"column":25}},"3":{"start":{"line":6,"column":4},"end":{"line":6,"column":37}}},"fnMap":{"0":{"name":"(anonymous_0)","decl":{"start":{"line":2,"column":2},"end":{"line":2,"column":3}},"loc":{"start":{"line":2,"column":48},"end":{"line":7,"column":3}},"line":2}},"branchMap":{},"s":{"0":0,"1":0,"2":0,"3":0},"f":{"0":0},"b":{}}
,"C:\\Users\\dhava\\OneDrive\\Desktop\\SD Project\\const-arch-app\\backend\\models\\directory.js": {"path":"C:\\Users\\dhava\\OneDrive\\Desktop\\SD Project\\const-arch-app\\backend\\models\\directory.js","statementMap":{"0":{"start":{"line":3,"column":4},"end":{"line":3,"column":17}},"1":{"start":{"line":4,"column":4},"end":{"line":4,"column":21}},"2":{"start":{"line":5,"column":4},"end":{"line":5,"column":29}},"3":{"start":{"line":6,"column":4},"end":{"line":6,"column":31}},"4":{"start":{"line":7,"column":4},"end":{"line":7,"column":31}}},"fnMap":{"0":{"name":"(anonymous_0)","decl":{"start":{"line":2,"column":2},"end":{"line":2,"column":3}},"loc":{"start":{"line":2,"column":56},"end":{"line":8,"column":3}},"line":2}},"branchMap":{},"s":{"0":0,"1":0,"2":0,"3":0,"4":0},"f":{"0":0},"b":{}}
,"C:\\Users\\dhava\\OneDrive\\Desktop\\SD Project\\const-arch-app\\backend\\models\\upload.js": {"path":"C:\\Users\\dhava\\OneDrive\\Desktop\\SD Project\\const-arch-app\\backend\\models\\upload.js","statementMap":{"0":{"start":{"line":16,"column":4},"end":{"line":16,"column":17}},"1":{"start":{"line":17,"column":4},"end":{"line":17,"column":29}},"2":{"start":{"line":18,"column":4},"end":{"line":18,"column":29}},"3":{"start":{"line":19,"column":4},"end":{"line":19,"column":35}},"4":{"start":{"line":20,"column":4},"end":{"line":20,"column":33}},"5":{"start":{"line":22,"column":4},"end":{"line":22,"column":29}},"6":{"start":{"line":23,"column":4},"end":{"line":23,"column":21}},"7":{"start":{"line":24,"column":4},"end":{"line":24,"column":33}},"8":{"start":{"line":25,"column":4},"end":{"line":25,"column":33}},"9":{"start":{"line":26,"column":4},"end":{"line":26,"column":39}},"10":{"start":{"line":27,"column":4},"end":{"line":27,"column":31}}},"fnMap":{"0":{"name":"(anonymous_0)","decl":{"start":{"line":2,"column":2},"end":{"line":2,"column":3}},"loc":{"start":{"line":15,"column":4},"end":{"line":28,"column":3}},"line":15}},"branchMap":{},"s":{"0":0,"1":0,"2":0,"3":0,"4":0,"5":0,"6":0,"7":0,"8":0,"9":0,"10":0},"f":{"0":0},"b":{}}
,"C:\\Users\\dhava\\OneDrive\\Desktop\\SD Project\\const-arch-app\\backend\\models\\user.js": {"path":"C:\\Users\\dhava\\OneDrive\\Desktop\\SD Project\\const-arch-app\\backend\\models\\user.js","statementMap":{"0":{"start":{"line":3,"column":8},"end":{"line":3,"column":21}},"1":{"start":{"line":4,"column":8},"end":{"line":4,"column":25}},"2":{"start":{"line":5,"column":8},"end":{"line":5,"column":27}},"3":{"start":{"line":6,"column":8},"end":{"line":6,"column":28}},"4":{"start":{"line":7,"column":8},"end":{"line":7,"column":33}},"5":{"start":{"line":8,"column":8},"end":{"line":8,"column":37}},"6":{"start":{"line":9,"column":8},"end":{"line":9,"column":47}}},"fnMap":{"0":{"name":"(anonymous_0)","decl":{"start":{"line":2,"column":4},"end":{"line":2,"column":5}},"loc":{"start":{"line":2,"column":77},"end":{"line":10,"column":5}},"line":2}},"branchMap":{},"s":{"0":0,"1":0,"2":0,"3":0,"4":0,"5":0,"6":0},"f":{"0":0},"b":{}}
,"C:\\Users\\dhava\\OneDrive\\Desktop\\SD Project\\const-arch-app\\backend\\routes\\bookmark-routes.js": {"path":"C:\\Users\\dhava\\OneDrive\\Desktop\\SD Project\\const-arch-app\\backend\\routes\\bookmark-routes.js","statementMap":{"0":{"start":{"line":1,"column":16},"end":{"line":1,"column":34}},"1":{"start":{"line":5,"column":4},"end":{"line":5,"column":48}},"2":{"start":{"line":7,"column":15},"end":{"line":7,"column":31}},"3":{"start":{"line":9,"column":0},"end":{"line":9,"column":38}},"4":{"start":{"line":10,"column":0},"end":{"line":10,"column":47}},"5":{"start":{"line":12,"column":0},"end":{"line":14,"column":2}}},"fnMap":{},"branchMap":{},"s":{"0":0,"1":0,"2":0,"3":0,"4":0,"5":0},"f":{},"b":{}}
,"C:\\Users\\dhava\\OneDrive\\Desktop\\SD Project\\const-arch-app\\backend\\routes\\directory-routes.js": {"path":"C:\\Users\\dhava\\OneDrive\\Desktop\\SD Project\\const-arch-app\\backend\\routes\\directory-routes.js","statementMap":{"0":{"start":{"line":1,"column":16},"end":{"line":1,"column":34}},"1":{"start":{"line":5,"column":4},"end":{"line":5,"column":49}},"2":{"start":{"line":7,"column":15},"end":{"line":7,"column":31}},"3":{"start":{"line":9,"column":0},"end":{"line":9,"column":40}},"4":{"start":{"line":10,"column":0},"end":{"line":10,"column":49}},"5":{"start":{"line":12,"column":0},"end":{"line":14,"column":2}}},"fnMap":{},"branchMap":{},"s":{"0":0,"1":0,"2":0,"3":0,"4":0,"5":0},"f":{},"b":{}}
,"C:\\Users\\dhava\\OneDrive\\Desktop\\SD Project\\const-arch-app\\backend\\routes\\settings-routes.js": {"path":"C:\\Users\\dhava\\OneDrive\\Desktop\\SD Project\\const-arch-app\\backend\\routes\\settings-routes.js","statementMap":{"0":{"start":{"line":1,"column":16},"end":{"line":1,"column":34}},"1":{"start":{"line":2,"column":19},"end":{"line":2,"column":59}},"2":{"start":{"line":4,"column":23},"end":{"line":4,"column":39}},"3":{"start":{"line":6,"column":0},"end":{"line":6,"column":40}},"4":{"start":{"line":8,"column":0},"end":{"line":10,"column":2}}},"fnMap":{},"branchMap":{},"s":{"0":0,"1":0,"2":0,"3":0,"4":0},"f":{},"b":{}}
,"C:\\Users\\dhava\\OneDrive\\Desktop\\SD Project\\const-arch-app\\backend\\routes\\upload-routes.js": {"path":"C:\\Users\\dhava\\OneDrive\\Desktop\\SD Project\\const-arch-app\\backend\\routes\\upload-routes.js","statementMap":{"0":{"start":{"line":1,"column":16},"end":{"line":1,"column":34}},"1":{"start":{"line":2,"column":50},"end":{"line":2,"column":92}},"2":{"start":{"line":4,"column":15},"end":{"line":4,"column":31}},"3":{"start":{"line":6,"column":0},"end":{"line":6,"column":34}},"4":{"start":{"line":7,"column":0},"end":{"line":7,"column":44}},"5":{"start":{"line":8,"column":0},"end":{"line":8,"column":36}},"6":{"start":{"line":10,"column":0},"end":{"line":12,"column":2}}},"fnMap":{},"branchMap":{},"s":{"0":0,"1":0,"2":0,"3":0,"4":0,"5":0,"6":0},"f":{},"b":{}}
,"C:\\Users\\dhava\\OneDrive\\Desktop\\SD Project\\const-arch-app\\backend\\routes\\user-routes.js": {"path":"C:\\Users\\dhava\\OneDrive\\Desktop\\SD Project\\const-arch-app\\backend\\routes\\user-routes.js","statementMap":{"0":{"start":{"line":2,"column":16},"end":{"line":2,"column":34}},"1":{"start":{"line":3,"column":57},"end":{"line":3,"column":97}},"2":{"start":{"line":5,"column":15},"end":{"line":5,"column":31}},"3":{"start":{"line":7,"column":0},"end":{"line":7,"column":30}},"4":{"start":{"line":8,"column":0},"end":{"line":8,"column":39}},"5":{"start":{"line":9,"column":0},"end":{"line":9,"column":38}},"6":{"start":{"line":10,"column":0},"end":{"line":10,"column":37}},"7":{"start":{"line":12,"column":0},"end":{"line":14,"column":1}}},"fnMap":{},"branchMap":{},"s":{"0":0,"1":0,"2":0,"3":0,"4":0,"5":0,"6":0,"7":0},"f":{},"b":{}}
,"C:\\Users\\dhava\\OneDrive\\Desktop\\SD Project\\const-arch-app\\frontend\\src\\Firebase\\authorisation.js": {"path":"C:\\Users\\dhava\\OneDrive\\Desktop\\SD Project\\const-arch-app\\frontend\\src\\Firebase\\authorisation.js","statementMap":{"0":{"start":{"line":18,"column":17},"end":{"line":18,"column":76}},"1":{"start":{"line":20,"column":29},"end":{"line":25,"column":2}},"2":{"start":{"line":20,"column":40},"end":{"line":25,"column":1}},"3":{"start":{"line":28,"column":2},"end":{"line":28,"column":55}},"4":{"start":{"line":28,"column":14},"end":{"line":28,"column":55}},"5":{"start":{"line":29,"column":2},"end":{"line":29,"column":61}},"6":{"start":{"line":29,"column":17},"end":{"line":29,"column":61}},"7":{"start":{"line":31,"column":25},"end":{"line":35,"column":3}},"8":{"start":{"line":36,"column":15},"end":{"line":36,"column":34}},"9":{"start":{"line":38,"column":2},"end":{"line":40,"column":3}},"10":{"start":{"line":39,"column":4},"end":{"line":39,"column":53}},"11":{"start":{"line":42,"column":2},"end":{"line":48,"column":3}},"12":{"start":{"line":43,"column":4},"end":{"line":43,"column":38}},"13":{"start":{"line":44,"column":4},"end":{"line":44,"column":71}},"14":{"start":{"line":46,"column":4},"end":{"line":46,"column":68}},"15":{"start":{"line":47,"column":4},"end":{"line":47,"column":54}},"16":{"start":{"line":50,"column":2},"end":{"line":56,"column":3}},"17":{"start":{"line":51,"column":26},"end":{"line":51,"column":52}},"18":{"start":{"line":52,"column":4},"end":{"line":52,"column":60}},"19":{"start":{"line":53,"column":4},"end":{"line":53,"column":44}},"20":{"start":{"line":55,"column":4},"end":{"line":55,"column":65}},"21":{"start":{"line":58,"column":2},"end":{"line":58,"column":14}},"22":{"start":{"line":62,"column":2},"end":{"line":62,"column":55}},"23":{"start":{"line":62,"column":14},"end":{"line":62,"column":55}},"24":{"start":{"line":63,"column":2},"end":{"line":63,"column":61}},"25":{"start":{"line":63,"column":17},"end":{"line":63,"column":61}},"26":{"start":{"line":65,"column":26},"end":{"line":69,"column":3}},"27":{"start":{"line":70,"column":2},"end":{"line":70,"column":30}},"28":{"start":{"line":74,"column":17},"end":{"line":74,"column":54}},"29":{"start":{"line":75,"column":15},"end":{"line":75,"column":26}},"30":{"start":{"line":77,"column":2},"end":{"line":79,"column":3}},"31":{"start":{"line":78,"column":4},"end":{"line":78,"column":55}},"32":{"start":{"line":81,"column":21},"end":{"line":81,"column":47}},"33":{"start":{"line":82,"column":22},"end":{"line":82,"column":46}},"34":{"start":{"line":84,"column":2},"end":{"line":92,"column":3}},"35":{"start":{"line":85,"column":26},"end":{"line":85,"column":52}},"36":{"start":{"line":86,"column":4},"end":{"line":91,"column":5}},"37":{"start":{"line":87,"column":6},"end":{"line":87,"column":62}},"38":{"start":{"line":88,"column":6},"end":{"line":88,"column":52}},"39":{"start":{"line":90,"column":6},"end":{"line":90,"column":62}},"40":{"start":{"line":94,"column":2},"end":{"line":94,"column":14}},"41":{"start":{"line":97,"column":28},"end":{"line":111,"column":1}},"42":{"start":{"line":98,"column":19},"end":{"line":98,"column":28}},"43":{"start":{"line":99,"column":2},"end":{"line":110,"column":3}},"44":{"start":{"line":100,"column":4},"end":{"line":100,"column":28}},"45":{"start":{"line":101,"column":4},"end":{"line":101,"column":18}},"46":{"start":{"line":102,"column":4},"end":{"line":102,"column":36}},"47":{"start":{"line":103,"column":4},"end":{"line":106,"column":7}},"48":{"start":{"line":107,"column":4},"end":{"line":107,"column":18}},"49":{"start":{"line":109,"column":4},"end":{"line":109,"column":47}},"50":{"start":{"line":113,"column":32},"end":{"line":134,"column":1}},"51":{"start":{"line":114,"column":21},"end":{"line":114,"column":30}},"52":{"start":{"line":115,"column":4},"end":{"line":133,"column":5}},"53":{"start":{"line":116,"column":6},"end":{"line":122,"column":7}},"54":{"start":{"line":117,"column":8},"end":{"line":120,"column":10}},"55":{"start":{"line":121,"column":8},"end":{"line":121,"column":49}},"56":{"start":{"line":124,"column":6},"end":{"line":124,"column":51}},"57":{"start":{"line":125,"column":6},"end":{"line":125,"column":33}},"58":{"start":{"line":126,"column":6},"end":{"line":129,"column":9}},"59":{"start":{"line":131,"column":6},"end":{"line":131,"column":51}},"60":{"start":{"line":132,"column":6},"end":{"line":132,"column":18}}},"fnMap":{"0":{"name":"(anonymous_0)","decl":{"start":{"line":20,"column":29},"end":{"line":20,"column":30}},"loc":{"start":{"line":20,"column":40},"end":{"line":25,"column":1}},"line":20},"1":{"name":"signUpWithEmail","decl":{"start":{"line":27,"column":22},"end":{"line":27,"column":37}},"loc":{"start":{"line":27,"column":61},"end":{"line":59,"column":1}},"line":27},"2":{"name":"signInWithEmail","decl":{"start":{"line":61,"column":22},"end":{"line":61,"column":37}},"loc":{"start":{"line":61,"column":55},"end":{"line":71,"column":1}},"line":61},"3":{"name":"withProvider","decl":{"start":{"line":73,"column":22},"end":{"line":73,"column":34}},"loc":{"start":{"line":73,"column":45},"end":{"line":95,"column":1}},"line":73},"4":{"name":"(anonymous_4)","decl":{"start":{"line":97,"column":28},"end":{"line":97,"column":29}},"loc":{"start":{"line":97,"column":57},"end":{"line":111,"column":1}},"line":97},"5":{"name":"(anonymous_5)","decl":{"start":{"line":113,"column":32},"end":{"line":113,"column":33}},"loc":{"start":{"line":113,"column":49},"end":{"line":134,"column":1}},"line":113}},"branchMap":{"0":{"loc":{"start":{"line":18,"column":17},"end":{"line":18,"column":76}},"type":"binary-expr","locations":[{"start":{"line":18,"column":17},"end":{"line":18,"column":46}},{"start":{"line":18,"column":50},"end":{"line":18,"column":76}}],"line":18},"1":{"loc":{"start":{"line":22,"column":8},"end":{"line":22,"column":30}},"type":"binary-expr","locations":[{"start":{"line":22,"column":8},"end":{"line":22,"column":24}},{"start":{"line":22,"column":28},"end":{"line":22,"column":30}}],"line":22},"2":{"loc":{"start":{"line":24,"column":12},"end":{"line":24,"column":31}},"type":"binary-expr","locations":[{"start":{"line":24,"column":12},"end":{"line":24,"column":25}},{"start":{"line":24,"column":29},"end":{"line":24,"column":31}}],"line":24},"3":{"loc":{"start":{"line":28,"column":2},"end":{"line":28,"column":55}},"type":"if","locations":[{"start":{"line":28,"column":2},"end":{"line":28,"column":55}},{"start":{},"end":{}}],"line":28},"4":{"loc":{"start":{"line":29,"column":2},"end":{"line":29,"column":61}},"type":"if","locations":[{"start":{"line":29,"column":2},"end":{"line":29,"column":61}},{"start":{},"end":{}}],"line":29},"5":{"loc":{"start":{"line":38,"column":2},"end":{"line":40,"column":3}},"type":"if","locations":[{"start":{"line":38,"column":2},"end":{"line":40,"column":3}},{"start":{},"end":{}}],"line":38},"6":{"loc":{"start":{"line":62,"column":2},"end":{"line":62,"column":55}},"type":"if","locations":[{"start":{"line":62,"column":2},"end":{"line":62,"column":55}},{"start":{},"end":{}}],"line":62},"7":{"loc":{"start":{"line":63,"column":2},"end":{"line":63,"column":61}},"type":"if","locations":[{"start":{"line":63,"column":2},"end":{"line":63,"column":61}},{"start":{},"end":{}}],"line":63},"8":{"loc":{"start":{"line":77,"column":2},"end":{"line":79,"column":3}},"type":"if","locations":[{"start":{"line":77,"column":2},"end":{"line":79,"column":3}},{"start":{},"end":{}}],"line":77},"9":{"loc":{"start":{"line":77,"column":6},"end":{"line":77,"column":24}},"type":"binary-expr","locations":[{"start":{"line":77,"column":6},"end":{"line":77,"column":11}},{"start":{"line":77,"column":15},"end":{"line":77,"column":24}}],"line":77},"10":{"loc":{"start":{"line":84,"column":2},"end":{"line":92,"column":3}},"type":"if","locations":[{"start":{"line":84,"column":2},"end":{"line":92,"column":3}},{"start":{},"end":{}}],"line":84},"11":{"loc":{"start":{"line":116,"column":6},"end":{"line":122,"column":7}},"type":"if","locations":[{"start":{"line":116,"column":6},"end":{"line":122,"column":7}},{"start":{},"end":{}}],"line":116}},"s":{"0":0,"1":0,"2":0,"3":0,"4":0,"5":0,"6":0,"7":0,"8":0,"9":0,"10":0,"11":0,"12":0,"13":0,"14":0,"15":0,"16":0,"17":0,"18":0,"19":0,"20":0,"21":0,"22":0,"23":0,"24":0,"25":0,"26":0,"27":0,"28":0,"29":0,"30":0,"31":0,"32":0,"33":0,"34":0,"35":0,"36":0,"37":0,"38":0,"39":0,"40":0,"41":0,"42":0,"43":0,"44":0,"45":0,"46":0,"47":0,"48":0,"49":0,"50":0,"51":0,"52":0,"53":0,"54":0,"55":0,"56":0,"57":0,"58":0,"59":0,"60":0},"f":{"0":0,"1":0,"2":0,"3":0,"4":0,"5":0},"b":{"0":[0,0],"1":[0,0],"2":[0,0],"3":[0,0],"4":[0,0],"5":[0,0],"6":[0,0],"7":[0,0],"8":[0,0],"9":[0,0],"10":[0,0],"11":[0,0]}}
,"C:\\Users\\dhava\\OneDrive\\Desktop\\SD Project\\const-arch-app\\frontend\\src\\Firebase\\firebase.js": {"path":"C:\\Users\\dhava\\OneDrive\\Desktop\\SD Project\\const-arch-app\\frontend\\src\\Firebase\\firebase.js","statementMap":{"0":{"start":{"line":10,"column":23},"end":{"line":19,"column":1}},"1":{"start":{"line":21,"column":12},"end":{"line":21,"column":41}},"2":{"start":{"line":23,"column":20},"end":{"line":23,"column":32}},"3":{"start":{"line":24,"column":30},"end":{"line":24,"column":54}},"4":{"start":{"line":25,"column":18},"end":{"line":25,"column":35}},"5":{"start":{"line":26,"column":23},"end":{"line":26,"column":38}}},"fnMap":{},"branchMap":{},"s":{"0":0,"1":0,"2":0,"3":0,"4":0,"5":0},"f":{},"b":{}}
,"C:\\Users\\dhava\\OneDrive\\Desktop\\SD Project\\const-arch-app\\frontend\\src\\components\\BookMarksContent.jsx": {"path":"C:\\Users\\dhava\\OneDrive\\Desktop\\SD Project\\const-arch-app\\frontend\\src\\components\\BookMarksContent.jsx","statementMap":{"0":{"start":{"line":3,"column":25},"end":{"line":55,"column":1}},"1":{"start":{"line":4,"column":22},"end":{"line":27,"column":4}},"2":{"start":{"line":29,"column":2},"end":{"line":54,"column":4}},"3":{"start":{"line":36,"column":12},"end":{"line":49,"column":22}}},"fnMap":{"0":{"name":"(anonymous_0)","decl":{"start":{"line":3,"column":25},"end":{"line":3,"column":26}},"loc":{"start":{"line":3,"column":31},"end":{"line":55,"column":1}},"line":3},"1":{"name":"(anonymous_1)","decl":{"start":{"line":35,"column":25},"end":{"line":35,"column":26}},"loc":{"start":{"line":36,"column":12},"end":{"line":49,"column":22}},"line":36}},"branchMap":{},"s":{"0":0,"1":0,"2":0,"3":0},"f":{"0":0,"1":0},"b":{}}
,"C:\\Users\\dhava\\OneDrive\\Desktop\\SD Project\\const-arch-app\\frontend\\src\\components\\IconButton.jsx": {"path":"C:\\Users\\dhava\\OneDrive\\Desktop\\SD Project\\const-arch-app\\frontend\\src\\components\\IconButton.jsx","statementMap":{"0":{"start":{"line":5,"column":19},"end":{"line":37,"column":1}},"1":{"start":{"line":14,"column":4},"end":{"line":17,"column":7}},"2":{"start":{"line":20,"column":2},"end":{"line":26,"column":3}},"3":{"start":{"line":21,"column":4},"end":{"line":25,"column":6}},"4":{"start":{"line":28,"column":2},"end":{"line":36,"column":4}}},"fnMap":{"0":{"name":"(anonymous_0)","decl":{"start":{"line":5,"column":19},"end":{"line":5,"column":20}},"loc":{"start":{"line":12,"column":6},"end":{"line":37,"column":1}},"line":12}},"branchMap":{"0":{"loc":{"start":{"line":10,"column":2},"end":{"line":10,"column":17}},"type":"default-arg","locations":[{"start":{"line":10,"column":9},"end":{"line":10,"column":17}}],"line":10},"1":{"loc":{"start":{"line":11,"column":2},"end":{"line":11,"column":15}},"type":"default-arg","locations":[{"start":{"line":11,"column":11},"end":{"line":11,"column":15}}],"line":11},"2":{"loc":{"start":{"line":15,"column":7},"end":{"line":15,"column":66}},"type":"binary-expr","locations":[{"start":{"line":15,"column":7},"end":{"line":15,"column":11}},{"start":{"line":15,"column":15},"end":{"line":15,"column":66}}],"line":15},"3":{"loc":{"start":{"line":20,"column":2},"end":{"line":26,"column":3}},"type":"if","locations":[{"start":{"line":20,"column":2},"end":{"line":26,"column":3}},{"start":{},"end":{}}],"line":20},"4":{"loc":{"start":{"line":20,"column":6},"end":{"line":20,"column":34}},"type":"binary-expr","locations":[{"start":{"line":20,"column":6},"end":{"line":20,"column":13}},{"start":{"line":20,"column":17},"end":{"line":20,"column":34}}],"line":20}},"s":{"0":0,"1":0,"2":0,"3":0,"4":0},"f":{"0":0},"b":{"0":[0],"1":[0],"2":[0,0],"3":[0,0],"4":[0,0]}}
,"C:\\Users\\dhava\\OneDrive\\Desktop\\SD Project\\const-arch-app\\frontend\\src\\components\\InputField.jsx": {"path":"C:\\Users\\dhava\\OneDrive\\Desktop\\SD Project\\const-arch-app\\frontend\\src\\components\\InputField.jsx","statementMap":{"0":{"start":{"line":3,"column":19},"end":{"line":26,"column":1}},"1":{"start":{"line":12,"column":2},"end":{"line":25,"column":4}}},"fnMap":{"0":{"name":"(anonymous_0)","decl":{"start":{"line":3,"column":19},"end":{"line":3,"column":20}},"loc":{"start":{"line":11,"column":6},"end":{"line":26,"column":1}},"line":11}},"branchMap":{"0":{"loc":{"start":{"line":10,"column":2},"end":{"line":10,"column":17}},"type":"default-arg","locations":[{"start":{"line":10,"column":13},"end":{"line":10,"column":17}}],"line":10}},"s":{"0":0,"1":0},"f":{"0":0},"b":{"0":[0]}}
,"C:\\Users\\dhava\\OneDrive\\Desktop\\SD Project\\const-arch-app\\frontend\\src\\components\\InputImage.jsx": {"path":"C:\\Users\\dhava\\OneDrive\\Desktop\\SD Project\\const-arch-app\\frontend\\src\\components\\InputImage.jsx","statementMap":{"0":{"start":{"line":7,"column":2},"end":{"line":7,"column":25}},"1":{"start":{"line":7,"column":18},"end":{"line":7,"column":25}},"2":{"start":{"line":9,"column":15},"end":{"line":9,"column":32}},"3":{"start":{"line":10,"column":2},"end":{"line":10,"column":20}},"4":{"start":{"line":10,"column":13},"end":{"line":10,"column":20}},"5":{"start":{"line":12,"column":18},"end":{"line":12,"column":43}},"6":{"start":{"line":13,"column":2},"end":{"line":13,"column":25}},"7":{"start":{"line":14,"column":2},"end":{"line":14,"column":39}},"8":{"start":{"line":18,"column":19},"end":{"line":18,"column":28}},"9":{"start":{"line":19,"column":23},"end":{"line":19,"column":41}},"10":{"start":{"line":21,"column":38},"end":{"line":21,"column":78}},"11":{"start":{"line":23,"column":24},"end":{"line":27,"column":11}},"12":{"start":{"line":26,"column":37},"end":{"line":26,"column":57}},"13":{"start":{"line":29,"column":2},"end":{"line":31,"column":13}},"14":{"start":{"line":30,"column":4},"end":{"line":30,"column":50}},"15":{"start":{"line":33,"column":2},"end":{"line":67,"column":4}},"16":{"start":{"line":54,"column":27},"end":{"line":54,"column":87}}},"fnMap":{"0":{"name":"handleFileChange","decl":{"start":{"line":6,"column":16},"end":{"line":6,"column":32}},"loc":{"start":{"line":6,"column":77},"end":{"line":15,"column":1}},"line":6},"1":{"name":"InputImage","decl":{"start":{"line":17,"column":24},"end":{"line":17,"column":34}},"loc":{"start":{"line":17,"column":72},"end":{"line":68,"column":1}},"line":17},"2":{"name":"(anonymous_2)","decl":{"start":{"line":26,"column":27},"end":{"line":26,"column":28}},"loc":{"start":{"line":26,"column":37},"end":{"line":26,"column":57}},"line":26},"3":{"name":"(anonymous_3)","decl":{"start":{"line":29,"column":12},"end":{"line":29,"column":13}},"loc":{"start":{"line":29,"column":18},"end":{"line":31,"column":3}},"line":29},"4":{"name":"(anonymous_4)","decl":{"start":{"line":54,"column":20},"end":{"line":54,"column":21}},"loc":{"start":{"line":54,"column":27},"end":{"line":54,"column":87}},"line":54}},"branchMap":{"0":{"loc":{"start":{"line":7,"column":2},"end":{"line":7,"column":25}},"type":"if","locations":[{"start":{"line":7,"column":2},"end":{"line":7,"column":25}},{"start":{},"end":{}}],"line":7},"1":{"loc":{"start":{"line":10,"column":2},"end":{"line":10,"column":20}},"type":"if","locations":[{"start":{"line":10,"column":2},"end":{"line":10,"column":20}},{"start":{},"end":{}}],"line":10},"2":{"loc":{"start":{"line":14,"column":2},"end":{"line":14,"column":38}},"type":"binary-expr","locations":[{"start":{"line":14,"column":2},"end":{"line":14,"column":15}},{"start":{"line":14,"column":19},"end":{"line":14,"column":38}}],"line":14},"3":{"loc":{"start":{"line":17,"column":37},"end":{"line":17,"column":53}},"type":"default-arg","locations":[{"start":{"line":17,"column":49},"end":{"line":17,"column":53}}],"line":17},"4":{"loc":{"start":{"line":21,"column":47},"end":{"line":21,"column":77}},"type":"binary-expr","locations":[{"start":{"line":21,"column":47},"end":{"line":21,"column":61}},{"start":{"line":21,"column":65},"end":{"line":21,"column":77}}],"line":21},"5":{"loc":{"start":{"line":23,"column":24},"end":{"line":27,"column":11}},"type":"cond-expr","locations":[{"start":{"line":24,"column":6},"end":{"line":26,"column":58}},{"start":{"line":27,"column":6},"end":{"line":27,"column":11}}],"line":23},"6":{"loc":{"start":{"line":30,"column":18},"end":{"line":30,"column":48}},"type":"binary-expr","locations":[{"start":{"line":30,"column":18},"end":{"line":30,"column":32}},{"start":{"line":30,"column":36},"end":{"line":30,"column":48}}],"line":30},"7":{"loc":{"start":{"line":36,"column":17},"end":{"line":36,"column":57}},"type":"cond-expr","locations":[{"start":{"line":36,"column":29},"end":{"line":36,"column":45}},{"start":{"line":36,"column":48},"end":{"line":36,"column":57}}],"line":36},"8":{"loc":{"start":{"line":37,"column":19},"end":{"line":37,"column":52}},"type":"cond-expr","locations":[{"start":{"line":37,"column":31},"end":{"line":37,"column":47}},{"start":{"line":37,"column":50},"end":{"line":37,"column":52}}],"line":37},"9":{"loc":{"start":{"line":48,"column":7},"end":{"line":57,"column":7}},"type":"binary-expr","locations":[{"start":{"line":48,"column":7},"end":{"line":48,"column":16}},{"start":{"line":49,"column":8},"end":{"line":56,"column":10}}],"line":48},"10":{"loc":{"start":{"line":60,"column":18},"end":{"line":60,"column":45}},"type":"binary-expr","locations":[{"start":{"line":60,"column":18},"end":{"line":60,"column":35}},{"start":{"line":60,"column":39},"end":{"line":60,"column":45}}],"line":60}},"s":{"0":0,"1":0,"2":0,"3":0,"4":0,"5":0,"6":0,"7":0,"8":0,"9":0,"10":0,"11":0,"12":0,"13":0,"14":0,"15":0,"16":0},"f":{"0":0,"1":0,"2":0,"3":0,"4":0},"b":{"0":[0,0],"1":[0,0],"2":[0,0],"3":[0],"4":[0,0],"5":[0,0],"6":[0,0],"7":[0,0],"8":[0,0],"9":[0,0],"10":[0,0]}}
,"C:\\Users\\dhava\\OneDrive\\Desktop\\SD Project\\const-arch-app\\frontend\\src\\components\\NavigationComponent.jsx": {"path":"C:\\Users\\dhava\\OneDrive\\Desktop\\SD Project\\const-arch-app\\frontend\\src\\components\\NavigationComponent.jsx","statementMap":{"0":{"start":{"line":9,"column":28},"end":{"line":60,"column":1}},"1":{"start":{"line":10,"column":34},"end":{"line":10,"column":49}},"2":{"start":{"line":11,"column":37},"end":{"line":11,"column":46}},"3":{"start":{"line":12,"column":19},"end":{"line":12,"column":32}},"4":{"start":{"line":14,"column":2},"end":{"line":59,"column":4}},"5":{"start":{"line":18,"column":23},"end":{"line":18,"column":51}},"6":{"start":{"line":18,"column":45},"end":{"line":18,"column":50}},"7":{"start":{"line":51,"column":27},"end":{"line":51,"column":58}}},"fnMap":{"0":{"name":"(anonymous_0)","decl":{"start":{"line":9,"column":28},"end":{"line":9,"column":29}},"loc":{"start":{"line":9,"column":34},"end":{"line":60,"column":1}},"line":9},"1":{"name":"(anonymous_1)","decl":{"start":{"line":18,"column":17},"end":{"line":18,"column":18}},"loc":{"start":{"line":18,"column":23},"end":{"line":18,"column":51}},"line":18},"2":{"name":"(anonymous_2)","decl":{"start":{"line":18,"column":35},"end":{"line":18,"column":36}},"loc":{"start":{"line":18,"column":45},"end":{"line":18,"column":50}},"line":18},"3":{"name":"(anonymous_3)","decl":{"start":{"line":51,"column":21},"end":{"line":51,"column":22}},"loc":{"start":{"line":51,"column":27},"end":{"line":51,"column":58}},"line":51}},"branchMap":{"0":{"loc":{"start":{"line":23,"column":7},"end":{"line":57,"column":7}},"type":"binary-expr","locations":[{"start":{"line":23,"column":7},"end":{"line":23,"column":15}},{"start":{"line":24,"column":8},"end":{"line":56,"column":14}}],"line":23},"1":{"loc":{"start":{"line":33,"column":11},"end":{"line":48,"column":11}},"type":"binary-expr","locations":[{"start":{"line":33,"column":11},"end":{"line":33,"column":18}},{"start":{"line":34,"column":12},"end":{"line":47,"column":15}}],"line":33}},"s":{"0":0,"1":0,"2":0,"3":0,"4":0,"5":0,"6":0,"7":0},"f":{"0":0,"1":0,"2":0,"3":0},"b":{"0":[0,0],"1":[0,0]}}
,"C:\\Users\\dhava\\OneDrive\\Desktop\\SD Project\\const-arch-app\\frontend\\src\\components\\NavigationDashLeft.jsx": {"path":"C:\\Users\\dhava\\OneDrive\\Desktop\\SD Project\\const-arch-app\\frontend\\src\\components\\NavigationDashLeft.jsx","statementMap":{"0":{"start":{"line":8,"column":27},"end":{"line":55,"column":1}},"1":{"start":{"line":9,"column":37},"end":{"line":9,"column":46}},"2":{"start":{"line":11,"column":19},"end":{"line":11,"column":32}},"3":{"start":{"line":12,"column":2},"end":{"line":54,"column":4}},"4":{"start":{"line":47,"column":25},"end":{"line":47,"column":56}}},"fnMap":{"0":{"name":"(anonymous_0)","decl":{"start":{"line":8,"column":27},"end":{"line":8,"column":28}},"loc":{"start":{"line":8,"column":33},"end":{"line":55,"column":1}},"line":8},"1":{"name":"(anonymous_1)","decl":{"start":{"line":47,"column":19},"end":{"line":47,"column":20}},"loc":{"start":{"line":47,"column":25},"end":{"line":47,"column":56}},"line":47}},"branchMap":{"0":{"loc":{"start":{"line":28,"column":9},"end":{"line":42,"column":9}},"type":"binary-expr","locations":[{"start":{"line":28,"column":9},"end":{"line":28,"column":16}},{"start":{"line":29,"column":10},"end":{"line":41,"column":13}}],"line":28}},"s":{"0":0,"1":0,"2":0,"3":0,"4":0},"f":{"0":0,"1":0},"b":{"0":[0,0]}}
,"C:\\Users\\dhava\\OneDrive\\Desktop\\SD Project\\const-arch-app\\frontend\\src\\components\\PasswordInputField.jsx": {"path":"C:\\Users\\dhava\\OneDrive\\Desktop\\SD Project\\const-arch-app\\frontend\\src\\components\\PasswordInputField.jsx","statementMap":{"0":{"start":{"line":3,"column":27},"end":{"line":36,"column":1}},"1":{"start":{"line":10,"column":42},"end":{"line":10,"column":57}},"2":{"start":{"line":12,"column":25},"end":{"line":14,"column":3}},"3":{"start":{"line":13,"column":4},"end":{"line":13,"column":37}},"4":{"start":{"line":13,"column":30},"end":{"line":13,"column":35}},"5":{"start":{"line":16,"column":2},"end":{"line":35,"column":4}}},"fnMap":{"0":{"name":"(anonymous_0)","decl":{"start":{"line":3,"column":27},"end":{"line":3,"column":28}},"loc":{"start":{"line":9,"column":6},"end":{"line":36,"column":1}},"line":9},"1":{"name":"(anonymous_1)","decl":{"start":{"line":12,"column":25},"end":{"line":12,"column":26}},"loc":{"start":{"line":12,"column":31},"end":{"line":14,"column":3}},"line":12},"2":{"name":"(anonymous_2)","decl":{"start":{"line":13,"column":20},"end":{"line":13,"column":21}},"loc":{"start":{"line":13,"column":30},"end":{"line":13,"column":35}},"line":13}},"branchMap":{"0":{"loc":{"start":{"line":8,"column":2},"end":{"line":8,"column":17}},"type":"default-arg","locations":[{"start":{"line":8,"column":13},"end":{"line":8,"column":17}}],"line":8},"1":{"loc":{"start":{"line":20,"column":14},"end":{"line":20,"column":48}},"type":"cond-expr","locations":[{"start":{"line":20,"column":29},"end":{"line":20,"column":35}},{"start":{"line":20,"column":38},"end":{"line":20,"column":48}}],"line":20},"2":{"loc":{"start":{"line":32,"column":9},"end":{"line":32,"column":55}},"type":"cond-expr","locations":[{"start":{"line":32,"column":24},"end":{"line":32,"column":40}},{"start":{"line":32,"column":43},"end":{"line":32,"column":55}}],"line":32}},"s":{"0":0,"1":0,"2":0,"3":0,"4":0,"5":0},"f":{"0":0,"1":0,"2":0},"b":{"0":[0],"1":[0,0],"2":[0,0]}}
,"C:\\Users\\dhava\\OneDrive\\Desktop\\SD Project\\const-arch-app\\frontend\\src\\components\\ThemeSwitch.jsx": {"path":"C:\\Users\\dhava\\OneDrive\\Desktop\\SD Project\\const-arch-app\\frontend\\src\\components\\ThemeSwitch.jsx","statementMap":{"0":{"start":{"line":4,"column":20},"end":{"line":28,"column":1}},"1":{"start":{"line":5,"column":38},"end":{"line":5,"column":53}},"2":{"start":{"line":7,"column":22},"end":{"line":9,"column":3}},"3":{"start":{"line":8,"column":4},"end":{"line":8,"column":35}},"4":{"start":{"line":8,"column":28},"end":{"line":8,"column":33}},"5":{"start":{"line":11,"column":2},"end":{"line":17,"column":19}},"6":{"start":{"line":12,"column":4},"end":{"line":16,"column":5}},"7":{"start":{"line":13,"column":6},"end":{"line":13,"column":48}},"8":{"start":{"line":15,"column":6},"end":{"line":15,"column":51}},"9":{"start":{"line":19,"column":2},"end":{"line":27,"column":4}}},"fnMap":{"0":{"name":"(anonymous_0)","decl":{"start":{"line":4,"column":20},"end":{"line":4,"column":21}},"loc":{"start":{"line":4,"column":26},"end":{"line":28,"column":1}},"line":4},"1":{"name":"(anonymous_1)","decl":{"start":{"line":7,"column":22},"end":{"line":7,"column":23}},"loc":{"start":{"line":7,"column":28},"end":{"line":9,"column":3}},"line":7},"2":{"name":"(anonymous_2)","decl":{"start":{"line":8,"column":18},"end":{"line":8,"column":19}},"loc":{"start":{"line":8,"column":28},"end":{"line":8,"column":33}},"line":8},"3":{"name":"(anonymous_3)","decl":{"start":{"line":11,"column":12},"end":{"line":11,"column":13}},"loc":{"start":{"line":11,"column":18},"end":{"line":17,"column":3}},"line":11}},"branchMap":{"0":{"loc":{"start":{"line":12,"column":4},"end":{"line":16,"column":5}},"type":"if","locations":[{"start":{"line":12,"column":4},"end":{"line":16,"column":5}},{"start":{"line":14,"column":11},"end":{"line":16,"column":5}}],"line":12}},"s":{"0":0,"1":0,"2":0,"3":0,"4":0,"5":0,"6":0,"7":0,"8":0,"9":0},"f":{"0":0,"1":0,"2":0,"3":0},"b":{"0":[0,0]}}
,"C:\\Users\\dhava\\OneDrive\\Desktop\\SD Project\\const-arch-app\\frontend\\src\\components\\DirectoryComponents\\DirectoryBlock.jsx": {"path":"C:\\Users\\dhava\\OneDrive\\Desktop\\SD Project\\const-arch-app\\frontend\\src\\components\\DirectoryComponents\\DirectoryBlock.jsx","statementMap":{"0":{"start":{"line":6,"column":23},"end":{"line":50,"column":1}},"1":{"start":{"line":7,"column":32},"end":{"line":7,"column":44}},"2":{"start":{"line":8,"column":28},"end":{"line":8,"column":40}},"3":{"start":{"line":10,"column":2},"end":{"line":42,"column":9}},"4":{"start":{"line":11,"column":22},"end":{"line":39,"column":5}},"5":{"start":{"line":12,"column":6},"end":{"line":38,"column":7}},"6":{"start":{"line":13,"column":23},"end":{"line":13,"column":44}},"7":{"start":{"line":14,"column":8},"end":{"line":14,"column":28}},"8":{"start":{"line":14,"column":21},"end":{"line":14,"column":28}},"9":{"start":{"line":16,"column":32},"end":{"line":18,"column":9}},"10":{"start":{"line":19,"column":31},"end":{"line":22,"column":11}},"11":{"start":{"line":19,"column":66},"end":{"line":22,"column":9}},"12":{"start":{"line":23,"column":8},"end":{"line":27,"column":10}},"13":{"start":{"line":25,"column":24},"end":{"line":25,"column":72}},"14":{"start":{"line":28,"column":30},"end":{"line":30,"column":9}},"15":{"start":{"line":31,"column":29},"end":{"line":34,"column":11}},"16":{"start":{"line":31,"column":62},"end":{"line":34,"column":9}},"17":{"start":{"line":35,"column":8},"end":{"line":35,"column":79}},"18":{"start":{"line":35,"column":44},"end":{"line":35,"column":76}},"19":{"start":{"line":37,"column":8},"end":{"line":37,"column":65}},"20":{"start":{"line":41,"column":4},"end":{"line":41,"column":16}},"21":{"start":{"line":44,"column":2},"end":{"line":49,"column":4}}},"fnMap":{"0":{"name":"(anonymous_0)","decl":{"start":{"line":6,"column":23},"end":{"line":6,"column":24}},"loc":{"start":{"line":6,"column":29},"end":{"line":50,"column":1}},"line":6},"1":{"name":"(anonymous_1)","decl":{"start":{"line":10,"column":12},"end":{"line":10,"column":13}},"loc":{"start":{"line":10,"column":18},"end":{"line":42,"column":3}},"line":10},"2":{"name":"(anonymous_2)","decl":{"start":{"line":11,"column":22},"end":{"line":11,"column":23}},"loc":{"start":{"line":11,"column":34},"end":{"line":39,"column":5}},"line":11},"3":{"name":"(anonymous_3)","decl":{"start":{"line":19,"column":56},"end":{"line":19,"column":57}},"loc":{"start":{"line":19,"column":66},"end":{"line":22,"column":9}},"line":19},"4":{"name":"(anonymous_4)","decl":{"start":{"line":25,"column":12},"end":{"line":25,"column":13}},"loc":{"start":{"line":25,"column":24},"end":{"line":25,"column":72}},"line":25},"5":{"name":"(anonymous_5)","decl":{"start":{"line":31,"column":52},"end":{"line":31,"column":53}},"loc":{"start":{"line":31,"column":62},"end":{"line":34,"column":9}},"line":31},"6":{"name":"(anonymous_6)","decl":{"start":{"line":35,"column":34},"end":{"line":35,"column":35}},"loc":{"start":{"line":35,"column":44},"end":{"line":35,"column":76}},"line":35}},"branchMap":{"0":{"loc":{"start":{"line":14,"column":8},"end":{"line":14,"column":28}},"type":"if","locations":[{"start":{"line":14,"column":8},"end":{"line":14,"column":28}},{"start":{},"end":{}}],"line":14},"1":{"loc":{"start":{"line":25,"column":24},"end":{"line":25,"column":72}},"type":"binary-expr","locations":[{"start":{"line":25,"column":24},"end":{"line":25,"column":35}},{"start":{"line":25,"column":39},"end":{"line":25,"column":51}},{"start":{"line":25,"column":55},"end":{"line":25,"column":72}}],"line":25},"2":{"loc":{"start":{"line":35,"column":44},"end":{"line":35,"column":76}},"type":"binary-expr","locations":[{"start":{"line":35,"column":44},"end":{"line":35,"column":57}},{"start":{"line":35,"column":61},"end":{"line":35,"column":76}}],"line":35}},"s":{"0":0,"1":0,"2":0,"3":0,"4":0,"5":0,"6":0,"7":0,"8":0,"9":0,"10":0,"11":0,"12":0,"13":0,"14":0,"15":0,"16":0,"17":0,"18":0,"19":0,"20":0,"21":0},"f":{"0":0,"1":0,"2":0,"3":0,"4":0,"5":0,"6":0},"b":{"0":[0,0],"1":[0,0,0],"2":[0,0]}}
,"C:\\Users\\dhava\\OneDrive\\Desktop\\SD Project\\const-arch-app\\frontend\\src\\components\\DirectoryComponents\\Dropzone.jsx": {"path":"C:\\Users\\dhava\\OneDrive\\Desktop\\SD Project\\const-arch-app\\frontend\\src\\components\\DirectoryComponents\\Dropzone.jsx","statementMap":{"0":{"start":{"line":5,"column":17},"end":{"line":91,"column":1}},"1":{"start":{"line":6,"column":26},"end":{"line":6,"column":62}},"2":{"start":{"line":8,"column":2},"end":{"line":12,"column":13}},"3":{"start":{"line":9,"column":4},"end":{"line":11,"column":6}},"4":{"start":{"line":10,"column":6},"end":{"line":10,"column":59}},"5":{"start":{"line":10,"column":25},"end":{"line":10,"column":59}},"6":{"start":{"line":14,"column":17},"end":{"line":33,"column":3}},"7":{"start":{"line":16,"column":6},"end":{"line":30,"column":7}},"8":{"start":{"line":17,"column":24},"end":{"line":17,"column":40}},"9":{"start":{"line":18,"column":8},"end":{"line":24,"column":11}},"10":{"start":{"line":26,"column":8},"end":{"line":29,"column":11}},"11":{"start":{"line":35,"column":56},"end":{"line":42,"column":4}},"12":{"start":{"line":44,"column":21},"end":{"line":44,"column":40}},"13":{"start":{"line":44,"column":27},"end":{"line":44,"column":40}},"14":{"start":{"line":46,"column":2},"end":{"line":90,"column":4}}},"fnMap":{"0":{"name":"(anonymous_0)","decl":{"start":{"line":5,"column":17},"end":{"line":5,"column":18}},"loc":{"start":{"line":5,"column":56},"end":{"line":91,"column":1}},"line":5},"1":{"name":"(anonymous_1)","decl":{"start":{"line":8,"column":12},"end":{"line":8,"column":13}},"loc":{"start":{"line":8,"column":18},"end":{"line":12,"column":3}},"line":8},"2":{"name":"(anonymous_2)","decl":{"start":{"line":9,"column":11},"end":{"line":9,"column":12}},"loc":{"start":{"line":9,"column":17},"end":{"line":11,"column":5}},"line":9},"3":{"name":"(anonymous_3)","decl":{"start":{"line":15,"column":4},"end":{"line":15,"column":5}},"loc":{"start":{"line":15,"column":23},"end":{"line":31,"column":5}},"line":15},"4":{"name":"(anonymous_4)","decl":{"start":{"line":44,"column":21},"end":{"line":44,"column":22}},"loc":{"start":{"line":44,"column":27},"end":{"line":44,"column":40}},"line":44}},"branchMap":{"0":{"loc":{"start":{"line":6,"column":35},"end":{"line":6,"column":61}},"type":"binary-expr","locations":[{"start":{"line":6,"column":35},"end":{"line":6,"column":53}},{"start":{"line":6,"column":57},"end":{"line":6,"column":61}}],"line":6},"1":{"loc":{"start":{"line":10,"column":6},"end":{"line":10,"column":59}},"type":"if","locations":[{"start":{"line":10,"column":6},"end":{"line":10,"column":59}},{"start":{},"end":{}}],"line":10},"2":{"loc":{"start":{"line":16,"column":6},"end":{"line":30,"column":7}},"type":"if","locations":[{"start":{"line":16,"column":6},"end":{"line":30,"column":7}},{"start":{},"end":{}}],"line":16},"3":{"loc":{"start":{"line":50,"column":41},"end":{"line":50,"column":69}},"type":"cond-expr","locations":[{"start":{"line":50,"column":56},"end":{"line":50,"column":64}},{"start":{"line":50,"column":67},"end":{"line":50,"column":69}}],"line":50},"4":{"loc":{"start":{"line":53,"column":9},"end":{"line":64,"column":9}},"type":"cond-expr","locations":[{"start":{"line":54,"column":10},"end":{"line":57,"column":16}},{"start":{"line":59,"column":10},"end":{"line":63,"column":16}}],"line":53},"5":{"loc":{"start":{"line":67,"column":7},"end":{"line":88,"column":7}},"type":"binary-expr","locations":[{"start":{"line":67,"column":7},"end":{"line":67,"column":11}},{"start":{"line":68,"column":8},"end":{"line":87,"column":14}}],"line":67},"6":{"loc":{"start":{"line":72,"column":16},"end":{"line":72,"column":64}},"type":"cond-expr","locations":[{"start":{"line":72,"column":31},"end":{"line":72,"column":45}},{"start":{"line":72,"column":48},"end":{"line":72,"column":64}}],"line":72},"7":{"loc":{"start":{"line":75,"column":15},"end":{"line":75,"column":53}},"type":"cond-expr","locations":[{"start":{"line":75,"column":30},"end":{"line":75,"column":37}},{"start":{"line":75,"column":40},"end":{"line":75,"column":53}}],"line":75}},"s":{"0":1,"1":8,"2":8,"3":6,"4":6,"5":0,"6":8,"7":2,"8":2,"9":2,"10":2,"11":8,"12":8,"13":1,"14":8},"f":{"0":8,"1":6,"2":6,"3":2,"4":1},"b":{"0":[8,6],"1":[0,6],"2":[2,0],"3":[0,8],"4":[0,8],"5":[8,2],"6":[0,2],"7":[0,2]},"_coverageSchema":"1a1c01bbd47fc00a2c39e90264f33305004495a9","hash":"6cf39dd03be1d6e8e2efe093a9d5aec70da460a9"}
,"C:\\Users\\dhava\\OneDrive\\Desktop\\SD Project\\const-arch-app\\frontend\\src\\components\\DirectoryComponents\\FileUploadModal.jsx": {"path":"C:\\Users\\dhava\\OneDrive\\Desktop\\SD Project\\const-arch-app\\frontend\\src\\components\\DirectoryComponents\\FileUploadModal.jsx","statementMap":{"0":{"start":{"line":11,"column":17},"end":{"line":11,"column":73}},"1":{"start":{"line":27,"column":4},"end":{"line":27,"column":17}},"2":{"start":{"line":28,"column":4},"end":{"line":28,"column":29}},"3":{"start":{"line":29,"column":4},"end":{"line":29,"column":29}},"4":{"start":{"line":30,"column":4},"end":{"line":30,"column":35}},"5":{"start":{"line":31,"column":4},"end":{"line":31,"column":33}},"6":{"start":{"line":32,"column":4},"end":{"line":32,"column":29}},"7":{"start":{"line":33,"column":4},"end":{"line":33,"column":21}},"8":{"start":{"line":34,"column":4},"end":{"line":34,"column":33}},"9":{"start":{"line":35,"column":4},"end":{"line":35,"column":33}},"10":{"start":{"line":36,"column":4},"end":{"line":36,"column":39}},"11":{"start":{"line":37,"column":4},"end":{"line":37,"column":31}},"12":{"start":{"line":41,"column":24},"end":{"line":396,"column":1}},"13":{"start":{"line":49,"column":26},"end":{"line":49,"column":38}},"14":{"start":{"line":50,"column":34},"end":{"line":50,"column":46}},"15":{"start":{"line":51,"column":42},"end":{"line":51,"column":54}},"16":{"start":{"line":53,"column":24},"end":{"line":63,"column":3}},"17":{"start":{"line":65,"column":2},"end":{"line":73,"column":49}},"18":{"start":{"line":66,"column":4},"end":{"line":72,"column":5}},"19":{"start":{"line":67,"column":6},"end":{"line":67,"column":18}},"20":{"start":{"line":68,"column":6},"end":{"line":68,"column":22}},"21":{"start":{"line":69,"column":6},"end":{"line":69,"column":26}},"22":{"start":{"line":70,"column":6},"end":{"line":70,"column":28}},"23":{"start":{"line":71,"column":6},"end":{"line":71,"column":22}},"24":{"start":{"line":75,"column":21},"end":{"line":77,"column":3}},"25":{"start":{"line":76,"column":4},"end":{"line":76,"column":51}},"26":{"start":{"line":76,"column":23},"end":{"line":76,"column":51}},"27":{"start":{"line":79,"column":21},"end":{"line":81,"column":3}},"28":{"start":{"line":80,"column":4},"end":{"line":80,"column":51}},"29":{"start":{"line":80,"column":23},"end":{"line":80,"column":51}},"30":{"start":{"line":83,"column":27},"end":{"line":89,"column":3}},"31":{"start":{"line":84,"column":20},"end":{"line":84,"column":34}},"32":{"start":{"line":85,"column":4},"end":{"line":88,"column":8}},"33":{"start":{"line":85,"column":31},"end":{"line":88,"column":5}},"34":{"start":{"line":91,"column":24},"end":{"line":104,"column":3}},"35":{"start":{"line":92,"column":4},"end":{"line":95,"column":5}},"36":{"start":{"line":93,"column":6},"end":{"line":93,"column":41}},"37":{"start":{"line":94,"column":6},"end":{"line":94,"column":13}},"38":{"start":{"line":96,"column":20},"end":{"line":96,"column":58}},"39":{"start":{"line":98,"column":19},"end":{"line":98,"column":49}},"40":{"start":{"line":99,"column":4},"end":{"line":103,"column":5}},"41":{"start":{"line":100,"column":6},"end":{"line":100,"column":21}},"42":{"start":{"line":102,"column":6},"end":{"line":102,"column":59}},"43":{"start":{"line":106,"column":23},"end":{"line":173,"column":3}},"44":{"start":{"line":107,"column":4},"end":{"line":110,"column":5}},"45":{"start":{"line":108,"column":6},"end":{"line":108,"column":50}},"46":{"start":{"line":109,"column":6},"end":{"line":109,"column":13}},"47":{"start":{"line":112,"column":17},"end":{"line":112,"column":34}},"48":{"start":{"line":113,"column":23},"end":{"line":113,"column":59}},"49":{"start":{"line":114,"column":21},"end":{"line":114,"column":30}},"50":{"start":{"line":115,"column":22},"end":{"line":115,"column":38}},"51":{"start":{"line":116,"column":27},"end":{"line":116,"column":77}},"52":{"start":{"line":118,"column":16},"end":{"line":118,"column":37}},"53":{"start":{"line":119,"column":23},"end":{"line":119,"column":78}},"54":{"start":{"line":121,"column":4},"end":{"line":121,"column":32}},"55":{"start":{"line":122,"column":4},"end":{"line":122,"column":28}},"56":{"start":{"line":124,"column":4},"end":{"line":172,"column":5}},"57":{"start":{"line":125,"column":26},"end":{"line":125,"column":60}},"58":{"start":{"line":128,"column":23},"end":{"line":128,"column":58}},"59":{"start":{"line":129,"column":22},"end":{"line":129,"column":56}},"60":{"start":{"line":131,"column":6},"end":{"line":131,"column":27}},"61":{"start":{"line":133,"column":24},"end":{"line":145,"column":7}},"62":{"start":{"line":148,"column":23},"end":{"line":160,"column":8}},"63":{"start":{"line":162,"column":6},"end":{"line":162,"column":35}},"64":{"start":{"line":163,"column":6},"end":{"line":163,"column":33}},"65":{"start":{"line":165,"column":6},"end":{"line":165,"column":22}},"66":{"start":{"line":166,"column":6},"end":{"line":166,"column":71}},"67":{"start":{"line":167,"column":6},"end":{"line":167,"column":20}},"68":{"start":{"line":169,"column":6},"end":{"line":169,"column":44}},"69":{"start":{"line":170,"column":6},"end":{"line":170,"column":22}},"70":{"start":{"line":171,"column":6},"end":{"line":171,"column":73}},"71":{"start":{"line":175,"column":26},"end":{"line":186,"column":3}},"72":{"start":{"line":176,"column":18},"end":{"line":176,"column":46}},"73":{"start":{"line":177,"column":4},"end":{"line":177,"column":23}},"74":{"start":{"line":178,"column":4},"end":{"line":185,"column":5}},"75":{"start":{"line":179,"column":23},"end":{"line":181,"column":7}},"76":{"start":{"line":180,"column":8},"end":{"line":180,"column":41}},"77":{"start":{"line":182,"column":6},"end":{"line":182,"column":32}},"78":{"start":{"line":184,"column":6},"end":{"line":184,"column":26}},"79":{"start":{"line":188,"column":17},"end":{"line":198,"column":3}},"80":{"start":{"line":189,"column":4},"end":{"line":197,"column":5}},"81":{"start":{"line":190,"column":6},"end":{"line":190,"column":48}},"82":{"start":{"line":190,"column":28},"end":{"line":190,"column":46}},"83":{"start":{"line":191,"column":6},"end":{"line":191,"column":22}},"84":{"start":{"line":192,"column":6},"end":{"line":192,"column":26}},"85":{"start":{"line":193,"column":11},"end":{"line":197,"column":5}},"86":{"start":{"line":194,"column":6},"end":{"line":194,"column":52}},"87":{"start":{"line":195,"column":11},"end":{"line":197,"column":5}},"88":{"start":{"line":196,"column":6},"end":{"line":196,"column":40}},"89":{"start":{"line":200,"column":20},"end":{"line":202,"column":3}},"90":{"start":{"line":201,"column":4},"end":{"line":201,"column":43}},"91":{"start":{"line":201,"column":31},"end":{"line":201,"column":40}},"92":{"start":{"line":204,"column":2},"end":{"line":211,"column":41}},"93":{"start":{"line":205,"column":4},"end":{"line":210,"column":5}},"94":{"start":{"line":206,"column":6},"end":{"line":209,"column":10}},"95":{"start":{"line":206,"column":33},"end":{"line":209,"column":7}},"96":{"start":{"line":213,"column":2},"end":{"line":395,"column":4}},"97":{"start":{"line":225,"column":12},"end":{"line":231,"column":20}},"98":{"start":{"line":269,"column":35},"end":{"line":269,"column":62}},"99":{"start":{"line":273,"column":20},"end":{"line":276,"column":21}},"100":{"start":{"line":274,"column":22},"end":{"line":274,"column":41}},"101":{"start":{"line":275,"column":22},"end":{"line":275,"column":60}},"102":{"start":{"line":285,"column":39},"end":{"line":285,"column":57}},"103":{"start":{"line":286,"column":20},"end":{"line":306,"column":22}},"104":{"start":{"line":290,"column":26},"end":{"line":290,"column":67}},"105":{"start":{"line":316,"column":22},"end":{"line":330,"column":29}},"106":{"start":{"line":318,"column":39},"end":{"line":318,"column":53}},"107":{"start":{"line":353,"column":20},"end":{"line":362,"column":27}}},"fnMap":{"0":{"name":"(anonymous_0)","decl":{"start":{"line":14,"column":2},"end":{"line":14,"column":3}},"loc":{"start":{"line":26,"column":4},"end":{"line":38,"column":3}},"line":26},"1":{"name":"(anonymous_1)","decl":{"start":{"line":41,"column":24},"end":{"line":41,"column":25}},"loc":{"start":{"line":48,"column":6},"end":{"line":396,"column":1}},"line":48},"2":{"name":"(anonymous_2)","decl":{"start":{"line":65,"column":12},"end":{"line":65,"column":13}},"loc":{"start":{"line":65,"column":18},"end":{"line":73,"column":3}},"line":65},"3":{"name":"(anonymous_3)","decl":{"start":{"line":75,"column":21},"end":{"line":75,"column":22}},"loc":{"start":{"line":75,"column":27},"end":{"line":77,"column":3}},"line":75},"4":{"name":"(anonymous_4)","decl":{"start":{"line":79,"column":21},"end":{"line":79,"column":22}},"loc":{"start":{"line":79,"column":27},"end":{"line":81,"column":3}},"line":79},"5":{"name":"(anonymous_5)","decl":{"start":{"line":83,"column":27},"end":{"line":83,"column":28}},"loc":{"start":{"line":83,"column":34},"end":{"line":89,"column":3}},"line":83},"6":{"name":"(anonymous_6)","decl":{"start":{"line":85,"column":20},"end":{"line":85,"column":21}},"loc":{"start":{"line":85,"column":31},"end":{"line":88,"column":5}},"line":85},"7":{"name":"(anonymous_7)","decl":{"start":{"line":91,"column":24},"end":{"line":91,"column":25}},"loc":{"start":{"line":91,"column":30},"end":{"line":104,"column":3}},"line":91},"8":{"name":"(anonymous_8)","decl":{"start":{"line":106,"column":23},"end":{"line":106,"column":24}},"loc":{"start":{"line":106,"column":35},"end":{"line":173,"column":3}},"line":106},"9":{"name":"(anonymous_9)","decl":{"start":{"line":175,"column":26},"end":{"line":175,"column":27}},"loc":{"start":{"line":175,"column":33},"end":{"line":186,"column":3}},"line":175},"10":{"name":"(anonymous_10)","decl":{"start":{"line":179,"column":44},"end":{"line":179,"column":45}},"loc":{"start":{"line":180,"column":8},"end":{"line":180,"column":41}},"line":180},"11":{"name":"(anonymous_11)","decl":{"start":{"line":188,"column":17},"end":{"line":188,"column":18}},"loc":{"start":{"line":188,"column":26},"end":{"line":198,"column":3}},"line":188},"12":{"name":"(anonymous_12)","decl":{"start":{"line":190,"column":14},"end":{"line":190,"column":15}},"loc":{"start":{"line":190,"column":28},"end":{"line":190,"column":46}},"line":190},"13":{"name":"(anonymous_13)","decl":{"start":{"line":200,"column":20},"end":{"line":200,"column":21}},"loc":{"start":{"line":200,"column":29},"end":{"line":202,"column":3}},"line":200},"14":{"name":"(anonymous_14)","decl":{"start":{"line":201,"column":24},"end":{"line":201,"column":25}},"loc":{"start":{"line":201,"column":31},"end":{"line":201,"column":40}},"line":201},"15":{"name":"(anonymous_15)","decl":{"start":{"line":204,"column":12},"end":{"line":204,"column":13}},"loc":{"start":{"line":204,"column":18},"end":{"line":211,"column":3}},"line":204},"16":{"name":"(anonymous_16)","decl":{"start":{"line":206,"column":22},"end":{"line":206,"column":23}},"loc":{"start":{"line":206,"column":33},"end":{"line":209,"column":7}},"line":206},"17":{"name":"(anonymous_17)","decl":{"start":{"line":224,"column":25},"end":{"line":224,"column":26}},"loc":{"start":{"line":225,"column":12},"end":{"line":231,"column":20}},"line":225},"18":{"name":"(anonymous_18)","decl":{"start":{"line":269,"column":28},"end":{"line":269,"column":29}},"loc":{"start":{"line":269,"column":35},"end":{"line":269,"column":62}},"line":269},"19":{"name":"(anonymous_19)","decl":{"start":{"line":272,"column":29},"end":{"line":272,"column":30}},"loc":{"start":{"line":272,"column":36},"end":{"line":277,"column":19}},"line":272},"20":{"name":"(anonymous_20)","decl":{"start":{"line":284,"column":37},"end":{"line":284,"column":38}},"loc":{"start":{"line":284,"column":53},"end":{"line":307,"column":19}},"line":284},"21":{"name":"(anonymous_21)","decl":{"start":{"line":289,"column":33},"end":{"line":289,"column":34}},"loc":{"start":{"line":290,"column":26},"end":{"line":290,"column":67}},"line":290},"22":{"name":"(anonymous_22)","decl":{"start":{"line":315,"column":30},"end":{"line":315,"column":31}},"loc":{"start":{"line":316,"column":22},"end":{"line":330,"column":29}},"line":316},"23":{"name":"(anonymous_23)","decl":{"start":{"line":318,"column":33},"end":{"line":318,"column":34}},"loc":{"start":{"line":318,"column":39},"end":{"line":318,"column":53}},"line":318},"24":{"name":"(anonymous_24)","decl":{"start":{"line":352,"column":28},"end":{"line":352,"column":29}},"loc":{"start":{"line":353,"column":20},"end":{"line":362,"column":27}},"line":353}},"branchMap":{"0":{"loc":{"start":{"line":11,"column":17},"end":{"line":11,"column":73}},"type":"binary-expr","locations":[{"start":{"line":11,"column":17},"end":{"line":11,"column":46}},{"start":{"line":11,"column":50},"end":{"line":11,"column":73}}],"line":11},"1":{"loc":{"start":{"line":66,"column":4},"end":{"line":72,"column":5}},"type":"if","locations":[{"start":{"line":66,"column":4},"end":{"line":72,"column":5}},{"start":{},"end":{}}],"line":66},"2":{"loc":{"start":{"line":76,"column":4},"end":{"line":76,"column":51}},"type":"if","locations":[{"start":{"line":76,"column":4},"end":{"line":76,"column":51}},{"start":{},"end":{}}],"line":76},"3":{"loc":{"start":{"line":80,"column":4},"end":{"line":80,"column":51}},"type":"if","locations":[{"start":{"line":80,"column":4},"end":{"line":80,"column":51}},{"start":{},"end":{}}],"line":80},"4":{"loc":{"start":{"line":92,"column":4},"end":{"line":95,"column":5}},"type":"if","locations":[{"start":{"line":92,"column":4},"end":{"line":95,"column":5}},{"start":{},"end":{}}],"line":92},"5":{"loc":{"start":{"line":99,"column":4},"end":{"line":103,"column":5}},"type":"if","locations":[{"start":{"line":99,"column":4},"end":{"line":103,"column":5}},{"start":{"line":101,"column":11},"end":{"line":103,"column":5}}],"line":99},"6":{"loc":{"start":{"line":107,"column":4},"end":{"line":110,"column":5}},"type":"if","locations":[{"start":{"line":107,"column":4},"end":{"line":110,"column":5}},{"start":{},"end":{}}],"line":107},"7":{"loc":{"start":{"line":113,"column":23},"end":{"line":113,"column":59}},"type":"binary-expr","locations":[{"start":{"line":113,"column":23},"end":{"line":113,"column":46}},{"start":{"line":113,"column":50},"end":{"line":113,"column":59}}],"line":113},"8":{"loc":{"start":{"line":138,"column":8},"end":{"line":138,"column":46}},"type":"binary-expr","locations":[{"start":{"line":138,"column":8},"end":{"line":138,"column":31}},{"start":{"line":138,"column":35},"end":{"line":138,"column":46}}],"line":138},"9":{"loc":{"start":{"line":178,"column":4},"end":{"line":185,"column":5}},"type":"if","locations":[{"start":{"line":178,"column":4},"end":{"line":185,"column":5}},{"start":{"line":183,"column":11},"end":{"line":185,"column":5}}],"line":178},"10":{"loc":{"start":{"line":189,"column":4},"end":{"line":197,"column":5}},"type":"if","locations":[{"start":{"line":189,"column":4},"end":{"line":197,"column":5}},{"start":{"line":193,"column":11},"end":{"line":197,"column":5}}],"line":189},"11":{"loc":{"start":{"line":189,"column":8},"end":{"line":189,"column":53}},"type":"binary-expr","locations":[{"start":{"line":189,"column":8},"end":{"line":189,"column":11}},{"start":{"line":189,"column":15},"end":{"line":189,"column":34}},{"start":{"line":189,"column":38},"end":{"line":189,"column":53}}],"line":189},"1
[...]
,"locations":[{"start":{"line":77,"column":10},"end":{"line":77,"column":15}},{"start":{"line":77,"column":19},"end":{"line":77,"column":39}}],"line":77},"12":{"loc":{"start":{"line":78,"column":6},"end":{"line":81,"column":7}},"type":"if","locations":[{"start":{"line":78,"column":6},"end":{"line":81,"column":7}},{"start":{},"end":{}}],"line":78},"13":{"loc":{"start":{"line":78,"column":10},"end":{"line":78,"column":33}},"type":"binary-expr","locations":[{"start":{"line":78,"column":10},"end":{"line":78,"column":18}},{"start":{"line":78,"column":22},"end":{"line":78,"column":33}}],"line":78},"14":{"loc":{"start":{"line":84,"column":8},"end":{"line":87,"column":33}},"type":"binary-expr","locations":[{"start":{"line":84,"column":9},"end":{"line":84,"column":17}},{"start":{"line":84,"column":21},"end":{"line":84,"column":50}},{"start":{"line":85,"column":9},"end":{"line":85,"column":14}},{"start":{"line":85,"column":18},"end":{"line":85,"column":38}},{"start":{"line":86,"column":8},"end":{"line":86,"column":25}},{"start":{"line":87,"column":9},"end":{"line":87,"column":17}},{"start":{"line":87,"column":21},"end":{"line":87,"column":32}}],"line":84},"15":{"loc":{"start":{"line":89,"column":6},"end":{"line":92,"column":7}},"type":"if","locations":[{"start":{"line":89,"column":6},"end":{"line":92,"column":7}},{"start":{},"end":{}}],"line":89},"16":{"loc":{"start":{"line":113,"column":6},"end":{"line":113,"column":78}},"type":"if","locations":[{"start":{"line":113,"column":6},"end":{"line":113,"column":78}},{"start":{},"end":{}}],"line":113},"17":{"loc":{"start":{"line":113,"column":35},"end":{"line":113,"column":76}},"type":"binary-expr","locations":[{"start":{"line":113,"column":35},"end":{"line":113,"column":45}},{"start":{"line":113,"column":49},"end":{"line":113,"column":76}}],"line":113},"18":{"loc":{"start":{"line":119,"column":6},"end":{"line":121,"column":7}},"type":"if","locations":[{"start":{"line":119,"column":6},"end":{"line":121,"column":7}},{"start":{},"end":{}}],"line":119},"19":{"loc":{"start":{"line":119,"column":10},"end":{"line":119,"column":63}},"type":"binary-expr","locations":[{"start":{"line":119,"column":10},"end":{"line":119,"column":18}},{"start":{"line":119,"column":22},"end":{"line":119,"column":63}}],"line":119},"20":{"loc":{"start":{"line":135,"column":2},"end":{"line":135,"column":68}},"type":"if","locations":[{"start":{"line":135,"column":2},"end":{"line":135,"column":68}},{"start":{},"end":{}}],"line":135}},"s":{"0":0,"1":0,"2":0,"3":0,"4":0,"5":0,"6":0,"7":0,"8":0,"9":0,"10":0,"11":0,"12":0,"13":0,"14":0,"15":0,"16":0,"17":0,"18":0,"19":0,"20":0,"21":0,"22":0,"23":0,"24":0,"25":0,"26":0,"27":0,"28":0,"29":0,"30":0,"31":0,"32":0,"33":0,"34":0,"35":0,"36":0,"37":0,"38":0,"39":0,"40":0,"41":0,"42":0,"43":0,"44":0,"45":0,"46":0,"47":0,"48":0,"49":0,"50":0,"51":0,"52":0,"53":0,"54":0,"55":0,"56":0,"57":0,"58":0,"59":0,"60":0,"61":0,"62":0,"63":0,"64":0,"65":0,"66":0,"67":0,"68":0,"69":0,"70":0,"71":0,"72":0},"f":{"0":0,"1":0,"2":0,"3":0,"4":0,"5":0,"6":0,"7":0,"8":0,"9":0},"b":{"0":[0,0],"1":[0,0],"2":[0,0],"3":[0,0],"4":[0,0],"5":[0,0],"6":[0,0],"7":[0,0],"8":[0,0],"9":[0,0],"10":[0,0],"11":[0,0],"12":[0,0],"13":[0,0],"14":[0,0,0,0,0,0,0],"15":[0,0],"16":[0,0],"17":[0,0],"18":[0,0],"19":[0,0],"20":[0,0]}}
,"C:\\Users\\dhava\\OneDrive\\Desktop\\SD Project\\const-arch-app\\frontend\\src\\pages\\signIn.jsx": {"path":"C:\\Users\\dhava\\OneDrive\\Desktop\\SD Project\\const-arch-app\\frontend\\src\\pages\\signIn.jsx","statementMap":{"0":{"start":{"line":14,"column":22},"end":{"line":14,"column":31}},"1":{"start":{"line":15,"column":19},"end":{"line":15,"column":32}},"2":{"start":{"line":16,"column":28},"end":{"line":16,"column":40}},"3":{"start":{"line":17,"column":34},"end":{"line":17,"column":46}},"4":{"start":{"line":18,"column":34},"end":{"line":18,"column":46}},"5":{"start":{"line":20,"column":25},"end":{"line":28,"column":3}},"6":{"start":{"line":21,"column":17},"end":{"line":21,"column":55}},"7":{"start":{"line":22,"column":4},"end":{"line":25,"column":5}},"8":{"start":{"line":23,"column":6},"end":{"line":23,"column":32}},"9":{"start":{"line":24,"column":6},"end":{"line":24,"column":70}},"10":{"start":{"line":26,"column":4},"end":{"line":26,"column":18}},"11":{"start":{"line":27,"column":4},"end":{"line":27,"column":27}},"12":{"start":{"line":30,"column":22},"end":{"line":50,"column":3}},"13":{"start":{"line":31,"column":4},"end":{"line":31,"column":23}},"14":{"start":{"line":32,"column":4},"end":{"line":32,"column":20}},"15":{"start":{"line":34,"column":4},"end":{"line":49,"column":7}},"16":{"start":{"line":38,"column":22},"end":{"line":38,"column":55}},"17":{"start":{"line":39,"column":8},"end":{"line":45,"column":9}},"18":{"start":{"line":40,"column":10},"end":{"line":40,"column":32}},"19":{"start":{"line":41,"column":15},"end":{"line":45,"column":9}},"20":{"start":{"line":42,"column":10},"end":{"line":42,"column":54}},"21":{"start":{"line":44,"column":10},"end":{"line":44,"column":51}},"22":{"start":{"line":46,"column":8},"end":{"line":46,"column":29}},"23":{"start":{"line":47,"column":8},"end":{"line":47,"column":32}},"24":{"start":{"line":52,"column":29},"end":{"line":64,"column":3}},"25":{"start":{"line":53,"column":4},"end":{"line":63,"column":6}},"26":{"start":{"line":55,"column":8},"end":{"line":55,"column":22}},"27":{"start":{"line":56,"column":8},"end":{"line":56,"column":31}},"28":{"start":{"line":66,"column":2},"end":{"line":71,"column":9}},"29":{"start":{"line":67,"column":4},"end":{"line":67,"column":47}},"30":{"start":{"line":68,"column":4},"end":{"line":70,"column":6}},"31":{"start":{"line":69,"column":6},"end":{"line":69,"column":52}},"32":{"start":{"line":73,"column":2},"end":{"line":131,"column":4}},"33":{"start":{"line":103,"column":29},"end":{"line":103,"column":53}},"34":{"start":{"line":109,"column":29},"end":{"line":109,"column":56}},"35":{"start":{"line":121,"column":70},"end":{"line":121,"column":91}}},"fnMap":{"0":{"name":"SigninPage","decl":{"start":{"line":13,"column":24},"end":{"line":13,"column":34}},"loc":{"start":{"line":13,"column":37},"end":{"line":132,"column":1}},"line":13},"1":{"name":"(anonymous_1)","decl":{"start":{"line":20,"column":25},"end":{"line":20,"column":26}},"loc":{"start":{"line":20,"column":37},"end":{"line":28,"column":3}},"line":20},"2":{"name":"(anonymous_2)","decl":{"start":{"line":30,"column":22},"end":{"line":30,"column":23}},"loc":{"start":{"line":30,"column":29},"end":{"line":50,"column":3}},"line":30},"3":{"name":"(anonymous_3)","decl":{"start":{"line":37,"column":13},"end":{"line":37,"column":14}},"loc":{"start":{"line":37,"column":22},"end":{"line":48,"column":7}},"line":37},"4":{"name":"(anonymous_4)","decl":{"start":{"line":52,"column":29},"end":{"line":52,"column":30}},"loc":{"start":{"line":52,"column":35},"end":{"line":64,"column":3}},"line":52},"5":{"name":"(anonymous_5)","decl":{"start":{"line":54,"column":40},"end":{"line":54,"column":41}},"loc":{"start":{"line":54,"column":50},"end":{"line":57,"column":7}},"line":54},"6":{"name":"(anonymous_6)","decl":{"start":{"line":66,"column":12},"end":{"line":66,"column":13}},"loc":{"start":{"line":66,"column":18},"end":{"line":71,"column":3}},"line":66},"7":{"name":"(anonymous_7)","decl":{"start":{"line":68,"column":11},"end":{"line":68,"column":12}},"loc":{"start":{"line":68,"column":17},"end":{"line":70,"column":5}},"line":68},"8":{"name":"(anonymous_8)","decl":{"start":{"line":103,"column":22},"end":{"line":103,"column":23}},"loc":{"start":{"line":103,"column":29},"end":{"line":103,"column":53}},"line":103},"9":{"name":"(anonymous_9)","decl":{"start":{"line":109,"column":22},"end":{"line":109,"column":23}},"loc":{"start":{"line":109,"column":29},"end":{"line":109,"column":56}},"line":109},"10":{"name":"(anonymous_10)","decl":{"start":{"line":121,"column":64},"end":{"line":121,"column":65}},"loc":{"start":{"line":121,"column":70},"end":{"line":121,"column":91}},"line":121}},"branchMap":{"0":{"loc":{"start":{"line":22,"column":4},"end":{"line":25,"column":5}},"type":"if","locations":[{"start":{"line":22,"column":4},"end":{"line":25,"column":5}},{"start":{},"end":{}}],"line":22},"1":{"loc":{"start":{"line":39,"column":8},"end":{"line":45,"column":9}},"type":"if","locations":[{"start":{"line":39,"column":8},"end":{"line":45,"column":9}},{"start":{"line":41,"column":15},"end":{"line":45,"column":9}}],"line":39},"2":{"loc":{"start":{"line":41,"column":15},"end":{"line":45,"column":9}},"type":"if","locations":[{"start":{"line":41,"column":15},"end":{"line":45,"column":9}},{"start":{"line":43,"column":15},"end":{"line":45,"column":9}}],"line":41},"3":{"loc":{"start":{"line":113,"column":11},"end":{"line":119,"column":11}},"type":"binary-expr","locations":[{"start":{"line":113,"column":11},"end":{"line":113,"column":19}},{"start":{"line":114,"column":12},"end":{"line":118,"column":18}}],"line":113}},"s":{"0":0,"1":0,"2":0,"3":0,"4":0,"5":0,"6":0,"7":0,"8":0,"9":0,"10":0,"11":0,"12":0,"13":0,"14":0,"15":0,"16":0,"17":0,"18":0,"19":0,"20":0,"21":0,"22":0,"23":0,"24":0,"25":0,"26":0,"27":0,"28":0,"29":0,"30":0,"31":0,"32":0,"33":0,"34":0,"35":0},"f":{"0":0,"1":0,"2":0,"3":0,"4":0,"5":0,"6":0,"7":0,"8":0,"9":0,"10":0},"b":{"0":[0,0],"1":[0,0],"2":[0,0],"3":[0,0]}}
,"C:\\Users\\dhava\\OneDrive\\Desktop\\SD Project\\const-arch-app\\frontend\\src\\pages\\signUp.jsx": {"path":"C:\\Users\\dhava\\OneDrive\\Desktop\\SD Project\\const-arch-app\\frontend\\src\\pages\\signUp.jsx","statementMap":{"0":{"start":{"line":15,"column":22},"end":{"line":15,"column":31}},"1":{"start":{"line":16,"column":26},"end":{"line":16,"column":38}},"2":{"start":{"line":17,"column":28},"end":{"line":17,"column":40}},"3":{"start":{"line":18,"column":34},"end":{"line":18,"column":46}},"4":{"start":{"line":19,"column":32},"end":{"line":19,"column":47}},"5":{"start":{"line":20,"column":46},"end":{"line":20,"column":58}},"6":{"start":{"line":21,"column":50},"end":{"line":21,"column":65}},"7":{"start":{"line":23,"column":19},"end":{"line":23,"column":32}},"8":{"start":{"line":25,"column":23},"end":{"line":70,"column":3}},"9":{"start":{"line":26,"column":4},"end":{"line":26,"column":23}},"10":{"start":{"line":28,"column":27},"end":{"line":28,"column":53}},"11":{"start":{"line":29,"column":4},"end":{"line":32,"column":5}},"12":{"start":{"line":30,"column":6},"end":{"line":30,"column":65}},"13":{"start":{"line":31,"column":6},"end":{"line":31,"column":13}},"14":{"start":{"line":34,"column":4},"end":{"line":34,"column":21}},"15":{"start":{"line":35,"column":4},"end":{"line":68,"column":5}},"16":{"start":{"line":36,"column":19},"end":{"line":36,"column":63}},"17":{"start":{"line":38,"column":17},"end":{"line":38,"column":31}},"18":{"start":{"line":39,"column":6},"end":{"line":47,"column":9}},"19":{"start":{"line":49,"column":6},"end":{"line":49,"column":61}},"20":{"start":{"line":50,"column":6},"end":{"line":50,"column":26}},"21":{"start":{"line":52,"column":20},"end":{"line":52,"column":54}},"22":{"start":{"line":53,"column":6},"end":{"line":65,"column":7}},"23":{"start":{"line":55,"column":10},"end":{"line":55,"column":58}},"24":{"start":{"line":56,"column":10},"end":{"line":56,"column":16}},"25":{"start":{"line":58,"column":10},"end":{"line":58,"column":52}},"26":{"start":{"line":59,"column":10},"end":{"line":59,"column":16}},"27":{"start":{"line":61,"column":10},"end":{"line":61,"column":64}},"28":{"start":{"line":62,"column":10},"end":{"line":62,"column":16}},"29":{"start":{"line":64,"column":10},"end":{"line":64,"column":54}},"30":{"start":{"line":66,"column":6},"end":{"line":66,"column":27}},"31":{"start":{"line":67,"column":6},"end":{"line":67,"column":58}},"32":{"start":{"line":69,"column":4},"end":{"line":69,"column":22}},"33":{"start":{"line":72,"column":29},"end":{"line":93,"column":3}},"34":{"start":{"line":73,"column":4},"end":{"line":92,"column":5}},"35":{"start":{"line":74,"column":19},"end":{"line":74,"column":53}},"36":{"start":{"line":76,"column":17},"end":{"line":76,"column":31}},"37":{"start":{"line":77,"column":6},"end":{"line":85,"column":9}},"38":{"start":{"line":87,"column":6},"end":{"line":87,"column":20}},"39":{"start":{"line":88,"column":6},"end":{"line":88,"column":29}},"40":{"start":{"line":90,"column":6},"end":{"line":90,"column":62}},"41":{"start":{"line":91,"column":6},"end":{"line":91,"column":60}},"42":{"start":{"line":95,"column":27},"end":{"line":125,"column":3}},"43":{"start":{"line":96,"column":19},"end":{"line":96,"column":21}},"44":{"start":{"line":98,"column":4},"end":{"line":100,"column":5}},"45":{"start":{"line":99,"column":6},"end":{"line":99,"column":43}},"46":{"start":{"line":101,"column":4},"end":{"line":103,"column":5}},"47":{"start":{"line":102,"column":6},"end":{"line":102,"column":41}},"48":{"start":{"line":104,"column":4},"end":{"line":106,"column":5}},"49":{"start":{"line":105,"column":6},"end":{"line":105,"column":41}},"50":{"start":{"line":107,"column":4},"end":{"line":109,"column":5}},"51":{"start":{"line":108,"column":6},"end":{"line":108,"column":52}},"52":{"start":{"line":111,"column":4},"end":{"line":111,"column":30}},"53":{"start":{"line":113,"column":4},"end":{"line":113,"column":20}},"54":{"start":{"line":115,"column":4},"end":{"line":122,"column":5}},"55":{"start":{"line":116,"column":6},"end":{"line":121,"column":9}},"56":{"start":{"line":117,"column":8},"end":{"line":120,"column":11}},"57":{"start":{"line":124,"column":4},"end":{"line":124,"column":18}},"58":{"start":{"line":127,"column":31},"end":{"line":131,"column":3}},"59":{"start":{"line":128,"column":24},"end":{"line":128,"column":38}},"60":{"start":{"line":129,"column":4},"end":{"line":129,"column":29}},"61":{"start":{"line":130,"column":4},"end":{"line":130,"column":34}},"62":{"start":{"line":133,"column":2},"end":{"line":139,"column":9}},"63":{"start":{"line":134,"column":4},"end":{"line":134,"column":47}},"64":{"start":{"line":136,"column":4},"end":{"line":138,"column":6}},"65":{"start":{"line":137,"column":6},"end":{"line":137,"column":52}},"66":{"start":{"line":141,"column":2},"end":{"line":147,"column":3}},"67":{"start":{"line":142,"column":4},"end":{"line":146,"column":6}},"68":{"start":{"line":149,"column":2},"end":{"line":212,"column":4}},"69":{"start":{"line":177,"column":29},"end":{"line":177,"column":52}},"70":{"start":{"line":186,"column":29},"end":{"line":186,"column":53}}},"fnMap":{"0":{"name":"SignUp","decl":{"start":{"line":14,"column":24},"end":{"line":14,"column":30}},"loc":{"start":{"line":14,"column":33},"end":{"line":213,"column":1}},"line":14},"1":{"name":"(anonymous_1)","decl":{"start":{"line":25,"column":23},"end":{"line":25,"column":24}},"loc":{"start":{"line":25,"column":36},"end":{"line":70,"column":3}},"line":25},"2":{"name":"(anonymous_2)","decl":{"start":{"line":72,"column":29},"end":{"line":72,"column":30}},"loc":{"start":{"line":72,"column":41},"end":{"line":93,"column":3}},"line":72},"3":{"name":"(anonymous_3)","decl":{"start":{"line":95,"column":27},"end":{"line":95,"column":28}},"loc":{"start":{"line":95,"column":41},"end":{"line":125,"column":3}},"line":95},"4":{"name":"(anonymous_4)","decl":{"start":{"line":116,"column":21},"end":{"line":116,"column":22}},"loc":{"start":{"line":116,"column":39},"end":{"line":121,"column":7}},"line":116},"5":{"name":"(anonymous_5)","decl":{"start":{"line":127,"column":31},"end":{"line":127,"column":32}},"loc":{"start":{"line":127,"column":38},"end":{"line":131,"column":3}},"line":127},"6":{"name":"(anonymous_6)","decl":{"start":{"line":133,"column":12},"end":{"line":133,"column":13}},"loc":{"start":{"line":133,"column":18},"end":{"line":139,"column":3}},"line":133},"7":{"name":"(anonymous_7)","decl":{"start":{"line":136,"column":11},"end":{"line":136,"column":12}},"loc":{"start":{"line":136,"column":17},"end":{"line":138,"column":5}},"line":136},"8":{"name":"(anonymous_8)","decl":{"start":{"line":177,"column":22},"end":{"line":177,"column":23}},"loc":{"start":{"line":177,"column":29},"end":{"line":177,"column":52}},"line":177},"9":{"name":"(anonymous_9)","decl":{"start":{"line":186,"column":22},"end":{"line":186,"column":23}},"loc":{"start":{"line":186,"column":29},"end":{"line":186,"column":53}},"line":186}},"branchMap":{"0":{"loc":{"start":{"line":29,"column":4},"end":{"line":32,"column":5}},"type":"if","locations":[{"start":{"line":29,"column":4},"end":{"line":32,"column":5}},{"start":{},"end":{}}],"line":29},"1":{"loc":{"start":{"line":44,"column":18},"end":{"line":44,"column":37}},"type":"binary-expr","locations":[{"start":{"line":44,"column":18},"end":{"line":44,"column":31}},{"start":{"line":44,"column":35},"end":{"line":44,"column":37}}],"line":44},"2":{"loc":{"start":{"line":53,"column":6},"end":{"line":65,"column":7}},"type":"switch","locations":[{"start":{"line":54,"column":8},"end":{"line":56,"column":16}},{"start":{"line":57,"column":8},"end":{"line":59,"column":16}},{"start":{"line":60,"column":8},"end":{"line":62,"column":16}},{"start":{"line":63,"column":8},"end":{"line":64,"column":54}}],"line":53},"3":{"loc":{"start":{"line":79,"column":14},"end":{"line":79,"column":36}},"type":"binary-expr","locations":[{"start":{"line":79,"column":14},"end":{"line":79,"column":30}},{"start":{"line":79,"column":34},"end":{"line":79,"column":36}}],"line":79},"4":{"loc":{"start":{"line":82,"column":18},"end":{"line":82,"column":37}},"type":"binary-expr","locations":[{"start":{"line":82,"column":18},"end":{"line":82,"column":31}},{"start":{"line":82,"column":35},"end":{"line":82,"column":37}}],"line":82},"5":{"loc":{"start":{"line":98,"column":4},"end":{"line":100,"column":5}},"type":"if","locations":[{"start":{"line":98,"column":4},"end":{"line":100,"column":5}},{"start":{},"end":{}}],"line":98},"6":{"loc":{"start":{"line":101,"column":4},"end":{"line":103,"column":5}},"type":"if","locations":[{"start":{"line":101,"column":4},"end":{"line":103,"column":5}},{"start":{},"end":{}}],"line":101},"7":{"loc":{"start":{"line":104,"column":4},"end":{"line":106,"column":5}},"type":"if","locations":[{"start":{"line":104,"column":4},"end":{"line":106,"column":5}},{"start":{},"end":{}}],"line":104},"8":{"loc":{"start":{"line":107,"column":4},"end":{"line":109,"column":5}},"type":"if","locations":[{"start":{"line":107,"column":4},"end":{"line":109,"column":5}},{"start":{},"end":{}}],"line":107},"9":{"loc":{"start":{"line":115,"column":4},"end":{"line":122,"column":5}},"type":"if","locations":[{"start":{"line":115,"column":4},"end":{"line":122,"column":5}},{"start":{},"end":{}}],"line":115},"10":{"loc":{"start":{"line":141,"column":2},"end":{"line":147,"column":3}},"type":"if","locations":[{"start":{"line":141,"column":2},"end":{"line":147,"column":3}},{"start":{},"end":{}}],"line":141}},"s":{"0":0,"1":0,"2":0,"3":0,"4":0,"5":0,"6":0,"7":0,"8":0,"9":0,"10":0,"11":0,"12":0,"13":0,"14":0,"15":0,"16":0,"17":0,"18":0,"19":0,"20":0,"21":0,"22":0,"23":0,"24":0,"25":0,"26":0,"27":0,"28":0,"29":0,"30":0,"31":0,"32":0,"33":0,"34":0,"35":0,"36":0,"37":0,"38":0,"39":0,"40":0,"41":0,"42":0,"43":0,"44":0,"45":0,"46":0,"47":0,"48":0,"49":0,"50":0,"51":0,"52":0,"53":0,"54":0,"55":0,"56":0,"57":0,"58":0,"59":0,"60":0,"61":0,"62":0,"63":0,"64":0,"65":0,"66":0,"67":0,"68":0,"69":0,"70":0},"f":{"0":0,"1":0,"2":0,"3":0,"4":0,"5":0,"6":0,"7":0,"8":0,"9":0},"b":{"0":[0,0],"1":[0,0],"2":[0,0,0,0],"3":[0,0],"4":[0,0],"5":[0,0],"6":[0,0],"7":[0,0],"8":[0,0],"9":[0,0],"10":[0,0]}}
,"C:\\Users\\dhava\\OneDrive\\Desktop\\SD Project\\const-arch-app\\frontend\\src\\pages\\uploadPage.jsx": {"path":"C:\\Users\\dhava\\OneDrive\\Desktop\\SD Project\\const-arch-app\\frontend\\src\\pages\\uploadPage.jsx","statementMap":{"0":{"start":{"line":4,"column":19},"end":{"line":13,"column":1}},"1":{"start":{"line":5,"column":2},"end":{"line":12,"column":4}}},"fnMap":{"0":{"name":"(anonymous_0)","decl":{"start":{"line":4,"column":19},"end":{"line":4,"column":20}},"loc":{"start":{"line":4,"column":25},"end":{"line":13,"column":1}},"line":4}},"branchMap":{},"s":{"0":0,"1":0},"f":{"0":0},"b":{}}
}
