TN:
SF:backend\db.js
FNF:0
FNH:0
DA:2,1
DA:4,1
DA:6,1
DA:10,1
DA:12,1
LF:5
LH:5
BRF:0
BRH:0
end_of_record
TN:
SF:backend\controllers\bookmarkController.js
FN:6,(anonymous_0)
FN:21,(anonymous_1)
FNF:2
FNH:2
FNDA:2,(anonymous_0)
FNDA:3,(anonymous_1)
DA:3,1
DA:6,1
DA:7,2
DA:8,2
DA:9,2
DA:10,2
DA:12,2
DA:13,2
DA:14,1
DA:16,1
DA:17,1
DA:21,1
DA:22,3
DA:23,3
DA:24,3
DA:25,1
DA:27,2
DA:28,1
DA:30,1
DA:31,1
DA:35,1
LF:21
LH:21
BRDA:24,0,0,1
BRDA:24,0,1,2
BRF:2
BRH:2
end_of_record
TN:
SF:backend\controllers\directoryController.js
FN:7,(anonymous_0)
FN:44,(anonymous_1)
FNF:2
FNH:2
FNDA:4,(anonymous_0)
FNDA:3,(anonymous_1)
DA:3,1
DA:7,1
DA:8,4
DA:9,4
DA:12,4
DA:13,1
DA:19,3
DA:22,3
DA:31,3
DA:33,2
DA:38,1
DA:39,1
DA:44,1
DA:45,3
DA:46,3
DA:47,3
DA:48,1
DA:51,2
DA:52,1
DA:56,1
DA:57,1
DA:61,1
LF:22
LH:22
BRDA:12,0,0,1
BRDA:12,0,1,3
BRDA:12,1,0,4
BRDA:12,1,1,4
BRDA:12,1,2,4
BRDA:12,1,3,3
BRDA:25,2,0,3
BRDA:25,2,1,2
BRDA:47,3,0,1
BRDA:47,3,1,2
BRF:10
BRH:10
end_of_record
TN:
SF:backend\controllers\settingsUpdate.js
FN:7,(anonymous_0)
FNF:1
FNH:1
FNDA:4,(anonymous_0)
DA:1,1
DA:2,1
DA:4,1
DA:5,1
DA:7,1
DA:8,4
DA:9,4
DA:11,4
DA:12,4
DA:13,4
DA:14,4
DA:15,4
DA:17,4
DA:18,1
DA:21,3
DA:23,2
DA:25,1
DA:26,1
DA:30,1
LF:19
LH:19
BRDA:13,0,0,1
BRDA:13,0,1,3
BRDA:14,1,0,1
BRDA:14,1,1,3
BRDA:15,2,0,2
BRDA:15,2,1,2
BRDA:17,3,0,1
BRDA:17,3,1,3
BRF:8
BRH:8
end_of_record
TN:
SF:backend\controllers\uploadController.js
FN:8,(anonymous_0)
FN:19,(anonymous_1)
FN:33,(anonymous_2)
FN:43,(anonymous_3)
FN:48,(anonymous_4)
FN:50,(anonymous_5)
FNF:6
FNH:6
FNDA:2,(anonymous_0)
FNDA:3,(anonymous_1)
FNDA:4,(anonymous_2)
FNDA:6,(anonymous_3)
FNDA:6,(anonymous_4)
FNDA:5,(anonymous_5)
DA:3,1
DA:6,1
DA:8,1
DA:9,2
DA:10,2
DA:11,2
DA:12,1
DA:14,1
DA:15,1
DA:19,1
DA:20,3
DA:21,3
DA:22,3
DA:23,1
DA:25,2
DA:26,1
DA:28,1
DA:29,1
DA:33,1
DA:34,4
DA:35,4
DA:37,4
DA:38,1
DA:41,3
DA:43,6
DA:48,2
DA:49,6
DA:50,5
DA:53,2
DA:56,1
DA:57,1
DA:61,1
LF:32
LH:32
BRDA:22,0,0,1
BRDA:22,0,1,2
BRDA:37,1,0,1
BRDA:37,1,1,3
BRDA:49,2,0,6
BRDA:49,2,1,5
BRF:6
BRH:6
end_of_record
TN:
SF:backend\controllers\userController.js
FN:5,(anonymous_0)
FN:34,(anonymous_1)
FN:59,(anonymous_2)
FN:88,(anonymous_3)
FNF:4
FNH:4
FNDA:3,(anonymous_0)
FNDA:5,(anonymous_1)
FNDA:3,(anonymous_2)
FNDA:3,(anonymous_3)
DA:3,1
DA:5,1
DA:6,3
DA:7,3
DA:8,3
DA:18,3
DA:19,3
DA:20,1
DA:23,2
DA:24,2
DA:26,2
DA:27,1
DA:29,1
DA:30,1
DA:34,1
DA:35,5
DA:36,5
DA:37,5
DA:39,5
DA:40,2
DA:43,3
DA:44,3
DA:46,3
DA:47,1
DA:50,2
DA:52,1
DA:54,1
DA:55,1
DA:59,1
DA:60,3
DA:61,3
DA:62,3
DA:64,3
DA:65,1
DA:68,2
DA:80,2
DA:81,1
DA:83,1
DA:84,1
DA:88,1
DA:89,3
DA:90,3
DA:92,3
DA:93,1
DA:96,2
DA:97,1
DA:99,1
DA:100,1
DA:106,1
LF:49
LH:49
BRDA:10,0,0,3
BRDA:10,0,1,1
BRDA:13,1,0,3
BRDA:13,1,1,3
BRDA:19,2,0,1
BRDA:19,2,1,2
BRDA:39,3,0,2
BRDA:39,3,1,3
BRDA:39,4,0,5
BRDA:39,4,1,5
BRDA:46,5,0,1
BRDA:46,5,1,2
BRDA:64,6,0,1
BRDA:64,6,1,2
BRDA:64,7,0,3
BRDA:64,7,1,3
BRDA:64,7,2,3
BRDA:70,8,0,2
BRDA:70,8,1,1
BRDA:72,9,0,2
BRDA:72,9,1,1
BRDA:73,10,0,2
BRDA:73,10,1,2
BRDA:74,11,0,2
BRDA:74,11,1,1
BRDA:92,12,0,1
BRDA:92,12,1,2
BRF:27
BRH:27
end_of_record
TN:
SF:backend\controllers\verifyToken.js
FN:4,(anonymous_0)
FNF:1
FNH:1
FNDA:4,(anonymous_0)
DA:2,1
DA:4,1
DA:5,4
DA:7,4
DA:8,2
DA:11,2
DA:13,2
DA:15,2
DA:17,2
DA:18,2
DA:22,1
LF:11
LH:11
BRDA:7,0,0,2
BRDA:7,0,1,2
BRDA:7,1,0,4
BRDA:7,1,1,3
BRF:4
BRH:4
end_of_record
TN:
SF:backend\models\bookmark.js
FN:2,(anonymous_0)
FNF:1
FNH:1
FNDA:1,(anonymous_0)
DA:3,1
DA:4,1
DA:5,1
DA:6,1
LF:4
LH:4
BRF:0
BRH:0
end_of_record
TN:
SF:backend\models\directory.js
FN:2,(anonymous_0)
FNF:1
FNH:1
FNDA:1,(anonymous_0)
DA:3,1
DA:4,1
DA:5,1
DA:6,1
DA:7,1
LF:5
LH:5
BRF:0
BRH:0
end_of_record
TN:
SF:backend\models\upload.js
FN:2,(anonymous_0)
FNF:1
FNH:1
FNDA:1,(anonymous_0)
DA:16,1
DA:17,1
DA:18,1
DA:19,1
DA:20,1
DA:22,1
DA:23,1
DA:24,1
DA:25,1
DA:26,1
DA:27,1
LF:11
LH:11
BRF:0
BRH:0
end_of_record
TN:
SF:backend\models\user.js
FN:2,(anonymous_0)
FNF:1
FNH:1
FNDA:1,(anonymous_0)
DA:3,1
DA:4,1
DA:5,1
DA:6,1
DA:7,1
DA:8,1
DA:9,1
LF:7
LH:7
BRF:0
BRH:0
end_of_record
TN:
SF:backend\routes\bookmark-routes.js
FNF:0
FNH:0
DA:1,1
DA:5,1
DA:7,1
DA:9,1
DA:10,1
DA:12,1
LF:6
LH:6
BRF:0
BRH:0
end_of_record
TN:
SF:backend\routes\directory-routes.js
FNF:0
FNH:0
DA:1,1
DA:5,1
DA:7,1
DA:9,1
DA:10,1
DA:12,1
LF:6
LH:6
BRF:0
BRH:0
end_of_record
TN:
SF:backend\routes\settings-routes.js
FNF:0
FNH:0
DA:2,1
DA:3,1
DA:5,1
DA:8,1
DA:10,1
LF:5
LH:5
BRF:0
BRH:0
end_of_record
TN:
SF:backend\routes\upload-routes.js
FNF:0
FNH:0
DA:1,1
DA:2,1
DA:4,1
DA:6,1
DA:7,1
DA:8,1
DA:10,1
LF:7
LH:7
BRF:0
BRH:0
end_of_record
TN:
SF:backend\routes\user-routes.js
FNF:0
FNH:0
DA:2,1
DA:3,1
DA:5,1
DA:7,1
DA:8,1
DA:9,1
DA:10,1
DA:12,1
LF:8
LH:8
BRF:0
BRH:0
end_of_record
TN:
SF:frontend\src\Firebase\authorisation.js
FN:20,(anonymous_0)
FN:27,signUpWithEmail
FN:62,signInWithEmail
FN:74,withProvider
FN:99,(anonymous_4)
FN:115,(anonymous_5)
FNF:6
FNH:6
FNDA:4,(anonymous_0)
FNDA:4,signUpWithEmail
FNDA:3,signInWithEmail
FNDA:4,withProvider
FNDA:2,(anonymous_4)
FNDA:3,(anonymous_5)
DA:18,12
DA:20,12
DA:28,4
DA:29,3
DA:31,2
DA:36,2
DA:38,2
DA:39,1
DA:42,2
DA:43,2
DA:44,0
DA:46,2
DA:47,2
DA:50,2
DA:52,2
DA:53,2
DA:54,2
DA:56,0
DA:59,2
DA:63,3
DA:64,2
DA:66,1
DA:71,1
DA:75,4
DA:76,4
DA:78,4
DA:79,1
DA:82,3
DA:83,3
DA:85,3
DA:86,2
DA:88,2
DA:89,2
DA:90,1
DA:92,1
DA:96,3
DA:99,12
DA:100,2
DA:101,2
DA:102,2
DA:103,1
DA:104,1
DA:105,1
DA:109,1
DA:111,1
DA:115,12
DA:116,3
DA:117,3
DA:118,3
DA:119,1
DA:123,1
DA:126,2
DA:127,1
DA:128,1
DA:133,2
DA:134,2
LF:56
LH:54
BRDA:18,0,0,12
BRDA:18,0,1,12
BRDA:22,1,0,4
BRDA:22,1,1,3
BRDA:24,2,0,4
BRDA:24,2,1,4
BRDA:28,3,0,1
BRDA:28,3,1,3
BRDA:29,4,0,1
BRDA:29,4,1,2
BRDA:38,5,0,1
BRDA:38,5,1,1
BRDA:63,6,0,1
BRDA:63,6,1,2
BRDA:64,7,0,1
BRDA:64,7,1,1
BRDA:78,8,0,1
BRDA:78,8,1,3
BRDA:78,9,0,4
BRDA:78,9,1,3
BRDA:85,10,0,2
BRDA:85,10,1,1
BRDA:118,11,0,1
BRDA:118,11,1,2
BRF:24
BRH:24
end_of_record
TN:
SF:frontend\src\Firebase\firebase.js
FNF:0
FNH:0
DA:10,13
DA:21,13
DA:23,13
DA:24,13
DA:25,13
DA:26,13
LF:6
LH:6
BRF:0
BRH:0
end_of_record
TN:
SF:frontend\src\components\BookMarksContent.jsx
FN:3,(anonymous_0)
FN:35,(anonymous_1)
FNF:2
FNH:2
FNDA:5,(anonymous_0)
FNDA:15,(anonymous_1)
DA:3,1
DA:4,5
DA:29,5
DA:36,15
LF:4
LH:4
BRF:0
BRH:0
end_of_record
TN:
SF:frontend\src\components\IconButton.jsx
FN:5,(anonymous_0)
FNF:1
FNH:1
FNDA:289,(anonymous_0)
DA:5,9
DA:14,289
DA:20,289
DA:21,70
DA:28,219
LF:5
LH:5
BRDA:10,0,0,282
BRDA:11,1,0,289
BRDA:15,2,0,289
BRDA:15,2,1,289
BRDA:20,3,0,70
BRDA:20,3,1,219
BRDA:20,4,0,289
BRDA:20,4,1,226
BRF:8
BRH:8
end_of_record
TN:
SF:frontend\src\components\InputField.jsx
FN:3,(anonymous_0)
FNF:1
FNH:1
FNDA:80,(anonymous_0)
DA:3,6
DA:12,80
LF:2
LH:2
BRDA:10,0,0,1
BRF:1
BRH:1
end_of_record
TN:
SF:frontend\src\components\InputImage.jsx
FN:6,handleFileChange
FN:17,InputImage
FN:26,(anonymous_2)
FN:29,(anonymous_3)
FN:54,(anonymous_4)
FNF:5
FNH:5
FNDA:4,handleFileChange
FNDA:15,InputImage
FNDA:4,(anonymous_2)
FNDA:11,(anonymous_3)
FNDA:1,(anonymous_4)
DA:7,4
DA:9,3
DA:10,3
DA:12,2
DA:13,1
DA:14,1
DA:18,15
DA:19,15
DA:21,15
DA:23,15
DA:26,4
DA:29,15
DA:30,11
DA:33,15
DA:54,1
LF:15
LH:15
BRDA:7,0,0,1
BRDA:7,0,1,3
BRDA:10,1,0,1
BRDA:10,1,1,2
BRDA:14,2,0,1
BRDA:14,2,1,1
BRDA:17,3,0,4
BRDA:21,4,0,15
BRDA:21,4,1,10
BRDA:23,5,0,4
BRDA:23,5,1,11
BRDA:30,6,0,11
BRDA:30,6,1,6
BRDA:36,7,0,13
BRDA:36,7,1,2
BRDA:37,8,0,13
BRDA:37,8,1,2
BRDA:48,9,0,15
BRDA:48,9,1,13
BRDA:60,10,0,15
BRDA:60,10,1,1
BRF:21
BRH:21
end_of_record
TN:
SF:frontend\src\components\NavigationComponent.jsx
FN:9,(anonymous_0)
FN:18,(anonymous_1)
FN:18,(anonymous_2)
FN:51,(anonymous_3)
FNF:4
FNH:4
FNDA:54,(anonymous_0)
FNDA:3,(anonymous_1)
FNDA:3,(anonymous_2)
FNDA:1,(anonymous_3)
DA:9,6
DA:10,54
DA:11,53
DA:12,41
DA:14,41
DA:18,3
DA:51,1
LF:7
LH:7
BRDA:23,0,0,41
BRDA:23,0,1,3
BRDA:33,1,0,3
BRDA:33,1,1,1
BRF:4
BRH:4
end_of_record
TN:
SF:frontend\src\components\NavigationDashLeft.jsx
FN:8,(anonymous_0)
FN:47,(anonymous_1)
FNF:2
FNH:2
FNDA:44,(anonymous_0)
FNDA:2,(anonymous_1)
DA:8,7
DA:9,44
DA:11,44
DA:12,44
DA:47,2
LF:5
LH:5
BRDA:28,0,0,44
BRDA:28,0,1,18
BRF:2
BRH:2
end_of_record
TN:
SF:frontend\src\components\PasswordInputField.jsx
FN:3,(anonymous_0)
FN:12,(anonymous_1)
FN:13,(anonymous_2)
FNF:3
FNH:3
FNDA:54,(anonymous_0)
FNDA:2,(anonymous_1)
FNDA:2,(anonymous_2)
DA:3,4
DA:10,54
DA:12,54
DA:13,2
DA:16,54
LF:5
LH:5
BRDA:8,0,0,5
BRDA:20,1,0,1
BRDA:20,1,1,53
BRDA:32,2,0,1
BRDA:32,2,1,53
BRF:5
BRH:5
end_of_record
TN:
SF:frontend\src\components\ThemeSwitch.jsx
FN:4,(anonymous_0)
FN:7,(anonymous_1)
FN:8,(anonymous_2)
FN:11,(anonymous_3)
FNF:4
FNH:4
FNDA:4,(anonymous_0)
FNDA:2,(anonymous_1)
FNDA:2,(anonymous_2)
FNDA:4,(anonymous_3)
DA:4,2
DA:5,4
DA:7,4
DA:8,2
DA:11,4
DA:12,4
DA:13,1
DA:15,3
DA:19,4
LF:9
LH:9
BRDA:12,0,0,1
BRDA:12,0,1,3
BRF:2
BRH:2
end_of_record
TN:
SF:frontend\src\components\DirectoryComponents\DirectoryBlock.jsx
FN:6,(anonymous_0)
FN:10,(anonymous_1)
FN:11,(anonymous_2)
FN:19,(anonymous_3)
FN:25,(anonymous_4)
FN:31,(anonymous_5)
FN:35,(anonymous_6)
FNF:7
FNH:3
FNDA:7,(anonymous_0)
FNDA:5,(anonymous_1)
FNDA:5,(anonymous_2)
FNDA:0,(anonymous_3)
FNDA:0,(anonymous_4)
FNDA:0,(anonymous_5)
FNDA:0,(anonymous_6)
DA:6,1
DA:7,7
DA:8,7
DA:10,7
DA:11,5
DA:12,5
DA:13,5
DA:14,5
DA:16,0
DA:19,0
DA:23,0
DA:25,0
DA:28,0
DA:31,0
DA:35,0
DA:37,0
DA:41,5
DA:44,7
LF:18
LH:10
BRDA:14,0,0,5
BRDA:14,0,1,0
BRDA:25,1,0,0
BRDA:25,1,1,0
BRDA:25,1,2,0
BRDA:35,2,0,0
BRDA:35,2,1,0
BRF:7
BRH:1
end_of_record
TN:
SF:frontend\src\components\DirectoryComponents\Dropzone.jsx
FN:5,(anonymous_0)
FN:8,(anonymous_1)
FN:9,(anonymous_2)
FN:15,(anonymous_3)
FN:44,(anonymous_4)
FNF:5
FNH:3
FNDA:1,(anonymous_0)
FNDA:1,(anonymous_1)
FNDA:1,(anonymous_2)
FNDA:0,(anonymous_3)
FNDA:0,(anonymous_4)
DA:5,1
DA:6,1
DA:8,1
DA:9,1
DA:10,1
DA:14,1
DA:16,0
DA:17,0
DA:18,0
DA:26,0
DA:35,1
DA:44,1
DA:46,1
LF:13
LH:9
BRDA:6,0,0,1
BRDA:6,0,1,1
BRDA:10,1,0,0
BRDA:10,1,1,1
BRDA:16,2,0,0
BRDA:16,2,1,0
BRDA:50,3,0,0
BRDA:50,3,1,1
BRDA:53,4,0,0
BRDA:53,4,1,1
BRDA:67,5,0,1
BRDA:67,5,1,0
BRDA:72,6,0,0
BRDA:72,6,1,0
BRDA:75,7,0,0
BRDA:75,7,1,0
BRF:16
BRH:6
end_of_record
TN:
SF:frontend\src\components\DirectoryComponents\FileUploadModal.jsx
FN:14,(anonymous_0)
FN:41,(anonymous_1)
FN:65,(anonymous_2)
FN:75,(anonymous_3)
FN:79,(anonymous_4)
FN:83,(anonymous_5)
FN:85,(anonymous_6)
FN:91,(anonymous_7)
FN:106,(anonymous_8)
FN:175,(anonymous_9)
FN:179,(anonymous_10)
FN:188,(anonymous_11)
FN:190,(anonymous_12)
FN:200,(anonymous_13)
FN:201,(anonymous_14)
FN:204,(anonymous_15)
FN:206,(anonymous_16)
FN:224,(anonymous_17)
FN:269,(anonymous_18)
FN:272,(anonymous_19)
FN:284,(anonymous_20)
FN:289,(anonymous_21)
FN:315,(anonymous_22)
FN:318,(anonymous_23)
FN:352,(anonymous_24)
FNF:25
FNH:14
FNDA:0,(anonymous_0)
FNDA:6,(anonymous_1)
FNDA:3,(anonymous_2)
FNDA:0,(anonymous_3)
FNDA:0,(anonymous_4)
FNDA:0,(anonymous_5)
FNDA:0,(anonymous_6)
FNDA:0,(anonymous_7)
FNDA:1,(anonymous_8)
FNDA:0,(anonymous_9)
FNDA:0,(anonymous_10)
FNDA:1,(anonymous_11)
FNDA:1,(anonymous_12)
FNDA:1,(anonymous_13)
FNDA:1,(anonymous_14)
FNDA:5,(anonymous_15)
FNDA:0,(anonymous_16)
FNDA:18,(anonymous_17)
FNDA:1,(anonymous_18)
FNDA:1,(anonymous_19)
FNDA:36,(anonymous_20)
FNDA:0,(anonymous_21)
FNDA:1,(anonymous_22)
FNDA:1,(anonymous_23)
FNDA:0,(anonymous_24)
DA:11,1
DA:27,0
DA:28,0
DA:29,0
DA:30,0
DA:31,0
DA:32,0
DA:33,0
DA:34,0
DA:35,0
DA:36,0
DA:37,0
DA:41,1
DA:49,6
DA:50,6
DA:51,6
DA:53,6
DA:65,6
DA:66,3
DA:67,0
DA:68,0
DA:69,0
DA:70,0
DA:71,0
DA:75,6
DA:76,0
DA:79,6
DA:80,0
DA:83,6
DA:84,0
DA:85,0
DA:91,6
DA:92,0
DA:93,0
DA:94,0
DA:96,0
DA:98,0
DA:99,0
DA:100,0
DA:102,0
DA:106,6
DA:107,1
DA:108,0
DA:109,0
DA:112,1
DA:113,1
DA:114,1
DA:115,1
DA:116,1
DA:118,1
DA:119,1
DA:121,0
DA:122,0
DA:124,0
DA:125,0
DA:128,0
DA:129,0
DA:131,0
DA:133,0
DA:148,0
DA:162,0
DA:163,0
DA:165,0
DA:166,0
DA:167,0
DA:169,0
DA:170,0
DA:171,0
DA:175,6
DA:176,0
DA:177,0
DA:178,0
DA:179,0
DA:180,0
DA:182,0
DA:184,0
DA:188,6
DA:189,1
DA:190,1
DA:191,1
DA:192,1
DA:193,0
DA:194,0
DA:195,0
DA:196,0
DA:200,6
DA:201,1
DA:204,6
DA:205,5
DA:206,1
DA:213,6
DA:225,18
DA:269,1
DA:273,1
DA:274,1
DA:275,1
DA:285,36
DA:286,36
DA:290,0
DA:316,1
DA:318,1
DA:353,0
LF:102
LH:42
BRDA:11,0,0,1
BRDA:11,0,1,1
BRDA:66,1,0,0
BRDA:66,1,1,3
BRDA:76,2,0,0
BRDA:76,2,1,0
BRDA:80,3,0,0
BRDA:80,3,1,0
BRDA:92,4,0,0
BRDA:92,4,1,0
BRDA:99,5,0,0
BRDA:99,5,1,0
BRDA:107,6,0,0
BRDA:107,6,1,1
BRDA:113,7,0,1
BRDA:113,7,1,0
BRDA:138,8,0,0
BRDA:138,8,1,0
BRDA:178,9,0,0
BRDA:178,9,1,0
BRDA:189,10,0,1
BRDA:189,10,1,0
BRDA:189,11,0,1
BRDA:189,11,1,1
BRDA:189,11,2,1
BRDA:193,12,0,0
BRDA:193,12,1,0
BRDA:195,13,0,0
BRDA:195,13,1,0
BRDA:205,14,0,1
BRDA:205,14,1,4
BRDA:228,15,0,6
BRDA:228,15,1,12
BRDA:236,16,0,6
BRDA:236,16,1,1
BRDA:247,17,0,6
BRDA:247,17,1,4
BRDA:257,18,0,4
BRDA:257,18,1,4
BRDA:257,18,2,0
BRDA:273,19,0,1
BRDA:273,19,1,0
BRDA:273,20,0,1
BRDA:273,20,1,1
BRDA:290,21,0,0
BRDA:290,21,1,0
BRDA:293,22,0,1
BRDA:293,22,1,35
BRDA:301,23,0,1
BRDA:301,23,1,35
BRDA:311,24,0,4
BRDA:311,24,1,1
BRDA:338,25,0,6
BRDA:338,25,1,1
BRDA:344,26,0,1
BRDA:344,26,1,0
BRDA:344,26,2,0
BRDA:387,27,0,6
BRDA:387,27,1,5
BRDA:390,28,0,6
BRDA:390,28,1,5
BRF:61
BRH:35
end_of_record
TN:
SF:frontend\src\components\DirectoryComponents\ShowItems.jsx
FN:3,(anonymous_0)
FN:8,(anonymous_1)
FNF:2
FNH:1
FNDA:14,(anonymous_0)
FNDA:0,(anonymous_1)
DA:3,1
DA:4,14
DA:9,0
LF:3
LH:2
BRF:0
BRH:0
end_of_record
TN:
SF:frontend\src\pages\EmailLinkHandler.jsx
FN:8,EmailLinkHandler
FN:13,(anonymous_1)
FN:14,(anonymous_2)
FNF:3
FNH:3
FNDA:9,EmailLinkHandler
FNDA:9,(anonymous_1)
FNDA:9,(anonymous_2)
DA:9,9
DA:10,9
DA:11,9
DA:13,9
DA:14,9
DA:15,9
DA:16,7
DA:18,7
DA:19,3
DA:22,7
DA:23,7
DA:24,4
DA:25,4
DA:26,3
DA:27,0
DA:29,7
DA:30,7
DA:31,0
DA:34,1
DA:35,0
DA:39,9
DA:42,9
LF:22
LH:19
BRDA:15,0,0,7
BRDA:15,0,1,1
BRDA:18,1,0,3
BRDA:18,1,1,4
BRF:4
BRH:4
end_of_record
TN:
SF:frontend\src\pages\bookmarks.jsx
FN:18,(anonymous_0)
FN:25,(anonymous_1)
FN:29,(anonymous_2)
FN:41,(anonymous_3)
FN:45,(anonymous_4)
FN:68,(anonymous_5)
FN:77,(anonymous_6)
FN:86,(anonymous_7)
FN:95,(anonymous_8)
FN:95,(anonymous_9)
FN:117,(anonymous_10)
FN:123,(anonymous_11)
FN:137,(anonymous_12)
FN:150,(anonymous_13)
FNF:14
FNH:3
FNDA:3,(anonymous_0)
FNDA:3,(anonymous_1)
FNDA:1,(anonymous_2)
FNDA:0,(anonymous_3)
FNDA:0,(anonymous_4)
FNDA:0,(anonymous_5)
FNDA:0,(anonymous_6)
FNDA:0,(anonymous_7)
FNDA:0,(anonymous_8)
FNDA:0,(anonymous_9)
FNDA:0,(anonymous_10)
FNDA:0,(anonymous_11)
FNDA:0,(anonymous_12)
FNDA:0,(anonymous_13)
DA:18,1
DA:19,3
DA:20,3
DA:21,3
DA:22,3
DA:23,3
DA:25,3
DA:26,3
DA:27,2
DA:29,1
DA:30,1
DA:31,1
DA:32,1
DA:33,1
DA:35,0
DA:36,0
DA:37,0
DA:39,0
DA:40,0
DA:41,0
DA:45,0
DA:46,0
DA:48,0
DA:50,0
DA:53,0
DA:56,0
DA:57,0
DA:59,0
DA:60,0
DA:64,1
DA:68,3
DA:69,0
DA:70,0
DA:71,0
DA:72,0
DA:73,0
DA:74,0
DA:77,3
DA:78,0
DA:79,0
DA:86,3
DA:87,0
DA:89,0
DA:90,0
DA:91,0
DA:95,0
DA:96,0
DA:98,0
DA:99,0
DA:103,3
DA:118,0
DA:119,0
DA:123,0
DA:138,0
DA:151,0
DA:152,0
LF:56
LH:19
BRDA:26,0,0,2
BRDA:26,0,1,1
BRDA:35,1,0,0
BRDA:35,1,1,0
BRDA:36,2,0,0
BRDA:36,2,1,0
BRDA:39,3,0,0
BRDA:39,3,1,0
BRDA:70,4,0,0
BRDA:70,4,1,0
BRDA:71,5,0,0
BRDA:71,5,1,0
BRDA:72,6,0,0
BRDA:72,6,1,0
BRDA:73,7,0,0
BRDA:73,7,1,0
BRDA:87,8,0,0
BRDA:87,8,1,0
BRDA:113,9,0,3
BRDA:113,9,1,0
BRDA:115,10,0,0
BRDA:115,10,1,0
BRF:22
BRH:3
end_of_record
TN:
SF:frontend\src\pages\dashboard.jsx
FN:14,(anonymous_0)
FNF:1
FNH:1
FNDA:2,(anonymous_0)
DA:14,1
DA:15,2
DA:16,2
DA:17,2
DA:19,2
DA:20,1
DA:22,1
LF:7
LH:7
BRDA:19,0,0,1
BRDA:19,0,1,1
BRDA:20,1,0,0
BRDA:20,1,1,1
BRF:4
BRH:3
end_of_record
TN:
SF:frontend\src\pages\directory.jsx
FN:13,(anonymous_0)
FN:24,(anonymous_1)
FN:25,(anonymous_2)
FNF:3
FNH:3
FNDA:9,(anonymous_0)
FNDA:1,(anonymous_1)
FNDA:1,(anonymous_2)
DA:13,1
DA:14,9
DA:15,9
DA:16,9
DA:17,9
DA:18,9
DA:19,9
DA:21,9
DA:22,8
DA:24,7
DA:25,7
DA:26,1
DA:27,1
DA:28,1
DA:31,7
LF:15
LH:15
BRDA:21,0,0,1
BRDA:21,0,1,8
BRDA:22,1,0,1
BRDA:22,1,1,7
BRF:4
BRH:4
end_of_record
TN:
SF:frontend\src\pages\editDetails.jsx
FN:13,EditUploadDetails
FN:28,(anonymous_1)
FN:29,(anonymous_2)
FN:58,(anonymous_3)
FN:70,(anonymous_4)
FN:101,(anonymous_5)
FN:102,(anonymous_6)
FN:103,(anonymous_7)
FN:104,(anonymous_8)
FN:105,(anonymous_9)
FN:106,(anonymous_10)
FN:107,(anonymous_11)
FN:115,(anonymous_12)
FNF:13
FNH:3
FNDA:20,EditUploadDetails
FNDA:7,(anonymous_1)
FNDA:7,(anonymous_2)
FNDA:0,(anonymous_3)
FNDA:0,(anonymous_4)
FNDA:0,(anonymous_5)
FNDA:0,(anonymous_6)
FNDA:0,(anonymous_7)
FNDA:0,(anonymous_8)
FNDA:0,(anonymous_9)
FNDA:0,(anonymous_10)
FNDA:0,(anonymous_11)
FNDA:0,(anonymous_12)
DA:14,20
DA:15,20
DA:16,20
DA:18,19
DA:19,19
DA:20,19
DA:21,19
DA:22,19
DA:23,19
DA:24,19
DA:25,19
DA:26,19
DA:28,19
DA:29,7
DA:30,7
DA:31,7
DA:32,7
DA:33,6
DA:34,5
DA:35,5
DA:36,5
DA:37,5
DA:38,5
DA:39,5
DA:40,5
DA:41,5
DA:42,5
DA:43,5
DA:45,1
DA:46,1
DA:49,1
DA:51,7
DA:55,7
DA:58,19
DA:59,0
DA:60,0
DA:61,0
DA:62,0
DA:70,0
DA:73,0
DA:74,0
DA:76,0
DA:80,19
DA:81,7
DA:90,12
DA:101,0
DA:102,0
DA:103,0
DA:104,0
DA:105,0
DA:106,0
DA:107,0
DA:115,0
LF:53
LH:37
BRDA:33,0,0,5
BRDA:33,0,1,1
BRDA:35,1,0,5
BRDA:35,1,1,0
BRDA:36,2,0,5
BRDA:36,2,1,0
BRDA:37,3,0,5
BRDA:37,3,1,0
BRDA:38,4,0,5
BRDA:38,4,1,0
BRDA:39,5,0,5
BRDA:39,5,1,0
BRDA:40,6,0,5
BRDA:40,6,1,0
BRDA:41,7,0,5
BRDA:41,7,1,0
BRDA:42,8,0,5
BRDA:42,8,1,0
BRDA:43,9,0,5
BRDA:43,9,1,0
BRDA:80,10,0,7
BRDA:80,10,1,12
BRF:22
BRH:13
end_of_record
TN:
SF:frontend\src\pages\editUpload.jsx
FN:15,EditUpload
FN:22,(anonymous_1)
FN:29,(anonymous_2)
FN:117,(anonymous_3)
FN:118,(anonymous_4)
FN:152,(anonymous_5)
FN:177,(anonymous_6)
FN:190,(anonymous_7)
FNF:8
FNH:0
FNDA:0,EditUpload
FNDA:0,(anonymous_1)
FNDA:0,(anonymous_2)
FNDA:0,(anonymous_3)
FNDA:0,(anonymous_4)
FNDA:0,(anonymous_5)
FNDA:0,(anonymous_6)
FNDA:0,(anonymous_7)
DA:16,0
DA:17,0
DA:18,0
DA:19,0
DA:20,0
DA:22,0
DA:23,0
DA:24,0
DA:25,0
DA:26,0
DA:29,0
DA:30,0
DA:31,0
DA:32,0
DA:33,0
DA:35,0
DA:36,0
DA:37,0
DA:43,0
DA:45,0
DA:48,0
DA:50,0
DA:51,0
DA:55,0
DA:58,0
DA:59,0
DA:71,0
DA:72,0
DA:79,0
DA:117,0
DA:118,0
DA:119,0
DA:120,0
DA:123,0
DA:124,0
DA:131,0
DA:152,0
DA:153,0
DA:178,0
DA:190,0
DA:191,0
LF:41
LH:0
BRDA:23,0,0,0
BRDA:23,0,1,0
BRDA:35,1,0,0
BRDA:35,1,1,0
BRDA:41,2,0,0
BRDA:41,2,1,0
BRDA:58,3,0,0
BRDA:58,3,1,0
BRDA:71,4,0,0
BRDA:71,4,1,0
BRDA:123,5,0,0
BRDA:123,5,1,0
BRDA:135,6,0,0
BRDA:135,6,1,0
BRDA:158,7,0,0
BRDA:158,7,1,0
BRDA:165,8,0,0
BRDA:165,8,1,0
BRDA:166,9,0,0
BRDA:166,9,1,0
BRDA:169,10,0,0
BRDA:169,10,1,0
BRDA:171,11,0,0
BRDA:171,11,1,0
BRDA:176,12,0,0
BRDA:176,12,1,0
BRF:26
BRH:0
end_of_record
TN:
SF:frontend\src\pages\home.jsx
FN:7,Home
FN:8,(anonymous_1)
FN:11,(anonymous_2)
FNF:3
FNH:3
FNDA:3,Home
FNDA:3,(anonymous_1)
FNDA:3,(anonymous_2)
DA:8,3
DA:9,3
DA:11,3
DA:12,3
DA:15,3
LF:5
LH:5
BRF:0
BRH:0
end_of_record
TN:
SF:frontend\src\pages\manageUploads.jsx
FN:15,ManageUploads
FN:23,(anonymous_1)
FN:33,(anonymous_2)
FN:33,(anonymous_3)
FN:41,(anonymous_4)
FN:42,(anonymous_5)
FN:64,(anonymous_6)
FN:139,(anonymous_7)
FN:143,(anonymous_8)
FNF:9
FNH:0
FNDA:0,ManageUploads
FNDA:0,(anonymous_1)
FNDA:0,(anonymous_2)
FNDA:0,(anonymous_3)
FNDA:0,(anonymous_4)
FNDA:0,(anonymous_5)
FNDA:0,(anonymous_6)
FNDA:0,(anonymous_7)
FNDA:0,(anonymous_8)
DA:16,0
DA:17,0
DA:18,0
DA:19,0
DA:20,0
DA:21,0
DA:23,0
DA:24,0
DA:26,0
DA:27,0
DA:31,0
DA:33,0
DA:34,0
DA:36,0
DA:37,0
DA:41,0
DA:42,0
DA:43,0
DA:45,0
DA:46,0
DA:47,0
DA:48,0
DA:49,0
DA:52,0
DA:53,0
DA:54,0
DA:55,0
DA:57,0
DA:58,0
DA:59,0
DA:61,0
DA:62,0
DA:63,0
DA:64,0
DA:65,0
DA:66,0
DA:72,0
DA:73,0
DA:74,0
DA:77,0
DA:78,0
DA:81,0
DA:82,0
DA:84,0
DA:88,0
DA:91,0
DA:92,0
DA:103,0
DA:104,0
DA:110,0
DA:140,0
DA:143,0
LF:52
LH:0
BRDA:24,0,0,0
BRDA:24,0,1,0
BRDA:31,1,0,0
BRDA:31,1,1,0
BRDA:45,2,0,0
BRDA:45,2,1,0
BRDA:57,3,0,0
BRDA:57,3,1,0
BRDA:61,4,0,0
BRDA:61,4,1,0
BRDA:91,5,0,0
BRDA:91,5,1,0
BRDA:103,6,0,0
BRDA:103,6,1,0
BRDA:126,7,0,0
BRDA:126,7,1,0
BRDA:152,8,0,0
BRDA:152,8,1,0
BRF:18
BRH:0
end_of_record
TN:
SF:frontend\src\pages\manageUsers.jsx
FN:21,(anonymous_0)
FN:28,(anonymous_1)
FN:30,(anonymous_2)
FN:35,(anonymous_3)
FN:54,(anonymous_4)
FN:59,(anonymous_5)
FN:60,(anonymous_6)
FN:103,(anonymous_7)
FN:114,(anonymous_8)
FNF:9
FNH:5
FNDA:18,(anonymous_0)
FNDA:10,(anonymous_1)
FNDA:9,(anonymous_2)
FNDA:14,(anonymous_3)
FNDA:0,(anonymous_4)
FNDA:0,(anonymous_5)
FNDA:0,(anonymous_6)
FNDA:12,(anonymous_7)
FNDA:0,(anonymous_8)
DA:21,1
DA:22,18
DA:23,18
DA:24,18
DA:25,18
DA:26,18
DA:28,18
DA:29,10
DA:30,9
DA:31,9
DA:32,9
DA:33,9
DA:34,9
DA:35,14
DA:39,8
DA:40,8
DA:41,8
DA:43,1
DA:44,1
DA:46,9
DA:50,9
DA:54,18
DA:55,0
DA:56,0
DA:57,0
DA:59,0
DA:60,0
DA:61,0
DA:65,0
DA:69,0
DA:70,0
DA:74,18
DA:104,12
DA:115,0
LF:34
LH:24
BRDA:29,0,0,9
BRDA:29,0,1,1
BRDA:61,1,0,0
BRDA:61,1,1,0
BRDA:66,2,0,0
BRDA:66,2,1,0
BRDA:90,3,0,18
BRDA:90,3,1,17
BRDA:90,3,2,1
BRDA:94,4,0,18
BRDA:94,4,1,17
BRDA:94,4,2,16
BRDA:94,4,3,8
BRDA:94,4,4,6
BRDA:122,5,0,6
BRDA:122,5,1,6
BRF:16
BRH:12
end_of_record
TN:
SF:frontend\src\pages\search.jsx
FN:13,(anonymous_0)
FN:22,(anonymous_1)
FN:23,(anonymous_2)
FN:26,(anonymous_3)
FN:42,(anonymous_4)
FN:52,(anonymous_5)
FN:55,(anonymous_6)
FN:64,(anonymous_7)
FN:73,(anonymous_8)
FN:101,(anonymous_9)
FN:138,(anonymous_10)
FN:147,(anonymous_11)
FN:156,(anonymous_12)
FN:159,(anonymous_13)
FN:172,(anonymous_14)
FN:178,(anonymous_15)
FN:192,(anonymous_16)
FN:201,(anonymous_17)
FNF:18
FNH:14
FNDA:9,(anonymous_0)
FNDA:4,(anonymous_1)
FNDA:4,(anonymous_2)
FNDA:8,(anonymous_3)
FNDA:3,(anonymous_4)
FNDA:8,(anonymous_5)
FNDA:8,(anonymous_6)
FNDA:3,(anonymous_7)
FNDA:1,(anonymous_8)
FNDA:0,(anonymous_9)
FNDA:1,(anonymous_10)
FNDA:1,(anonymous_11)
FNDA:0,(anonymous_12)
FNDA:0,(anonymous_13)
FNDA:3,(anonymous_14)
FNDA:0,(anonymous_15)
FNDA:3,(anonymous_16)
FNDA:1,(anonymous_17)
DA:13,1
DA:14,9
DA:15,9
DA:16,9
DA:17,9
DA:18,9
DA:19,9
DA:20,9
DA:22,9
DA:23,4
DA:24,4
DA:25,4
DA:26,8
DA:30,4
DA:32,0
DA:33,0
DA:35,4
DA:39,4
DA:42,9
DA:43,3
DA:44,3
DA:45,0
DA:46,0
DA:47,0
DA:48,0
DA:51,9
DA:52,8
DA:55,9
DA:56,8
DA:60,8
DA:61,8
DA:64,9
DA:65,3
DA:66,3
DA:73,9
DA:74,1
DA:75,1
DA:76,1
DA:79,0
DA:80,0
DA:81,0
DA:83,0
DA:85,0
DA:90,0
DA:95,0
DA:97,0
DA:98,0
DA:101,0
DA:102,0
DA:103,0
DA:111,0
DA:112,0
DA:114,0
DA:115,0
DA:120,9
DA:138,1
DA:147,1
DA:156,0
DA:160,0
DA:173,3
DA:174,3
DA:178,0
DA:193,3
DA:202,1
DA:203,1
LF:65
LH:40
BRDA:44,0,0,3
BRDA:44,0,1,0
BRDA:45,1,0,0
BRDA:45,1,1,0
BRDA:46,2,0,0
BRDA:46,2,1,0
BRDA:47,3,0,0
BRDA:47,3,1,0
BRDA:52,4,0,8
BRDA:52,4,1,0
BRDA:60,5,0,8
BRDA:60,5,1,0
BRDA:60,6,0,0
BRDA:60,6,1,0
BRDA:61,7,0,8
BRDA:61,7,1,6
BRDA:61,7,2,6
BRDA:74,8,0,1
BRDA:74,8,1,0
BRDA:83,9,0,0
BRDA:83,9,1,0
BRDA:112,10,0,0
BRDA:112,10,1,0
BRDA:151,11,0,9
BRDA:151,11,1,1
BRDA:168,12,0,5
BRDA:168,12,1,4
BRDA:170,13,0,3
BRDA:170,13,1,1
BRF:29
BRH:13
end_of_record
TN:
SF:frontend\src\pages\settings.jsx
FN:19,(anonymous_0)
FN:31,(anonymous_1)
FN:38,(anonymous_2)
FN:40,(anonymous_3)
FN:45,(anonymous_4)
FN:157,(anonymous_5)
FN:169,(anonymous_6)
FN:179,(anonymous_7)
FN:189,(anonymous_8)
FN:199,(anonymous_9)
FNF:10
FNH:7
FNDA:8,(anonymous_0)
FNDA:4,(anonymous_1)
FNDA:4,(anonymous_2)
FNDA:4,(anonymous_3)
FNDA:3,(anonymous_4)
FNDA:0,(anonymous_5)
FNDA:1,(anonymous_6)
FNDA:0,(anonymous_7)
FNDA:0,(anonymous_8)
FNDA:1,(anonymous_9)
DA:19,1
DA:20,8
DA:21,8
DA:22,8
DA:24,8
DA:25,8
DA:26,8
DA:27,8
DA:29,8
DA:31,8
DA:32,4
DA:33,4
DA:34,4
DA:38,8
DA:39,4
DA:40,4
DA:41,4
DA:45,8
DA:46,3
DA:48,3
DA:49,1
DA:50,1
DA:53,2
DA:54,2
DA:55,2
DA:59,2
DA:60,0
DA:61,0
DA:62,0
DA:63,0
DA:64,0
DA:65,0
DA:68,0
DA:69,0
DA:71,0
DA:72,0
DA:73,0
DA:77,2
DA:78,1
DA:81,2
DA:82,2
DA:83,0
DA:84,0
DA:88,2
DA:93,2
DA:94,1
DA:95,0
DA:98,1
DA:100,1
DA:101,1
DA:110,1
DA:112,1
DA:113,1
DA:115,0
DA:117,1
DA:120,1
DA:123,1
DA:125,1
DA:126,1
DA:130,1
DA:135,1
DA:136,1
DA:138,1
DA:142,8
DA:144,8
DA:157,0
DA:169,1
DA:179,0
DA:189,0
DA:199,1
LF:70
LH:52
BRDA:24,0,0,8
BRDA:24,0,1,0
BRDA:25,1,0,8
BRDA:25,1,1,0
BRDA:32,2,0,4
BRDA:32,2,1,0
BRDA:33,3,0,4
BRDA:33,3,1,0
BRDA:34,4,0,4
BRDA:34,4,1,0
BRDA:48,5,0,1
BRDA:48,5,1,2
BRDA:48,6,0,3
BRDA:48,6,1,1
BRDA:59,7,0,0
BRDA:59,7,1,2
BRDA:77,8,0,1
BRDA:77,8,1,1
BRDA:77,9,0,2
BRDA:77,9,1,2
BRDA:81,10,0,0
BRDA:81,10,1,2
BRDA:81,11,0,2
BRDA:81,11,1,2
BRDA:82,12,0,0
BRDA:82,12,1,2
BRDA:82,13,0,2
BRDA:82,13,1,0
BRDA:88,14,0,2
BRDA:88,14,1,2
BRDA:88,14,2,1
BRDA:88,14,3,1
BRDA:88,14,4,1
BRDA:88,14,5,1
BRDA:88,14,6,0
BRDA:93,15,0,1
BRDA:93,15,1,1
BRDA:117,16,0,0
BRDA:117,16,1,1
BRDA:117,17,0,0
BRDA:117,17,1,0
BRDA:125,18,0,1
BRDA:125,18,1,0
BRDA:125,19,0,1
BRDA:125,19,1,1
BRDA:142,20,0,0
BRDA:142,20,1,8
BRF:47
BRH:32
end_of_record
TN:
SF:frontend\src\pages\signIn.jsx
FN:13,SigninPage
FN:20,(anonymous_1)
FN:30,(anonymous_2)
FN:37,(anonymous_3)
FN:52,(anonymous_4)
FN:54,(anonymous_5)
FN:66,(anonymous_6)
FN:68,(anonymous_7)
FN:103,(anonymous_8)
FN:109,(anonymous_9)
FN:121,(anonymous_10)
FNF:11
FNH:10
FNDA:20,SigninPage
FNDA:3,(anonymous_1)
FNDA:3,(anonymous_2)
FNDA:2,(anonymous_3)
FNDA:1,(anonymous_4)
FNDA:1,(anonymous_5)
FNDA:7,(anonymous_6)
FNDA:7,(anonymous_7)
FNDA:3,(anonymous_8)
FNDA:3,(anonymous_9)
FNDA:0,(anonymous_10)
DA:14,20
DA:15,20
DA:16,20
DA:17,20
DA:18,20
DA:20,20
DA:21,3
DA:22,2
DA:23,1
DA:24,1
DA:26,1
DA:27,1
DA:30,20
DA:31,3
DA:32,3
DA:34,3
DA:38,2
DA:39,2
DA:40,1
DA:41,1
DA:42,1
DA:44,0
DA:46,2
DA:47,2
DA:52,20
DA:53,1
DA:55,1
DA:56,1
DA:66,20
DA:67,7
DA:68,7
DA:69,7
DA:73,20
DA:103,3
DA:109,3
DA:121,0
LF:36
LH:34
BRDA:22,0,0,1
BRDA:22,0,1,1
BRDA:39,1,0,1
BRDA:39,1,1,1
BRDA:41,2,0,1
BRDA:41,2,1,0
BRDA:113,3,0,20
BRDA:113,3,1,2
BRF:8
BRH:7
end_of_record
TN:
SF:frontend\src\pages\signUp.jsx
FN:14,SignUp
FN:25,(anonymous_1)
FN:72,(anonymous_2)
FN:95,(anonymous_3)
FN:116,(anonymous_4)
FN:127,(anonymous_5)
FN:133,(anonymous_6)
FN:136,(anonymous_7)
FN:177,(anonymous_8)
FN:186,(anonymous_9)
FNF:10
FNH:10
FNDA:22,SignUp
FNDA:2,(anonymous_1)
FNDA:1,(anonymous_2)
FNDA:5,(anonymous_3)
FNDA:3,(anonymous_4)
FNDA:3,(anonymous_5)
FNDA:6,(anonymous_6)
FNDA:6,(anonymous_7)
FNDA:2,(anonymous_8)
FNDA:2,(anonymous_9)
DA:15,22
DA:16,22
DA:17,22
DA:18,22
DA:19,22
DA:20,22
DA:21,22
DA:23,22
DA:25,22
DA:26,2
DA:28,2
DA:29,2
DA:30,0
DA:31,0
DA:34,2
DA:35,2
DA:36,2
DA:38,1
DA:39,1
DA:49,0
DA:50,0
DA:52,1
DA:53,1
DA:55,0
DA:56,0
DA:58,1
DA:59,1
DA:61,0
DA:62,0
DA:64,0
DA:66,1
DA:67,1
DA:69,1
DA:72,22
DA:73,1
DA:74,1
DA:76,1
DA:77,1
DA:87,0
DA:88,0
DA:90,0
DA:91,0
DA:95,22
DA:96,5
DA:98,5
DA:99,1
DA:101,5
DA:102,1
DA:104,5
DA:105,0
DA:107,5
DA:108,1
DA:111,5
DA:113,5
DA:115,5
DA:116,1
DA:117,3
DA:124,5
DA:127,22
DA:128,3
DA:129,3
DA:130,3
DA:133,22
DA:134,6
DA:136,6
DA:137,6
DA:141,22
DA:142,2
DA:149,20
DA:177,2
DA:186,2
LF:71
LH:57
BRDA:29,0,0,0
BRDA:29,0,1,2
BRDA:44,1,0,1
BRDA:44,1,1,1
BRDA:53,2,0,0
BRDA:53,2,1,1
BRDA:53,2,2,0
BRDA:53,2,3,0
BRDA:79,3,0,1
BRDA:79,3,1,0
BRDA:82,4,0,1
BRDA:82,4,1,1
BRDA:98,5,0,1
BRDA:98,5,1,4
BRDA:101,6,0,1
BRDA:101,6,1,4
BRDA:104,7,0,0
BRDA:104,7,1,5
BRDA:107,8,0,1
BRDA:107,8,1,4
BRDA:115,9,0,1
BRDA:115,9,1,4
BRDA:141,10,0,2
BRDA:141,10,1,20
BRF:24
BRH:18
end_of_record
TN:
SF:frontend\src\pages\uploadPage.jsx
FN:4,(anonymous_0)
FNF:1
FNH:1
FNDA:1,(anonymous_0)
DA:4,1
DA:5,1
LF:2
LH:2
BRF:0
BRH:0
end_of_record
